<?xml version="1.0" encoding="UTF-8"?>
<coverage generated="1783362084127" clover="3.2.0">
  <project timestamp="1783362084127" name="All files">
    <metrics statements="903" coveredstatements="631" conditionals="710" coveredconditionals="395" methods="352" coveredmethods="201" elements="1965" coveredelements="1227" complexity="0" loc="903" ncloc="903" packages="6" files="20" classes="20"/>
    <package name="src">
      <metrics statements="21" coveredstatements="16" conditionals="20" coveredconditionals="20" methods="5" coveredmethods="4"/>
      <file name="App.jsx" path="/home/mirukibs/Development/FleetFuel/Frontend/src/App.jsx">
        <metrics statements="21" coveredstatements="16" conditionals="20" coveredconditionals="20" methods="5" coveredmethods="4"/>
        <line num="14" count="1" type="stmt"/>
        <line num="16" count="1" type="stmt"/>
        <line num="21" count="1" type="stmt"/>
        <line num="26" count="1" type="stmt"/>
        <line num="27" count="3" type="stmt"/>
        <line num="28" count="3" type="cond" truecount="2" falsecount="0"/>
        <line num="30" count="0" type="stmt"/>
        <line num="35" count="5" type="stmt"/>
        <line num="36" count="5" type="cond" truecount="2" falsecount="0"/>
        <line num="37" count="5" type="cond" truecount="2" falsecount="0"/>
        <line num="39" count="5" type="stmt"/>
        <line num="40" count="2" type="stmt"/>
        <line num="41" count="2" type="stmt"/>
        <line num="44" count="5" type="stmt"/>
        <line num="45" count="0" type="stmt"/>
        <line num="46" count="0" type="stmt"/>
        <line num="50" count="0" type="stmt"/>
        <line num="51" count="0" type="stmt"/>
        <line num="55" count="5" type="cond" truecount="4" falsecount="0"/>
        <line num="56" count="3" type="stmt"/>
        <line num="66" count="2" type="stmt"/>
      </file>
    </package>
    <package name="src.componets.layout">
      <metrics statements="17" coveredstatements="15" conditionals="16" coveredconditionals="13" methods="12" coveredmethods="10"/>
      <file name="AppShell.jsx" path="/home/mirukibs/Development/FleetFuel/Frontend/src/componets/layout/AppShell.jsx">
        <metrics statements="4" coveredstatements="2" conditionals="0" coveredconditionals="0" methods="3" coveredmethods="1"/>
        <line num="6" count="2" type="stmt"/>
        <line num="8" count="2" type="stmt"/>
        <line num="10" count="0" type="stmt"/>
        <line num="13" count="0" type="stmt"/>
      </file>
      <file name="Sidebar.jsx" path="/home/mirukibs/Development/FleetFuel/Frontend/src/componets/layout/Sidebar.jsx">
        <metrics statements="7" coveredstatements="7" conditionals="10" coveredconditionals="8" methods="6" coveredmethods="6"/>
        <line num="5" count="1" type="stmt"/>
        <line num="14" count="8" type="stmt"/>
        <line num="19" count="8" type="stmt"/>
        <line num="29" count="8" type="stmt"/>
        <line num="41" count="10" type="stmt"/>
        <line num="43" count="2" type="stmt"/>
        <line num="78" count="8" type="stmt"/>
      </file>
      <file name="Topbar.jsx" path="/home/mirukibs/Development/FleetFuel/Frontend/src/componets/layout/Topbar.jsx">
        <metrics statements="6" coveredstatements="6" conditionals="6" coveredconditionals="5" methods="3" coveredmethods="3"/>
        <line num="5" count="2" type="cond" truecount="2" falsecount="0"/>
        <line num="7" count="1" type="cond" truecount="1" falsecount="0"/>
        <line num="8" count="2" type="cond" truecount="1" falsecount="0"/>
        <line num="9" count="2" type="stmt"/>
        <line num="13" count="2" type="stmt"/>
        <line num="15" count="2" type="stmt"/>
      </file>
    </package>
    <package name="src.componets.ui">
      <metrics statements="55" coveredstatements="55" conditionals="3" coveredconditionals="2" methods="15" coveredmethods="15"/>
      <file name="alert-dialog.jsx" path="/home/mirukibs/Development/FleetFuel/Frontend/src/componets/ui/alert-dialog.jsx">
        <metrics statements="27" coveredstatements="27" conditionals="0" coveredconditionals="0" methods="8" coveredmethods="8"/>
        <line num="7" count="2" type="stmt"/>
        <line num="9" count="2" type="stmt"/>
        <line num="11" count="2" type="stmt"/>
        <line num="13" count="2" type="stmt"/>
        <line num="15" count="3" type="stmt"/>
        <line num="26" count="2" type="stmt"/>
        <line num="28" count="2" type="stmt"/>
        <line num="30" count="86" type="stmt"/>
        <line num="45" count="2" type="stmt"/>
        <line num="47" count="2" type="stmt"/>
        <line num="48" count="2" type="stmt"/>
        <line num="57" count="2" type="stmt"/>
        <line num="59" count="2" type="stmt"/>
        <line num="60" count="2" type="stmt"/>
        <line num="69" count="2" type="stmt"/>
        <line num="71" count="2" type="stmt"/>
        <line num="73" count="2" type="stmt"/>
        <line num="81" count="2" type="stmt"/>
        <line num="83" count="2" type="stmt"/>
        <line num="85" count="2" type="stmt"/>
        <line num="93" count="2" type="stmt"/>
        <line num="95" count="2" type="stmt"/>
        <line num="97" count="2" type="stmt"/>
        <line num="105" count="2" type="stmt"/>
        <line num="107" count="2" type="stmt"/>
        <line num="109" count="2" type="stmt"/>
        <line num="121" count="2" type="stmt"/>
      </file>
      <file name="button.jsx" path="/home/mirukibs/Development/FleetFuel/Frontend/src/componets/ui/button.jsx">
        <metrics statements="5" coveredstatements="5" conditionals="3" coveredconditionals="2" methods="1" coveredmethods="1"/>
        <line num="7" count="6" type="stmt"/>
        <line num="46" count="6" type="stmt"/>
        <line num="57" count="565" type="cond" truecount="1" falsecount="1"/>
        <line num="59" count="565" type="stmt"/>
        <line num="75" count="6" type="stmt"/>
      </file>
      <file name="dialog.jsx" path="/home/mirukibs/Development/FleetFuel/Frontend/src/componets/ui/dialog.jsx">
        <metrics statements="23" coveredstatements="23" conditionals="0" coveredconditionals="0" methods="6" coveredmethods="6"/>
        <line num="1" count="6" type="stmt"/>
        <line num="9" count="6" type="stmt"/>
        <line num="10" count="6" type="stmt"/>
        <line num="11" count="6" type="stmt"/>
        <line num="12" count="6" type="stmt"/>
        <line num="14" count="6" type="stmt"/>
        <line num="15" count="142" type="stmt"/>
        <line num="25" count="6" type="stmt"/>
        <line num="27" count="6" type="stmt"/>
        <line num="28" count="644" type="stmt"/>
        <line num="48" count="6" type="stmt"/>
        <line num="50" count="6" type="stmt"/>
        <line num="51" count="109" type="stmt"/>
        <line num="57" count="6" type="stmt"/>
        <line num="59" count="6" type="stmt"/>
        <line num="60" count="78" type="stmt"/>
        <line num="69" count="6" type="stmt"/>
        <line num="71" count="6" type="stmt"/>
        <line num="72" count="109" type="stmt"/>
        <line num="79" count="6" type="stmt"/>
        <line num="81" count="6" type="stmt"/>
        <line num="82" count="66" type="stmt"/>
        <line num="89" count="6" type="stmt"/>
      </file>
    </package>
    <package name="src.componets.ui-kit">
      <metrics statements="6" coveredstatements="6" conditionals="18" coveredconditionals="17" methods="4" coveredmethods="4"/>
      <file name="KpiCard.jsx" path="/home/mirukibs/Development/FleetFuel/Frontend/src/componets/ui-kit/KpiCard.jsx">
        <metrics statements="3" coveredstatements="3" conditionals="11" coveredconditionals="10" methods="1" coveredmethods="1"/>
        <line num="12" count="8" type="cond" truecount="1" falsecount="1"/>
        <line num="14" count="8" type="stmt"/>
        <line num="21" count="8" type="stmt"/>
      </file>
      <file name="Section.jsx" path="/home/mirukibs/Development/FleetFuel/Frontend/src/componets/ui-kit/Section.jsx">
        <metrics statements="3" coveredstatements="3" conditionals="7" coveredconditionals="7" methods="3" coveredmethods="3"/>
        <line num="4" count="80" type="stmt"/>
        <line num="24" count="2" type="stmt"/>
        <line num="34" count="2" type="stmt"/>
      </file>
    </package>
    <package name="src.lib">
      <metrics statements="86" coveredstatements="34" conditionals="51" coveredconditionals="44" methods="66" coveredmethods="12"/>
      <file name="client.js" path="/home/mirukibs/Development/FleetFuel/Frontend/src/lib/client.js">
        <metrics statements="65" coveredstatements="13" conditionals="15" coveredconditionals="12" methods="56" coveredmethods="4"/>
        <line num="6" count="1" type="cond" truecount="2" falsecount="0"/>
        <line num="7" count="1" type="stmt"/>
        <line num="10" count="3" type="stmt"/>
        <line num="11" count="3" type="cond" truecount="4" falsecount="0"/>
        <line num="13" count="0" type="stmt"/>
        <line num="18" count="3" type="stmt"/>
        <line num="19" count="3" type="stmt"/>
        <line num="28" count="3" type="cond" truecount="2" falsecount="0"/>
        <line num="29" count="1" type="stmt"/>
        <line num="30" count="1" type="cond" truecount="1" falsecount="1"/>
        <line num="33" count="2" type="cond" truecount="1" falsecount="1"/>
        <line num="36" count="1" type="stmt"/>
        <line num="38" count="0" type="stmt"/>
        <line num="39" count="0" type="stmt"/>
        <line num="40" count="0" type="stmt"/>
        <line num="41" count="0" type="stmt"/>
        <line num="44" count="0" type="stmt"/>
        <line num="45" count="0" type="stmt"/>
        <line num="46" count="0" type="stmt"/>
        <line num="47" count="0" type="stmt"/>
        <line num="50" count="0" type="stmt"/>
        <line num="51" count="0" type="stmt"/>
        <line num="52" count="0" type="stmt"/>
        <line num="53" count="0" type="stmt"/>
        <line num="54" count="0" type="stmt"/>
        <line num="55" count="0" type="stmt"/>
        <line num="56" count="0" type="stmt"/>
        <line num="59" count="1" type="stmt"/>
        <line num="60" count="0" type="stmt"/>
        <line num="61" count="0" type="stmt"/>
        <line num="62" count="0" type="stmt"/>
        <line num="63" count="0" type="stmt"/>
        <line num="64" count="0" type="stmt"/>
        <line num="65" count="2" type="stmt"/>
        <line num="68" count="0" type="stmt"/>
        <line num="69" count="0" type="stmt"/>
        <line num="70" count="0" type="stmt"/>
        <line num="77" count="0" type="stmt"/>
        <line num="78" count="0" type="stmt"/>
        <line num="81" count="0" type="stmt"/>
        <line num="82" count="0" type="stmt"/>
        <line num="83" count="0" type="stmt"/>
        <line num="84" count="0" type="stmt"/>
        <line num="87" count="0" type="stmt"/>
        <line num="88" count="0" type="stmt"/>
        <line num="89" count="0" type="stmt"/>
        <line num="90" count="0" type="stmt"/>
        <line num="91" count="0" type="stmt"/>
        <line num="92" count="0" type="stmt"/>
        <line num="93" count="0" type="stmt"/>
        <line num="94" count="0" type="stmt"/>
        <line num="97" count="0" type="stmt"/>
        <line num="98" count="0" type="stmt"/>
        <line num="99" count="0" type="stmt"/>
        <line num="100" count="0" type="stmt"/>
        <line num="101" count="0" type="stmt"/>
        <line num="102" count="0" type="stmt"/>
        <line num="103" count="0" type="stmt"/>
        <line num="104" count="0" type="stmt"/>
        <line num="105" count="0" type="stmt"/>
        <line num="108" count="0" type="stmt"/>
        <line num="109" count="0" type="stmt"/>
        <line num="110" count="0" type="stmt"/>
        <line num="111" count="0" type="stmt"/>
        <line num="112" count="0" type="stmt"/>
      </file>
      <file name="fleetModule.js" path="/home/mirukibs/Development/FleetFuel/Frontend/src/lib/fleetModule.js">
        <metrics statements="13" coveredstatements="13" conditionals="32" coveredconditionals="30" methods="4" coveredmethods="4"/>
        <line num="1" count="5" type="stmt"/>
        <line num="4" count="7" type="cond" truecount="2" falsecount="0"/>
        <line num="5" count="7" type="cond" truecount="2" falsecount="0"/>
        <line num="6" count="3" type="stmt"/>
        <line num="8" count="4" type="cond" truecount="2" falsecount="0"/>
        <line num="9" count="1" type="stmt"/>
        <line num="11" count="3" type="stmt"/>
        <line num="15" count="14" type="cond" truecount="2" falsecount="0"/>
        <line num="16" count="14" type="cond" truecount="2" falsecount="0"/>
        <line num="17" count="11" type="cond" truecount="2" falsecount="0"/>
        <line num="18" count="4" type="stmt"/>
        <line num="22" count="10" type="stmt"/>
        <line num="23" count="10" type="stmt"/>
      </file>
      <file name="theme.js" path="/home/mirukibs/Development/FleetFuel/Frontend/src/lib/theme.js">
        <metrics statements="7" coveredstatements="7" conditionals="4" coveredconditionals="2" methods="5" coveredmethods="3"/>
        <line num="4" count="2" type="stmt"/>
        <line num="5" count="2" type="cond" truecount="2" falsecount="0"/>
        <line num="8" count="2" type="stmt"/>
        <line num="9" count="2" type="stmt"/>
        <line num="10" count="2" type="stmt"/>
        <line num="13" count="2" type="cond" truecount="0" falsecount="2"/>
        <line num="15" count="2" type="stmt"/>
      </file>
      <file name="utils.js" path="/home/mirukibs/Development/FleetFuel/Frontend/src/lib/utils.js">
        <metrics statements="1" coveredstatements="1" conditionals="0" coveredconditionals="0" methods="1" coveredmethods="1"/>
        <line num="5" count="2138" type="stmt"/>
      </file>
    </package>
    <package name="src.pages">
      <metrics statements="718" coveredstatements="505" conditionals="602" coveredconditionals="299" methods="250" coveredmethods="156"/>
      <file name="Auth.jsx" path="/home/mirukibs/Development/FleetFuel/Frontend/src/pages/Auth.jsx">
        <metrics statements="42" coveredstatements="22" conditionals="16" coveredconditionals="8" methods="12" coveredmethods="5"/>
        <line num="5" count="1" type="stmt"/>
        <line num="10" count="1" type="stmt"/>
        <line num="20" count="9" type="stmt"/>
        <line num="21" count="9" type="stmt"/>
        <line num="22" count="9" type="stmt"/>
        <line num="23" count="9" type="stmt"/>
        <line num="24" count="9" type="stmt"/>
        <line num="25" count="9" type="stmt"/>
        <line num="26" count="9" type="stmt"/>
        <line num="28" count="9" type="stmt"/>
        <line num="29" count="2" type="stmt"/>
        <line num="30" count="2" type="stmt"/>
        <line num="31" count="2" type="stmt"/>
        <line num="33" count="2" type="stmt"/>
        <line num="34" count="2" type="stmt"/>
        <line num="35" count="2" type="stmt"/>
        <line num="37" count="0" type="stmt"/>
        <line num="39" count="2" type="stmt"/>
        <line num="43" count="9" type="stmt"/>
        <line num="44" count="0" type="stmt"/>
        <line num="45" count="0" type="stmt"/>
        <line num="46" count="0" type="stmt"/>
        <line num="47" count="0" type="stmt"/>
        <line num="49" count="0" type="stmt"/>
        <line num="50" count="0" type="cond" truecount="0" falsecount="2"/>
        <line num="51" count="0" type="stmt"/>
        <line num="58" count="0" type="stmt"/>
        <line num="66" count="0" type="stmt"/>
        <line num="72" count="0" type="stmt"/>
        <line num="73" count="0" type="stmt"/>
        <line num="75" count="0" type="stmt"/>
        <line num="77" count="0" type="stmt"/>
        <line num="81" count="9" type="stmt"/>
        <line num="117" count="2" type="stmt"/>
        <line num="128" count="2" type="stmt"/>
        <line num="158" count="0" type="stmt"/>
        <line num="161" count="18" type="stmt"/>
        <line num="178" count="0" type="stmt"/>
        <line num="189" count="0" type="stmt"/>
        <line num="200" count="0" type="stmt"/>
        <line num="215" count="0" type="stmt"/>
        <line num="226" count="0" type="stmt"/>
      </file>
      <file name="CompanyOperations.jsx" path="/home/mirukibs/Development/FleetFuel/Frontend/src/pages/CompanyOperations.jsx">
        <metrics statements="94" coveredstatements="82" conditionals="48" coveredconditionals="34" methods="34" coveredmethods="31"/>
        <line num="10" count="36" type="stmt"/>
        <line num="11" count="36" type="stmt"/>
        <line num="12" count="36" type="stmt"/>
        <line num="13" count="36" type="stmt"/>
        <line num="15" count="36" type="stmt"/>
        <line num="16" count="36" type="stmt"/>
        <line num="17" count="36" type="stmt"/>
        <line num="19" count="36" type="stmt"/>
        <line num="20" count="36" type="stmt"/>
        <line num="22" count="36" type="stmt"/>
        <line num="23" count="36" type="stmt"/>
        <line num="24" count="36" type="stmt"/>
        <line num="26" count="36" type="stmt"/>
        <line num="27" count="36" type="stmt"/>
        <line num="29" count="36" type="stmt"/>
        <line num="30" count="12" type="cond" truecount="4" falsecount="0"/>
        <line num="31" count="7" type="stmt"/>
        <line num="35" count="36" type="stmt"/>
        <line num="36" count="10" type="stmt"/>
        <line num="37" count="10" type="stmt"/>
        <line num="41" count="9" type="cond" truecount="1" falsecount="1"/>
        <line num="45" count="10" type="cond" truecount="1" falsecount="1"/>
        <line num="47" count="1" type="cond" truecount="2" falsecount="0"/>
        <line num="50" count="1" type="stmt"/>
        <line num="54" count="36" type="stmt"/>
        <line num="55" count="1" type="cond" truecount="3" falsecount="1"/>
        <line num="56" count="0" type="stmt"/>
        <line num="57" count="0" type="stmt"/>
        <line num="59" count="1" type="stmt"/>
        <line num="60" count="1" type="stmt"/>
        <line num="61" count="1" type="stmt"/>
        <line num="67" count="1" type="stmt"/>
        <line num="68" count="1" type="stmt"/>
        <line num="69" count="1" type="stmt"/>
        <line num="70" count="1" type="stmt"/>
        <line num="72" count="0" type="cond" truecount="0" falsecount="2"/>
        <line num="76" count="36" type="stmt"/>
        <line num="77" count="1" type="cond" truecount="3" falsecount="1"/>
        <line num="78" count="0" type="stmt"/>
        <line num="79" count="0" type="stmt"/>
        <line num="81" count="1" type="stmt"/>
        <line num="82" count="1" type="stmt"/>
        <line num="87" count="1" type="stmt"/>
        <line num="88" count="1" type="stmt"/>
        <line num="89" count="1" type="stmt"/>
        <line num="90" count="1" type="stmt"/>
        <line num="92" count="0" type="cond" truecount="0" falsecount="2"/>
        <line num="96" count="36" type="stmt"/>
        <line num="97" count="1" type="stmt"/>
        <line num="98" count="1" type="stmt"/>
        <line num="99" count="1" type="stmt"/>
        <line num="100" count="1" type="stmt"/>
        <line num="101" count="1" type="stmt"/>
        <line num="103" count="0" type="stmt"/>
        <line num="107" count="36" type="stmt"/>
        <line num="108" count="1" type="stmt"/>
        <line num="109" count="1" type="stmt"/>
        <line num="110" count="1" type="stmt"/>
        <line num="111" count="1" type="stmt"/>
        <line num="112" count="1" type="stmt"/>
        <line num="116" count="1" type="stmt"/>
        <line num="117" count="1" type="cond" truecount="1" falsecount="1"/>
        <line num="119" count="0" type="stmt"/>
        <line num="123" count="36" type="stmt"/>
        <line num="124" count="1" type="stmt"/>
        <line num="125" count="1" type="stmt"/>
        <line num="126" count="1" type="stmt"/>
        <line num="129" count="36" type="stmt"/>
        <line num="130" count="1" type="cond" truecount="1" falsecount="1"/>
        <line num="131" count="1" type="stmt"/>
        <line num="132" count="1" type="stmt"/>
        <line num="133" count="1" type="stmt"/>
        <line num="134" count="1" type="stmt"/>
        <line num="135" count="1" type="stmt"/>
        <line num="137" count="0" type="stmt"/>
        <line num="141" count="36" type="stmt"/>
        <line num="157" count="1" type="stmt"/>
        <line num="163" count="9" type="stmt"/>
        <line num="165" count="18" type="cond" truecount="3" falsecount="1"/>
        <line num="172" count="1" type="stmt"/>
        <line num="193" count="1" type="stmt"/>
        <line num="199" count="8" type="stmt"/>
        <line num="209" count="1" type="stmt"/>
        <line num="216" count="1" type="stmt"/>
        <line num="245" count="1" type="stmt"/>
        <line num="254" count="1" type="stmt"/>
        <line num="261" count="0" type="stmt"/>
        <line num="278" count="1" type="stmt"/>
        <line num="287" count="1" type="stmt"/>
        <line num="292" count="9" type="stmt"/>
        <line num="298" count="0" type="stmt"/>
        <line num="314" count="1" type="stmt"/>
        <line num="319" count="0" type="stmt"/>
        <line num="367" count="1" type="stmt"/>
      </file>
      <file name="Dashboard.jsx" path="/home/mirukibs/Development/FleetFuel/Frontend/src/pages/Dashboard.jsx">
        <metrics statements="84" coveredstatements="48" conditionals="149" coveredconditionals="40" methods="30" coveredmethods="10"/>
        <line num="10" count="1" type="stmt"/>
        <line num="11" count="1" type="stmt"/>
        <line num="13" count="1" type="stmt"/>
        <line num="14" count="1" type="stmt"/>
        <line num="15" count="1" type="stmt"/>
        <line num="16" count="1" type="stmt"/>
        <line num="17" count="1" type="stmt"/>
        <line num="19" count="1" type="stmt"/>
        <line num="21" count="1" type="stmt"/>
        <line num="23" count="0" type="cond" truecount="2" falsecount="2"/>
        <line num="24" count="0" type="cond" truecount="2" falsecount="0"/>
        <line num="28" count="0" type="stmt"/>
        <line num="30" count="1" type="stmt"/>
        <line num="33" count="1" type="cond" truecount="1" falsecount="1"/>
        <line num="34" count="1" type="stmt"/>
        <line num="38" count="1" type="stmt"/>
        <line num="64" count="2" type="stmt"/>
        <line num="65" count="2" type="stmt"/>
        <line num="66" count="2" type="stmt"/>
        <line num="71" count="2" type="stmt"/>
        <line num="72" count="2" type="stmt"/>
        <line num="73" count="2" type="stmt"/>
        <line num="75" count="2" type="cond" truecount="2" falsecount="0"/>
        <line num="76" count="1" type="stmt"/>
        <line num="79" count="1" type="stmt"/>
        <line num="80" count="1" type="stmt"/>
        <line num="82" count="1" type="stmt"/>
        <line num="83" count="1" type="stmt"/>
        <line num="84" count="1" type="stmt"/>
        <line num="85" count="1" type="cond" truecount="1" falsecount="1"/>
        <line num="86" count="1" type="cond" truecount="1" falsecount="1"/>
        <line num="88" count="0" type="cond" truecount="0" falsecount="4"/>
        <line num="89" count="1" type="cond" truecount="2" falsecount="3"/>
        <line num="91" count="0" type="cond" truecount="0" falsecount="2"/>
        <line num="92" count="0" type="stmt"/>
        <line num="93" count="0" type="cond" truecount="0" falsecount="2"/>
        <line num="94" count="0" type="stmt"/>
        <line num="95" count="0" type="stmt"/>
        <line num="97" count="0" type="cond" truecount="0" falsecount="2"/>
        <line num="98" count="0" type="stmt"/>
        <line num="99" count="0" type="stmt"/>
        <line num="102" count="1" type="cond" truecount="1" falsecount="1"/>
        <line num="103" count="1" type="cond" truecount="1" falsecount="1"/>
        <line num="106" count="1" type="cond" truecount="1" falsecount="1"/>
        <line num="110" count="1" type="stmt"/>
        <line num="112" count="1" type="stmt"/>
        <line num="115" count="1" type="cond" truecount="1" falsecount="1"/>
        <line num="117" count="1" type="stmt"/>
        <line num="118" count="1" type="stmt"/>
        <line num="119" count="1" type="cond" truecount="0" falsecount="2"/>
        <line num="120" count="1" type="cond" truecount="1" falsecount="1"/>
        <line num="121" count="1" type="cond" truecount="0" falsecount="2"/>
        <line num="122" count="1" type="stmt"/>
        <line num="123" count="1" type="cond" truecount="0" falsecount="4"/>
        <line num="125" count="1" type="stmt"/>
        <line num="128" count="1" type="stmt"/>
        <line num="129" count="0" type="stmt"/>
        <line num="130" count="0" type="stmt"/>
        <line num="131" count="0" type="stmt"/>
        <line num="134" count="1" type="stmt"/>
        <line num="135" count="0" type="cond" truecount="0" falsecount="2"/>
        <line num="136" count="0" type="cond" truecount="0" falsecount="2"/>
        <line num="137" count="0" type="stmt"/>
        <line num="138" count="0" type="stmt"/>
        <line num="141" count="0" type="cond" truecount="0" falsecount="2"/>
        <line num="143" count="0" type="stmt"/>
        <line num="144" count="0" type="stmt"/>
        <line num="146" count="0" type="stmt"/>
        <line num="147" count="0" type="stmt"/>
        <line num="152" count="0" type="stmt"/>
        <line num="153" count="0" type="stmt"/>
        <line num="155" count="0" type="cond" truecount="0" falsecount="2"/>
        <line num="159" count="1" type="stmt"/>
        <line num="160" count="1" type="cond" truecount="1" falsecount="1"/>
        <line num="161" count="0" type="stmt"/>
        <line num="162" count="0" type="stmt"/>
        <line num="165" count="0" type="stmt"/>
        <line num="169" count="1" type="stmt"/>
        <line num="178" count="0" type="stmt"/>
        <line num="182" count="0" type="stmt"/>
        <line num="187" count="0" type="stmt"/>
        <line num="223" count="0" type="stmt"/>
        <line num="264" count="0" type="stmt"/>
        <line num="279" count="0" type="stmt"/>
      </file>
      <file name="Fleet.jsx" path="/home/mirukibs/Development/FleetFuel/Frontend/src/pages/Fleet.jsx">
        <metrics statements="174" coveredstatements="106" conditionals="145" coveredconditionals="64" methods="69" coveredmethods="38"/>
        <line num="31" count="2" type="stmt"/>
        <line num="32" count="29" type="cond" truecount="2" falsecount="0"/>
        <line num="33" count="27" type="cond" truecount="1" falsecount="1"/>
        <line num="34" count="0" type="stmt"/>
        <line num="38" count="43" type="stmt"/>
        <line num="39" count="43" type="stmt"/>
        <line num="40" count="43" type="stmt"/>
        <line num="41" count="43" type="stmt"/>
        <line num="42" count="43" type="stmt"/>
        <line num="43" count="43" type="stmt"/>
        <line num="44" count="43" type="stmt"/>
        <line num="45" count="43" type="stmt"/>
        <line num="47" count="43" type="stmt"/>
        <line num="50" count="43" type="stmt"/>
        <line num="51" count="43" type="stmt"/>
        <line num="52" count="43" type="stmt"/>
        <line num="53" count="43" type="stmt"/>
        <line num="54" count="43" type="stmt"/>
        <line num="55" count="43" type="stmt"/>
        <line num="58" count="43" type="stmt"/>
        <line num="59" count="43" type="stmt"/>
        <line num="60" count="43" type="stmt"/>
        <line num="69" count="43" type="stmt"/>
        <line num="74" count="43" type="stmt"/>
        <line num="78" count="43" type="stmt"/>
        <line num="84" count="43" type="stmt"/>
        <line num="85" count="8" type="stmt"/>
        <line num="87" count="8" type="stmt"/>
        <line num="88" count="8" type="stmt"/>
        <line num="93" count="8" type="cond" truecount="1" falsecount="1"/>
        <line num="94" count="8" type="cond" truecount="1" falsecount="1"/>
        <line num="95" count="8" type="cond" truecount="1" falsecount="1"/>
        <line num="96" count="8" type="cond" truecount="2" falsecount="2"/>
        <line num="99" count="0" type="cond" truecount="0" falsecount="2"/>
        <line num="101" count="8" type="cond" truecount="1" falsecount="1"/>
        <line num="104" count="8" type="stmt"/>
        <line num="105" count="8" type="stmt"/>
        <line num="108" count="43" type="stmt"/>
        <line num="109" count="18" type="stmt"/>
        <line num="110" count="18" type="stmt"/>
        <line num="112" count="10" type="cond" truecount="1" falsecount="3"/>
        <line num="116" count="10" type="cond" truecount="1" falsecount="1"/>
        <line num="117" count="10" type="cond" truecount="1" falsecount="1"/>
        <line num="118" count="10" type="cond" truecount="3" falsecount="0"/>
        <line num="122" count="43" type="stmt"/>
        <line num="123" count="26" type="cond" truecount="2" falsecount="0"/>
        <line num="128" count="43" type="stmt"/>
        <line num="129" count="0" type="cond" truecount="0" falsecount="6"/>
        <line num="130" count="0" type="stmt"/>
        <line num="131" count="0" type="stmt"/>
        <line num="133" count="0" type="cond" truecount="0" falsecount="2"/>
        <line num="134" count="0" type="cond" truecount="0" falsecount="2"/>
        <line num="141" count="0" type="stmt"/>
        <line num="142" count="0" type="stmt"/>
        <line num="154" count="0" type="stmt"/>
        <line num="160" count="0" type="stmt"/>
        <line num="164" count="0" type="stmt"/>
        <line num="165" count="0" type="stmt"/>
        <line num="166" count="0" type="stmt"/>
        <line num="168" count="0" type="cond" truecount="0" falsecount="2"/>
        <line num="172" count="43" type="stmt"/>
        <line num="173" count="0" type="cond" truecount="0" falsecount="2"/>
        <line num="174" count="0" type="stmt"/>
        <line num="175" count="0" type="stmt"/>
        <line num="177" count="0" type="cond" truecount="0" falsecount="2"/>
        <line num="179" count="0" type="stmt"/>
        <line num="180" count="0" type="stmt"/>
        <line num="181" count="0" type="cond" truecount="0" falsecount="2"/>
        <line num="188" count="0" type="stmt"/>
        <line num="189" count="0" type="cond" truecount="0" falsecount="2"/>
        <line num="190" count="0" type="stmt"/>
        <line num="192" count="0" type="stmt"/>
        <line num="195" count="0" type="cond" truecount="0" falsecount="5"/>
        <line num="196" count="0" type="stmt"/>
        <line num="205" count="0" type="stmt"/>
        <line num="206" count="0" type="stmt"/>
        <line num="207" count="0" type="cond" truecount="0" falsecount="2"/>
        <line num="217" count="0" type="stmt"/>
        <line num="218" count="0" type="stmt"/>
        <line num="220" count="0" type="cond" truecount="0" falsecount="2"/>
        <line num="224" count="43" type="stmt"/>
        <line num="225" count="1" type="cond" truecount="1" falsecount="1"/>
        <line num="226" count="1" type="stmt"/>
        <line num="228" count="1" type="stmt"/>
        <line num="229" count="1" type="stmt"/>
        <line num="235" count="1" type="stmt"/>
        <line num="236" count="1" type="stmt"/>
        <line num="242" count="1" type="stmt"/>
        <line num="243" count="1" type="cond" truecount="1" falsecount="1"/>
        <line num="244" count="1" type="stmt"/>
        <line num="246" count="0" type="stmt"/>
        <line num="248" count="1" type="stmt"/>
        <line num="249" count="1" type="stmt"/>
        <line num="251" count="0" type="cond" truecount="0" falsecount="2"/>
        <line num="255" count="43" type="stmt"/>
        <line num="256" count="0" type="cond" truecount="0" falsecount="2"/>
        <line num="258" count="0" type="stmt"/>
        <line num="259" count="0" type="stmt"/>
        <line num="260" count="0" type="cond" truecount="0" falsecount="2"/>
        <line num="261" count="0" type="stmt"/>
        <line num="262" count="0" type="stmt"/>
        <line num="264" count="0" type="cond" truecount="0" falsecount="2"/>
        <line num="268" count="43" type="stmt"/>
        <line num="269" count="3" type="cond" truecount="1" falsecount="1"/>
        <line num="270" count="3" type="stmt"/>
        <line num="271" count="3" type="stmt"/>
        <line num="272" count="3" type="stmt"/>
        <line num="273" count="3" type="stmt"/>
        <line num="274" count="3" type="stmt"/>
        <line num="278" count="3" type="stmt"/>
        <line num="279" count="3" type="cond" truecount="1" falsecount="1"/>
        <line num="281" count="0" type="stmt"/>
        <line num="285" count="43" type="stmt"/>
        <line num="286" count="1" type="cond" truecount="1" falsecount="1"/>
        <line num="287" count="1" type="cond" truecount="3" falsecount="1"/>
        <line num="288" count="0" type="stmt"/>
        <line num="289" count="0" type="stmt"/>
        <line num="291" count="1" type="stmt"/>
        <line num="292" count="1" type="cond" truecount="1" falsecount="1"/>
        <line num="293" count="0" type="stmt"/>
        <line num="294" count="0" type="stmt"/>
        <line num="297" count="1" type="stmt"/>
        <line num="299" count="1" type="stmt"/>
        <line num="308" count="1" type="cond" truecount="1" falsecount="1"/>
        <line num="311" count="1" type="cond" truecount="1" falsecount="1"/>
        <line num="312" count="1" type="stmt"/>
        <line num="319" count="1" type="stmt"/>
        <line num="320" count="1" type="cond" truecount="1" falsecount="1"/>
        <line num="324" count="1" type="stmt"/>
        <line num="325" count="1" type="stmt"/>
        <line num="326" count="1" type="stmt"/>
        <line num="328" count="0" type="cond" truecount="0" falsecount="2"/>
        <line num="332" count="43" type="stmt"/>
        <line num="338" count="0" type="stmt"/>
        <line num="348" count="35" type="stmt"/>
        <line num="349" count="35" type="stmt"/>
        <line num="350" count="35" type="cond" truecount="2" falsecount="0"/>
        <line num="352" count="172" type="stmt"/>
        <line num="372" count="0" type="stmt"/>
        <line num="377" count="0" type="stmt"/>
        <line num="379" count="43" type="stmt"/>
        <line num="381" count="0" type="stmt"/>
        <line num="383" count="215" type="stmt"/>
        <line num="402" count="35" type="stmt"/>
        <line num="404" count="8" type="cond" truecount="1" falsecount="1"/>
        <line num="451" count="0" type="stmt"/>
        <line num="464" count="0" type="stmt"/>
        <line num="465" count="0" type="stmt"/>
        <line num="466" count="0" type="stmt"/>
        <line num="475" count="1" type="stmt"/>
        <line num="484" count="3" type="stmt"/>
        <line num="494" count="3" type="stmt"/>
        <line num="495" count="3" type="stmt"/>
        <line num="496" count="3" type="stmt"/>
        <line num="506" count="0" type="stmt"/>
        <line num="538" count="0" type="stmt"/>
        <line num="548" count="0" type="stmt"/>
        <line num="557" count="0" type="stmt"/>
        <line num="569" count="0" type="stmt"/>
        <line num="578" count="0" type="stmt"/>
        <line num="593" count="0" type="stmt"/>
        <line num="597" count="43" type="stmt"/>
        <line num="602" count="0" type="stmt"/>
        <line num="626" count="0" type="stmt"/>
        <line num="630" count="43" type="stmt"/>
        <line num="637" count="0" type="stmt"/>
        <line num="648" count="0" type="stmt"/>
        <line num="711" count="1" type="stmt"/>
        <line num="716" count="11" type="stmt"/>
        <line num="725" count="1" type="stmt"/>
        <line num="738" count="2" type="stmt"/>
        <line num="745" count="1" type="stmt"/>
        <line num="780" count="2" type="stmt"/>
        <line num="797" count="1" type="stmt"/>
      </file>
      <file name="FleetCompanies.jsx" path="/home/mirukibs/Development/FleetFuel/Frontend/src/pages/FleetCompanies.jsx">
        <metrics statements="53" coveredstatements="45" conditionals="35" coveredconditionals="26" methods="16" coveredmethods="11"/>
        <line num="17" count="18" type="stmt"/>
        <line num="18" count="18" type="stmt"/>
        <line num="21" count="18" type="stmt"/>
        <line num="22" count="18" type="stmt"/>
        <line num="31" count="18" type="stmt"/>
        <line num="32" count="18" type="stmt"/>
        <line num="33" count="18" type="stmt"/>
        <line num="35" count="18" type="stmt"/>
        <line num="37" count="18" type="stmt"/>
        <line num="38" count="4" type="cond" truecount="1" falsecount="1"/>
        <line num="39" count="4" type="stmt"/>
        <line num="43" count="18" type="stmt"/>
        <line num="44" count="5" type="stmt"/>
        <line num="45" count="5" type="stmt"/>
        <line num="46" count="5" type="stmt"/>
        <line num="47" count="5" type="stmt"/>
        <line num="48" count="5" type="stmt"/>
        <line num="49" count="5" type="stmt"/>
        <line num="53" count="5" type="stmt"/>
        <line num="55" count="0" type="stmt"/>
        <line num="57" count="5" type="stmt"/>
        <line num="61" count="18" type="stmt"/>
        <line num="62" count="1" type="stmt"/>
        <line num="63" count="1" type="stmt"/>
        <line num="66" count="18" type="stmt"/>
        <line num="67" count="1" type="stmt"/>
        <line num="68" count="1" type="stmt"/>
        <line num="74" count="1" type="stmt"/>
        <line num="75" count="1" type="stmt"/>
        <line num="76" count="1" type="stmt"/>
        <line num="78" count="0" type="cond" truecount="0" falsecount="2"/>
        <line num="82" count="18" type="stmt"/>
        <line num="83" count="1" type="stmt"/>
        <line num="84" count="1" type="stmt"/>
        <line num="86" count="1" type="cond" truecount="1" falsecount="1"/>
        <line num="87" count="1" type="stmt"/>
        <line num="88" count="1" type="stmt"/>
        <line num="89" count="1" type="stmt"/>
        <line num="90" count="1" type="cond" truecount="1" falsecount="1"/>
        <line num="92" count="0" type="stmt"/>
        <line num="94" count="1" type="stmt"/>
        <line num="99" count="18" type="stmt"/>
        <line num="100" count="1" type="stmt"/>
        <line num="103" count="18" type="stmt"/>
        <line num="145" count="10" type="stmt"/>
        <line num="183" count="1" type="stmt"/>
        <line num="192" count="0" type="stmt"/>
        <line num="202" count="0" type="stmt"/>
        <line num="211" count="0" type="stmt"/>
        <line num="218" count="0" type="stmt"/>
        <line num="243" count="10" type="stmt"/>
        <line num="277" count="1" type="stmt"/>
        <line num="303" count="0" type="stmt"/>
      </file>
      <file name="Procurement.jsx" path="/home/mirukibs/Development/FleetFuel/Frontend/src/pages/Procurement.jsx">
        <metrics statements="134" coveredstatements="109" conditionals="109" coveredconditionals="75" methods="39" coveredmethods="33"/>
        <line num="19" count="38" type="stmt"/>
        <line num="22" count="38" type="stmt"/>
        <line num="23" count="38" type="stmt"/>
        <line num="24" count="38" type="stmt"/>
        <line num="26" count="38" type="cond" truecount="2" falsecount="0"/>
        <line num="27" count="38" type="cond" truecount="2" falsecount="0"/>
        <line num="28" count="38" type="cond" truecount="2" falsecount="0"/>
        <line num="30" count="38" type="stmt"/>
        <line num="32" count="38" type="stmt"/>
        <line num="33" count="38" type="stmt"/>
        <line num="34" count="38" type="stmt"/>
        <line num="36" count="38" type="stmt"/>
        <line num="43" count="38" type="stmt"/>
        <line num="44" count="38" type="stmt"/>
        <line num="47" count="38" type="stmt"/>
        <line num="48" count="8" type="stmt"/>
        <line num="49" count="8" type="cond" truecount="4" falsecount="0"/>
        <line num="50" count="1" type="stmt"/>
        <line num="51" count="1" type="stmt"/>
        <line num="52" count="1" type="stmt"/>
        <line num="53" count="1" type="cond" truecount="3" falsecount="1"/>
        <line num="54" count="1" type="stmt"/>
        <line num="55" count="1" type="cond" truecount="1" falsecount="1"/>
        <line num="57" count="1" type="stmt"/>
        <line num="62" count="1" type="stmt"/>
        <line num="64" count="1" type="stmt"/>
        <line num="69" count="38" type="stmt"/>
        <line num="70" count="8" type="cond" truecount="2" falsecount="0"/>
        <line num="71" count="6" type="cond" truecount="1" falsecount="1"/>
        <line num="72" count="6" type="stmt"/>
        <line num="74" count="0" type="stmt"/>
        <line num="77" count="2" type="cond" truecount="1" falsecount="1"/>
        <line num="78" count="2" type="stmt"/>
        <line num="80" count="0" type="stmt"/>
        <line num="85" count="38" type="stmt"/>
        <line num="86" count="8" type="stmt"/>
        <line num="87" count="8" type="stmt"/>
        <line num="91" count="8" type="cond" truecount="1" falsecount="1"/>
        <line num="92" count="8" type="cond" truecount="1" falsecount="1"/>
        <line num="93" count="8" type="cond" truecount="2" falsecount="2"/>
        <line num="95" count="0" type="stmt"/>
        <line num="96" count="0" type="stmt"/>
        <line num="100" count="38" type="stmt"/>
        <line num="101" count="13" type="stmt"/>
        <line num="102" count="13" type="stmt"/>
        <line num="103" count="13" type="cond" truecount="2" falsecount="0"/>
        <line num="106" count="4" type="cond" truecount="1" falsecount="1"/>
        <line num="108" count="0" type="stmt"/>
        <line num="110" count="13" type="stmt"/>
        <line num="117" count="38" type="stmt"/>
        <line num="118" count="3" type="stmt"/>
        <line num="119" count="3" type="cond" truecount="1" falsecount="1"/>
        <line num="120" count="3" type="cond" truecount="2" falsecount="0"/>
        <line num="121" count="1" type="stmt"/>
        <line num="123" count="2" type="cond" truecount="2" falsecount="0"/>
        <line num="124" count="1" type="stmt"/>
        <line num="127" count="1" type="stmt"/>
        <line num="128" count="1" type="stmt"/>
        <line num="135" count="1" type="stmt"/>
        <line num="136" count="1" type="stmt"/>
        <line num="137" count="1" type="stmt"/>
        <line num="143" count="1" type="stmt"/>
        <line num="145" count="0" type="cond" truecount="0" falsecount="2"/>
        <line num="149" count="38" type="stmt"/>
        <line num="150" count="1" type="stmt"/>
        <line num="151" count="1" type="cond" truecount="1" falsecount="1"/>
        <line num="152" count="1" type="cond" truecount="1" falsecount="1"/>
        <line num="153" count="0" type="stmt"/>
        <line num="155" count="1" type="cond" truecount="1" falsecount="1"/>
        <line num="156" count="0" type="stmt"/>
        <line num="159" count="1" type="stmt"/>
        <line num="160" count="1" type="stmt"/>
        <line num="164" count="1" type="stmt"/>
        <line num="165" count="1" type="stmt"/>
        <line num="166" count="1" type="stmt"/>
        <line num="168" count="0" type="cond" truecount="0" falsecount="2"/>
        <line num="172" count="38" type="stmt"/>
        <line num="173" count="1" type="stmt"/>
        <line num="174" count="1" type="stmt"/>
        <line num="180" count="1" type="stmt"/>
        <line num="183" count="38" type="stmt"/>
        <line num="184" count="3" type="stmt"/>
        <line num="185" count="3" type="stmt"/>
        <line num="188" count="3" type="cond" truecount="2" falsecount="0"/>
        <line num="189" count="1" type="stmt"/>
        <line num="190" count="1" type="stmt"/>
        <line num="196" count="0" type="stmt"/>
        <line num="200" count="3" type="stmt"/>
        <line num="201" count="3" type="cond" truecount="2" falsecount="0"/>
        <line num="202" count="1" type="stmt"/>
        <line num="204" count="2" type="stmt"/>
        <line num="207" count="0" type="cond" truecount="0" falsecount="2"/>
        <line num="212" count="38" type="stmt"/>
        <line num="213" count="26" type="cond" truecount="3" falsecount="3"/>
        <line num="214" count="18" type="stmt"/>
        <line num="215" count="4" type="stmt"/>
        <line num="216" count="4" type="stmt"/>
        <line num="217" count="0" type="stmt"/>
        <line num="218" count="0" type="stmt"/>
        <line num="219" count="0" type="stmt"/>
        <line num="223" count="38" type="stmt"/>
        <line num="236" count="18" type="cond" truecount="2" falsecount="0"/>
        <line num="239" count="2" type="stmt"/>
        <line num="245" count="2" type="stmt"/>
        <line num="253" count="4" type="cond" truecount="2" falsecount="0"/>
        <line num="263" count="26" type="stmt"/>
        <line num="276" count="18" type="cond" truecount="1" falsecount="1"/>
        <line num="277" count="8" type="cond" truecount="1" falsecount="1"/>
        <line num="289" count="1" type="stmt"/>
        <line num="292" count="1" type="stmt"/>
        <line num="301" count="1" type="stmt"/>
        <line num="304" count="0" type="stmt"/>
        <line num="310" count="1" type="stmt"/>
        <line num="341" count="2" type="stmt"/>
        <line num="343" count="2" type="stmt"/>
        <line num="344" count="2" type="stmt"/>
        <line num="345" count="2" type="cond" truecount="3" falsecount="1"/>
        <line num="346" count="2" type="stmt"/>
        <line num="347" count="2" type="cond" truecount="1" falsecount="1"/>
        <line num="349" count="2" type="stmt"/>
        <line num="355" count="22" type="stmt"/>
        <line num="365" count="0" type="stmt"/>
        <line num="366" count="0" type="stmt"/>
        <line num="367" count="0" type="cond" truecount="0" falsecount="2"/>
        <line num="368" count="0" type="stmt"/>
        <line num="369" count="0" type="cond" truecount="0" falsecount="4"/>
        <line num="370" count="0" type="stmt"/>
        <line num="371" count="0" type="cond" truecount="0" falsecount="2"/>
        <line num="374" count="0" type="stmt"/>
        <line num="387" count="3" type="stmt"/>
        <line num="411" count="0" type="stmt"/>
        <line num="432" count="22" type="stmt"/>
        <line num="453" count="1" type="stmt"/>
        <line num="476" count="0" type="stmt"/>
      </file>
      <file name="Suppliers.jsx" path="/home/mirukibs/Development/FleetFuel/Frontend/src/pages/Suppliers.jsx">
        <metrics statements="137" coveredstatements="93" conditionals="100" coveredconditionals="52" methods="50" coveredmethods="28"/>
        <line num="19" count="33" type="stmt"/>
        <line num="20" count="33" type="stmt"/>
        <line num="21" count="33" type="stmt"/>
        <line num="22" count="33" type="stmt"/>
        <line num="24" count="33" type="stmt"/>
        <line num="25" count="33" type="stmt"/>
        <line num="26" count="33" type="stmt"/>
        <line num="27" count="33" type="stmt"/>
        <line num="29" count="33" type="stmt"/>
        <line num="36" count="33" type="stmt"/>
        <line num="43" count="33" type="stmt"/>
        <line num="44" count="33" type="stmt"/>
        <line num="51" count="33" type="stmt"/>
        <line num="52" count="33" type="stmt"/>
        <line num="59" count="33" type="stmt"/>
        <line num="60" count="33" type="stmt"/>
        <line num="61" count="33" type="stmt"/>
        <line num="62" count="33" type="stmt"/>
        <line num="66" count="33" type="stmt"/>
        <line num="67" count="7" type="stmt"/>
        <line num="68" count="7" type="stmt"/>
        <line num="69" count="7" type="stmt"/>
        <line num="71" count="7" type="cond" truecount="2" falsecount="0"/>
        <line num="72" count="6" type="stmt"/>
        <line num="73" count="6" type="cond" truecount="1" falsecount="1"/>
        <line num="74" count="6" type="cond" truecount="1" falsecount="1"/>
        <line num="75" count="6" type="stmt"/>
        <line num="76" count="6" type="stmt"/>
        <line num="79" count="1" type="cond" truecount="1" falsecount="1"/>
        <line num="82" count="0" type="cond" truecount="0" falsecount="2"/>
        <line num="84" count="7" type="stmt"/>
        <line num="88" count="33" type="stmt"/>
        <line num="89" count="7" type="stmt"/>
        <line num="92" count="33" type="stmt"/>
        <line num="93" count="0" type="cond" truecount="0" falsecount="4"/>
        <line num="94" count="0" type="stmt"/>
        <line num="95" count="0" type="stmt"/>
        <line num="97" count="0" type="stmt"/>
        <line num="98" count="0" type="stmt"/>
        <line num="99" count="0" type="stmt"/>
        <line num="100" count="0" type="stmt"/>
        <line num="101" count="0" type="stmt"/>
        <line num="102" count="0" type="stmt"/>
        <line num="104" count="0" type="cond" truecount="0" falsecount="2"/>
        <line num="108" count="33" type="stmt"/>
        <line num="109" count="1" type="stmt"/>
        <line num="110" count="1" type="stmt"/>
        <line num="116" count="1" type="stmt"/>
        <line num="117" count="1" type="stmt"/>
        <line num="118" count="1" type="stmt"/>
        <line num="119" count="1" type="cond" truecount="1" falsecount="1"/>
        <line num="120" count="1" type="stmt"/>
        <line num="122" count="0" type="cond" truecount="0" falsecount="2"/>
        <line num="126" count="33" type="stmt"/>
        <line num="127" count="0" type="stmt"/>
        <line num="128" count="0" type="stmt"/>
        <line num="129" count="0" type="stmt"/>
        <line num="130" count="0" type="cond" truecount="0" falsecount="2"/>
        <line num="132" count="0" type="cond" truecount="0" falsecount="2"/>
        <line num="134" count="0" type="stmt"/>
        <line num="138" count="33" type="stmt"/>
        <line num="139" count="7" type="cond" truecount="1" falsecount="1"/>
        <line num="140" count="0" type="stmt"/>
        <line num="144" count="33" type="stmt"/>
        <line num="145" count="1" type="cond" truecount="3" falsecount="1"/>
        <line num="146" count="0" type="stmt"/>
        <line num="147" count="0" type="stmt"/>
        <line num="149" count="1" type="stmt"/>
        <line num="150" count="1" type="stmt"/>
        <line num="156" count="1" type="stmt"/>
        <line num="157" count="1" type="stmt"/>
        <line num="158" count="1" type="stmt"/>
        <line num="161" count="1" type="stmt"/>
        <line num="162" count="1" type="cond" truecount="1" falsecount="1"/>
        <line num="163" count="1" type="stmt"/>
        <line num="165" count="0" type="cond" truecount="0" falsecount="2"/>
        <line num="169" count="33" type="stmt"/>
        <line num="170" count="1" type="stmt"/>
        <line num="171" count="1" type="stmt"/>
        <line num="177" count="1" type="stmt"/>
        <line num="178" count="1" type="stmt"/>
        <line num="180" count="1" type="stmt"/>
        <line num="181" count="1" type="cond" truecount="1" falsecount="1"/>
        <line num="182" count="1" type="stmt"/>
        <line num="184" count="0" type="cond" truecount="0" falsecount="2"/>
        <line num="188" count="33" type="stmt"/>
        <line num="189" count="1" type="stmt"/>
        <line num="190" count="1" type="stmt"/>
        <line num="191" count="1" type="stmt"/>
        <line num="194" count="1" type="stmt"/>
        <line num="195" count="1" type="cond" truecount="1" falsecount="1"/>
        <line num="196" count="1" type="stmt"/>
        <line num="198" count="0" type="cond" truecount="0" falsecount="2"/>
        <line num="202" count="33" type="stmt"/>
        <line num="203" count="5" type="stmt"/>
        <line num="204" count="5" type="stmt"/>
        <line num="207" count="33" type="cond" truecount="4" falsecount="0"/>
        <line num="208" count="7" type="stmt"/>
        <line num="211" count="26" type="stmt"/>
        <line num="218" count="0" type="stmt"/>
        <line num="227" count="26" type="stmt"/>
        <line num="229" count="6" type="cond" truecount="1" falsecount="1"/>
        <line num="265" count="5" type="stmt"/>
        <line num="266" count="5" type="stmt"/>
        <line num="276" count="1" type="stmt"/>
        <line num="277" count="1" type="stmt"/>
        <line num="309" count="0" type="stmt"/>
        <line num="318" count="0" type="stmt"/>
        <line num="327" count="0" type="stmt"/>
        <line num="337" count="0" type="stmt"/>
        <line num="344" count="0" type="stmt"/>
        <line num="363" count="1" type="stmt"/>
        <line num="369" count="1" type="stmt"/>
        <line num="399" count="1" type="stmt"/>
        <line num="408" count="24" type="stmt"/>
        <line num="425" count="1" type="stmt"/>
        <line num="426" count="1" type="stmt"/>
        <line num="430" count="1" type="stmt"/>
        <line num="448" count="0" type="stmt"/>
        <line num="464" count="0" type="stmt"/>
        <line num="477" count="1" type="stmt"/>
        <line num="487" count="1" type="stmt"/>
        <line num="497" count="1" type="stmt"/>
        <line num="504" count="0" type="stmt"/>
        <line num="523" count="1" type="stmt"/>
        <line num="532" count="0" type="stmt"/>
        <line num="541" count="0" type="stmt"/>
        <line num="547" count="0" type="stmt"/>
        <line num="564" count="1" type="stmt"/>
        <line num="573" count="0" type="stmt"/>
        <line num="582" count="0" type="stmt"/>
        <line num="592" count="0" type="stmt"/>
        <line num="599" count="0" type="stmt"/>
        <line num="618" count="0" type="stmt"/>
        <line num="625" count="0" type="stmt"/>
        <line num="643" count="0" type="stmt"/>
        <line num="661" count="0" type="stmt"/>
      </file>
    </package>
  </project>
</coverage>
