{"/home/mirukibs/Development/FleetFuel/Frontend/src/App.jsx": {"path":"/home/mirukibs/Development/FleetFuel/Frontend/src/App.jsx","statementMap":{"0":{"start":{"line":14,"column":25},"end":{"line":14,"column":null}},"1":{"start":{"line":16,"column":19},"end":{"line":19,"column":null}},"2":{"start":{"line":21,"column":27},"end":{"line":24,"column":null}},"3":{"start":{"line":26,"column":6},"end":{"line":32,"column":null}},"4":{"start":{"line":27,"column":2},"end":{"line":31,"column":null}},"5":{"start":{"line":28,"column":4},"end":{"line":28,"column":null}},"6":{"start":{"line":30,"column":4},"end":{"line":30,"column":null}},"7":{"start":{"line":35,"column":18},"end":{"line":35,"column":null}},"8":{"start":{"line":36,"column":8},"end":{"line":36,"column":null}},"9":{"start":{"line":36,"column":38},"end":{"line":36,"column":77}},"10":{"start":{"line":37,"column":23},"end":{"line":37,"column":null}},"11":{"start":{"line":39,"column":8},"end":{"line":42,"column":null}},"12":{"start":{"line":40,"column":4},"end":{"line":40,"column":null}},"13":{"start":{"line":41,"column":4},"end":{"line":41,"column":null}},"14":{"start":{"line":44,"column":23},"end":{"line":53,"column":null}},"15":{"start":{"line":45,"column":4},"end":{"line":52,"column":null}},"16":{"start":{"line":46,"column":6},"end":{"line":46,"column":null}},"17":{"start":{"line":50,"column":6},"end":{"line":50,"column":null}},"18":{"start":{"line":51,"column":6},"end":{"line":51,"column":null}},"19":{"start":{"line":55,"column":2},"end":{"line":64,"column":null}},"20":{"start":{"line":56,"column":4},"end":{"line":62,"column":null}},"21":{"start":{"line":66,"column":2},"end":{"line":87,"column":null}}},"fnMap":{"0":{"name":"(anonymous_0)","decl":{"start":{"line":26,"column":6},"end":{"line":26,"column":32}},"loc":{"start":{"line":26,"column":32},"end":{"line":32,"column":null}},"line":26},"1":{"name":"App","decl":{"start":{"line":34,"column":24},"end":{"line":34,"column":30}},"loc":{"start":{"line":34,"column":30},"end":{"line":89,"column":null}},"line":34},"2":{"name":"(anonymous_2)","decl":{"start":{"line":36,"column":24},"end":{"line":36,"column":38}},"loc":{"start":{"line":36,"column":38},"end":{"line":36,"column":77}},"line":36},"3":{"name":"(anonymous_3)","decl":{"start":{"line":39,"column":8},"end":{"line":39,"column":31}},"loc":{"start":{"line":39,"column":47},"end":{"line":42,"column":null}},"line":39},"4":{"name":"(anonymous_4)","decl":{"start":{"line":44,"column":23},"end":{"line":44,"column":35}},"loc":{"start":{"line":44,"column":35},"end":{"line":53,"column":null}},"line":44}},"branchMap":{"0":{"loc":{"start":{"line":28,"column":22},"end":{"line":28,"column":70}},"type":"binary-expr","locations":[{"start":{"line":28,"column":22},"end":{"line":28,"column":64}},{"start":{"line":28,"column":64},"end":{"line":28,"column":70}}],"line":28},"1":{"loc":{"start":{"line":36,"column":38},"end":{"line":36,"column":77}},"type":"binary-expr","locations":[{"start":{"line":36,"column":38},"end":{"line":36,"column":73}},{"start":{"line":36,"column":73},"end":{"line":36,"column":77}}],"line":36},"2":{"loc":{"start":{"line":37,"column":23},"end":{"line":37,"column":null}},"type":"binary-expr","locations":[{"start":{"line":37,"column":23},"end":{"line":37,"column":66}},{"start":{"line":37,"column":66},"end":{"line":37,"column":null}}],"line":37},"3":{"loc":{"start":{"line":55,"column":2},"end":{"line":64,"column":null}},"type":"if","locations":[{"start":{"line":55,"column":2},"end":{"line":64,"column":null}},{"start":{},"end":{}}],"line":55},"4":{"loc":{"start":{"line":55,"column":6},"end":{"line":55,"column":41}},"type":"binary-expr","locations":[{"start":{"line":55,"column":6},"end":{"line":55,"column":25}},{"start":{"line":55,"column":25},"end":{"line":55,"column":41}}],"line":55},"5":{"loc":{"start":{"line":75,"column":17},"end":{"line":75,"column":null}},"type":"binary-expr","locations":[{"start":{"line":75,"column":17},"end":{"line":75,"column":56}},{"start":{"line":75,"column":56},"end":{"line":75,"column":null}}],"line":75},"6":{"loc":{"start":{"line":76,"column":17},"end":{"line":76,"column":null}},"type":"binary-expr","locations":[{"start":{"line":76,"column":17},"end":{"line":76,"column":55}},{"start":{"line":76,"column":55},"end":{"line":76,"column":null}}],"line":76},"7":{"loc":{"start":{"line":77,"column":17},"end":{"line":77,"column":null}},"type":"binary-expr","locations":[{"start":{"line":77,"column":17},"end":{"line":77,"column":56}},{"start":{"line":77,"column":56},"end":{"line":77,"column":null}}],"line":77},"8":{"loc":{"start":{"line":78,"column":17},"end":{"line":78,"column":null}},"type":"binary-expr","locations":[{"start":{"line":78,"column":17},"end":{"line":78,"column":62}},{"start":{"line":78,"column":62},"end":{"line":78,"column":null}}],"line":78},"9":{"loc":{"start":{"line":79,"column":17},"end":{"line":79,"column":null}},"type":"binary-expr","locations":[{"start":{"line":79,"column":17},"end":{"line":79,"column":58}},{"start":{"line":79,"column":58},"end":{"line":79,"column":null}}],"line":79}},"s":{"0":1,"1":1,"2":1,"3":1,"4":3,"5":3,"6":0,"7":5,"8":5,"9":5,"10":5,"11":5,"12":2,"13":2,"14":5,"15":0,"16":0,"17":0,"18":0,"19":5,"20":3,"21":2},"f":{"0":3,"1":5,"2":5,"3":2,"4":0},"b":{"0":[3,3],"1":[5,3],"2":[5,3],"3":[3,2],"4":[5,2],"5":[2,2],"6":[5,1],"7":[5,2],"8":[5,1],"9":[5,2]},"meta":{"lastBranch":10,"lastFunction":5,"lastStatement":22,"seen":{"s:14:25:14:Infinity":0,"s:16:19:19:Infinity":1,"s:21:27:24:Infinity":2,"s:26:6:32:Infinity":3,"f:26:6:26:32":0,"s:27:2:31:Infinity":4,"s:28:4:28:Infinity":5,"b:28:22:28:64:28:64:28:70":0,"s:30:4:30:Infinity":6,"f:34:24:34:30":1,"s:35:18:35:Infinity":7,"s:36:8:36:Infinity":8,"f:36:24:36:38":2,"s:36:38:36:77":9,"b:36:38:36:73:36:73:36:77":1,"s:37:23:37:Infinity":10,"b:37:23:37:66:37:66:37:Infinity":2,"s:39:8:42:Infinity":11,"f:39:8:39:31":3,"s:40:4:40:Infinity":12,"s:41:4:41:Infinity":13,"s:44:23:53:Infinity":14,"f:44:23:44:35":4,"s:45:4:52:Infinity":15,"s:46:6:46:Infinity":16,"s:50:6:50:Infinity":17,"s:51:6:51:Infinity":18,"b:55:2:64:Infinity:undefined:undefined:undefined:undefined":3,"s:55:2:64:Infinity":19,"b:55:6:55:25:55:25:55:41":4,"s:56:4:62:Infinity":20,"s:66:2:87:Infinity":21,"b:75:17:75:56:75:56:75:Infinity":5,"b:76:17:76:55:76:55:76:Infinity":6,"b:77:17:77:56:77:56:77:Infinity":7,"b:78:17:78:62:78:62:78:Infinity":8,"b:79:17:79:58:79:58:79:Infinity":9},"fnNames":{}}}
,"/home/mirukibs/Development/FleetFuel/Frontend/src/componets/layout/AppShell.jsx": {"path":"/home/mirukibs/Development/FleetFuel/Frontend/src/componets/layout/AppShell.jsx","statementMap":{"0":{"start":{"line":6,"column":15},"end":{"line":6,"column":null}},"1":{"start":{"line":8,"column":2},"end":{"line":19,"column":null}},"2":{"start":{"line":10,"column":42},"end":{"line":10,"column":58}},"3":{"start":{"line":13,"column":30},"end":{"line":13,"column":51}}},"fnMap":{"0":{"name":"AppShell","decl":{"start":{"line":5,"column":16},"end":{"line":5,"column":25}},"loc":{"start":{"line":5,"column":55},"end":{"line":21,"column":null}},"line":5},"1":{"name":"(anonymous_1)","decl":{"start":{"line":10,"column":27},"end":{"line":10,"column":42}},"loc":{"start":{"line":10,"column":42},"end":{"line":10,"column":58}},"line":10},"2":{"name":"(anonymous_2)","decl":{"start":{"line":13,"column":16},"end":{"line":13,"column":30}},"loc":{"start":{"line":13,"column":30},"end":{"line":13,"column":51}},"line":13}},"branchMap":{},"s":{"0":2,"1":2,"2":0,"3":0},"f":{"0":2,"1":0,"2":0},"b":{},"meta":{"lastBranch":0,"lastFunction":3,"lastStatement":4,"seen":{"f:5:16:5:25":0,"s:6:15:6:Infinity":0,"s:8:2:19:Infinity":1,"f:10:27:10:42":1,"s:10:42:10:58":2,"f:13:16:13:30":2,"s:13:30:13:51":3},"fnNames":{}}}
,"/home/mirukibs/Development/FleetFuel/Frontend/src/componets/layout/Sidebar.jsx": {"path":"/home/mirukibs/Development/FleetFuel/Frontend/src/componets/layout/Sidebar.jsx","statementMap":{"0":{"start":{"line":5,"column":12},"end":{"line":11,"column":null}},"1":{"start":{"line":14,"column":2},"end":{"line":36,"column":null}},"2":{"start":{"line":19,"column":22},"end":{"line":25,"column":null}},"3":{"start":{"line":29,"column":10},"end":{"line":33,"column":null}},"4":{"start":{"line":41,"column":21},"end":{"line":41,"column":null}},"5":{"start":{"line":41,"column":42},"end":{"line":41,"column":67}},"6":{"start":{"line":43,"column":2},"end":{"line":94,"column":null}},"7":{"start":{"line":78,"column":40},"end":{"line":78,"column":95}}},"fnMap":{"0":{"name":"NavItem","decl":{"start":{"line":13,"column":9},"end":{"line":13,"column":17}},"loc":{"start":{"line":13,"column":36},"end":{"line":38,"column":null}},"line":13},"1":{"name":"(anonymous_1)","decl":{"start":{"line":19,"column":8},"end":{"line":19,"column":20}},"loc":{"start":{"line":19,"column":22},"end":{"line":25,"column":null}},"line":19},"2":{"name":"(anonymous_2)","decl":{"start":{"line":28,"column":10},"end":{"line":28,"column":12}},"loc":{"start":{"line":29,"column":10},"end":{"line":33,"column":null}},"line":29},"3":{"name":"Sidebar","decl":{"start":{"line":40,"column":16},"end":{"line":40,"column":24}},"loc":{"start":{"line":40,"column":49},"end":{"line":96,"column":null}},"line":40},"4":{"name":"(anonymous_4)","decl":{"start":{"line":41,"column":25},"end":{"line":41,"column":33}},"loc":{"start":{"line":41,"column":42},"end":{"line":41,"column":67}},"line":41},"5":{"name":"(anonymous_5)","decl":{"start":{"line":78,"column":26},"end":{"line":78,"column":31}},"loc":{"start":{"line":78,"column":40},"end":{"line":78,"column":95}},"line":78}},"branchMap":{"0":{"loc":{"start":{"line":22,"column":12},"end":{"line":24,"column":null}},"type":"cond-expr","locations":[{"start":{"line":23,"column":16},"end":{"line":23,"column":null}},{"start":{"line":24,"column":16},"end":{"line":24,"column":null}}],"line":22},"1":{"loc":{"start":{"line":30,"column":47},"end":{"line":30,"column":81}},"type":"binary-expr","locations":[{"start":{"line":30,"column":47},"end":{"line":30,"column":59}},{"start":{"line":30,"column":59},"end":{"line":30,"column":81}}],"line":30},"2":{"loc":{"start":{"line":32,"column":13},"end":{"line":32,"column":null}},"type":"binary-expr","locations":[{"start":{"line":32,"column":13},"end":{"line":32,"column":25}},{"start":{"line":32,"column":25},"end":{"line":32,"column":null}}],"line":32},"3":{"loc":{"start":{"line":45,"column":7},"end":{"line":52,"column":7}},"type":"binary-expr","locations":[{"start":{"line":45,"column":7},"end":{"line":45,"column":null}},{"start":{"line":46,"column":8},"end":{"line":52,"column":7}}],"line":45},"4":{"loc":{"start":{"line":55,"column":10},"end":{"line":55,"column":null}},"type":"cond-expr","locations":[{"start":{"line":55,"column":17},"end":{"line":55,"column":35}},{"start":{"line":55,"column":35},"end":{"line":55,"column":null}}],"line":55}},"s":{"0":1,"1":8,"2":8,"3":8,"4":2,"5":10,"6":2,"7":8},"f":{"0":8,"1":8,"2":8,"3":2,"4":10,"5":8},"b":{"0":[2,6],"1":[8,2],"2":[8,2],"3":[2,0],"4":[0,2]},"meta":{"lastBranch":5,"lastFunction":6,"lastStatement":8,"seen":{"s:5:12:11:Infinity":0,"f:13:9:13:17":0,"s:14:2:36:Infinity":1,"f:19:8:19:20":1,"s:19:22:25:Infinity":2,"b:23:16:23:Infinity:24:16:24:Infinity":0,"f:28:10:28:12":2,"s:29:10:33:Infinity":3,"b:30:47:30:59:30:59:30:81":1,"b:32:13:32:25:32:25:32:Infinity":2,"f:40:16:40:24":3,"s:41:21:41:Infinity":4,"f:41:25:41:33":4,"s:41:42:41:67":5,"s:43:2:94:Infinity":6,"b:45:7:45:Infinity:46:8:52:7":3,"b:55:17:55:35:55:35:55:Infinity":4,"f:78:26:78:31":5,"s:78:40:78:95":7},"fnNames":{}}}
,"/home/mirukibs/Development/FleetFuel/Frontend/src/componets/layout/Topbar.jsx": {"path":"/home/mirukibs/Development/FleetFuel/Frontend/src/componets/layout/Topbar.jsx","statementMap":{"0":{"start":{"line":5,"column":6},"end":{"line":5,"column":null}},"1":{"start":{"line":5,"column":29},"end":{"line":5,"column":null}},"2":{"start":{"line":7,"column":6},"end":{"line":10,"column":null}},"3":{"start":{"line":8,"column":23},"end":{"line":8,"column":null}},"4":{"start":{"line":9,"column":2},"end":{"line":9,"column":null}},"5":{"start":{"line":13,"column":17},"end":{"line":13,"column":null}},"6":{"start":{"line":15,"column":2},"end":{"line":66,"column":null}}},"fnMap":{"0":{"name":"(anonymous_0)","decl":{"start":{"line":5,"column":6},"end":{"line":5,"column":20}},"loc":{"start":{"line":5,"column":29},"end":{"line":5,"column":null}},"line":5},"1":{"name":"(anonymous_1)","decl":{"start":{"line":7,"column":6},"end":{"line":7,"column":21}},"loc":{"start":{"line":7,"column":36},"end":{"line":10,"column":null}},"line":7},"2":{"name":"Topbar","decl":{"start":{"line":12,"column":16},"end":{"line":12,"column":23}},"loc":{"start":{"line":12,"column":51},"end":{"line":68,"column":null}},"line":12}},"branchMap":{"0":{"loc":{"start":{"line":5,"column":29},"end":{"line":5,"column":null}},"type":"cond-expr","locations":[{"start":{"line":5,"column":56},"end":{"line":5,"column":74}},{"start":{"line":5,"column":74},"end":{"line":5,"column":null}}],"line":5},"1":{"loc":{"start":{"line":7,"column":21},"end":{"line":7,"column":36}},"type":"default-arg","locations":[{"start":{"line":7,"column":29},"end":{"line":7,"column":36}}],"line":7},"2":{"loc":{"start":{"line":8,"column":9},"end":{"line":8,"column":23}},"type":"default-arg","locations":[{"start":{"line":8,"column":16},"end":{"line":8,"column":23}}],"line":8},"3":{"loc":{"start":{"line":38,"column":11},"end":{"line":38,"column":null}},"type":"cond-expr","locations":[{"start":{"line":38,"column":30},"end":{"line":38,"column":60}},{"start":{"line":38,"column":59},"end":{"line":38,"column":null}}],"line":38}},"s":{"0":1,"1":2,"2":1,"3":2,"4":2,"5":2,"6":2},"f":{"0":2,"1":2,"2":2},"b":{"0":[1,1],"1":[2],"2":[2],"3":[0,2]},"meta":{"lastBranch":4,"lastFunction":3,"lastStatement":7,"seen":{"s:5:6:5:Infinity":0,"f:5:6:5:20":0,"s:5:29:5:Infinity":1,"b:5:56:5:74:5:74:5:Infinity":0,"s:7:6:10:Infinity":2,"f:7:6:7:21":1,"b:7:29:7:36":1,"s:8:23:8:Infinity":3,"b:8:16:8:23":2,"s:9:2:9:Infinity":4,"f:12:16:12:23":2,"s:13:17:13:Infinity":5,"s:15:2:66:Infinity":6,"b:38:30:38:60:38:59:38:Infinity":3},"fnNames":{}}}
,"/home/mirukibs/Development/FleetFuel/Frontend/src/componets/ui/alert-dialog.jsx": {"path":"/home/mirukibs/Development/FleetFuel/Frontend/src/componets/ui/alert-dialog.jsx","statementMap":{"0":{"start":{"line":7,"column":20},"end":{"line":7,"column":null}},"1":{"start":{"line":9,"column":27},"end":{"line":9,"column":null}},"2":{"start":{"line":11,"column":26},"end":{"line":11,"column":null}},"3":{"start":{"line":13,"column":27},"end":{"line":24,"column":null}},"4":{"start":{"line":15,"column":4},"end":{"line":24,"column":null}},"5":{"start":{"line":26,"column":0},"end":{"line":26,"column":null}},"6":{"start":{"line":28,"column":27},"end":{"line":43,"column":null}},"7":{"start":{"line":30,"column":4},"end":{"line":43,"column":null}},"8":{"start":{"line":45,"column":0},"end":{"line":45,"column":null}},"9":{"start":{"line":47,"column":6},"end":{"line":54,"column":null}},"10":{"start":{"line":48,"column":2},"end":{"line":54,"column":null}},"11":{"start":{"line":57,"column":0},"end":{"line":57,"column":null}},"12":{"start":{"line":59,"column":6},"end":{"line":66,"column":null}},"13":{"start":{"line":60,"column":2},"end":{"line":66,"column":null}},"14":{"start":{"line":69,"column":0},"end":{"line":69,"column":null}},"15":{"start":{"line":71,"column":25},"end":{"line":79,"column":null}},"16":{"start":{"line":73,"column":4},"end":{"line":79,"column":null}},"17":{"start":{"line":81,"column":0},"end":{"line":81,"column":null}},"18":{"start":{"line":83,"column":31},"end":{"line":91,"column":null}},"19":{"start":{"line":85,"column":4},"end":{"line":91,"column":null}},"20":{"start":{"line":93,"column":0},"end":{"line":93,"column":null}},"21":{"start":{"line":95,"column":26},"end":{"line":103,"column":null}},"22":{"start":{"line":97,"column":4},"end":{"line":103,"column":null}},"23":{"start":{"line":105,"column":0},"end":{"line":105,"column":null}},"24":{"start":{"line":107,"column":26},"end":{"line":119,"column":null}},"25":{"start":{"line":109,"column":4},"end":{"line":119,"column":null}},"26":{"start":{"line":121,"column":0},"end":{"line":121,"column":null}}},"fnMap":{"0":{"name":"(anonymous_0)","decl":{"start":{"line":13,"column":33},"end":{"line":13,"column":null}},"loc":{"start":{"line":15,"column":4},"end":{"line":24,"column":null}},"line":15},"1":{"name":"(anonymous_1)","decl":{"start":{"line":28,"column":33},"end":{"line":28,"column":null}},"loc":{"start":{"line":30,"column":4},"end":{"line":43,"column":null}},"line":30},"2":{"name":"(anonymous_2)","decl":{"start":{"line":47,"column":6},"end":{"line":47,"column":27}},"loc":{"start":{"line":48,"column":2},"end":{"line":54,"column":null}},"line":48},"3":{"name":"(anonymous_3)","decl":{"start":{"line":59,"column":6},"end":{"line":59,"column":27}},"loc":{"start":{"line":60,"column":2},"end":{"line":66,"column":null}},"line":60},"4":{"name":"(anonymous_4)","decl":{"start":{"line":71,"column":31},"end":{"line":71,"column":null}},"loc":{"start":{"line":73,"column":4},"end":{"line":79,"column":null}},"line":73},"5":{"name":"(anonymous_5)","decl":{"start":{"line":83,"column":37},"end":{"line":83,"column":null}},"loc":{"start":{"line":85,"column":4},"end":{"line":91,"column":null}},"line":85},"6":{"name":"(anonymous_6)","decl":{"start":{"line":95,"column":32},"end":{"line":95,"column":null}},"loc":{"start":{"line":97,"column":4},"end":{"line":103,"column":null}},"line":97},"7":{"name":"(anonymous_7)","decl":{"start":{"line":107,"column":32},"end":{"line":107,"column":null}},"loc":{"start":{"line":109,"column":4},"end":{"line":119,"column":null}},"line":109}},"branchMap":{},"s":{"0":2,"1":2,"2":2,"3":2,"4":3,"5":2,"6":2,"7":86,"8":2,"9":2,"10":2,"11":2,"12":2,"13":2,"14":2,"15":2,"16":2,"17":2,"18":2,"19":2,"20":2,"21":2,"22":2,"23":2,"24":2,"25":2,"26":2},"f":{"0":3,"1":86,"2":2,"3":2,"4":2,"5":2,"6":2,"7":2},"b":{},"meta":{"lastBranch":0,"lastFunction":8,"lastStatement":27,"seen":{"s:7:20:7:Infinity":0,"s:9:27:9:Infinity":1,"s:11:26:11:Infinity":2,"s:13:27:24:Infinity":3,"f:13:33:13:Infinity":0,"s:15:4:24:Infinity":4,"s:26:0:26:Infinity":5,"s:28:27:43:Infinity":6,"f:28:33:28:Infinity":1,"s:30:4:43:Infinity":7,"s:45:0:45:Infinity":8,"s:47:6:54:Infinity":9,"f:47:6:47:27":2,"s:48:2:54:Infinity":10,"s:57:0:57:Infinity":11,"s:59:6:66:Infinity":12,"f:59:6:59:27":3,"s:60:2:66:Infinity":13,"s:69:0:69:Infinity":14,"s:71:25:79:Infinity":15,"f:71:31:71:Infinity":4,"s:73:4:79:Infinity":16,"s:81:0:81:Infinity":17,"s:83:31:91:Infinity":18,"f:83:37:83:Infinity":5,"s:85:4:91:Infinity":19,"s:93:0:93:Infinity":20,"s:95:26:103:Infinity":21,"f:95:32:95:Infinity":6,"s:97:4:103:Infinity":22,"s:105:0:105:Infinity":23,"s:107:26:119:Infinity":24,"f:107:32:107:Infinity":7,"s:109:4:119:Infinity":25,"s:121:0:121:Infinity":26},"fnNames":{}}}
,"/home/mirukibs/Development/FleetFuel/Frontend/src/componets/ui/button.jsx": {"path":"/home/mirukibs/Development/FleetFuel/Frontend/src/componets/ui/button.jsx","statementMap":{"0":{"start":{"line":7,"column":6},"end":{"line":44,"column":null}},"1":{"start":{"line":46,"column":15},"end":{"line":73,"column":null}},"2":{"start":{"line":57,"column":17},"end":{"line":57,"column":null}},"3":{"start":{"line":59,"column":4},"end":{"line":70,"column":null}},"4":{"start":{"line":75,"column":0},"end":{"line":75,"column":null}}},"fnMap":{"0":{"name":"(anonymous_0)","decl":{"start":{"line":46,"column":21},"end":{"line":46,"column":null}},"loc":{"start":{"line":56,"column":7},"end":{"line":72,"column":null}},"line":56}},"branchMap":{"0":{"loc":{"start":{"line":52,"column":6},"end":{"line":52,"column":null}},"type":"default-arg","locations":[{"start":{"line":52,"column":16},"end":{"line":52,"column":null}}],"line":52},"1":{"loc":{"start":{"line":57,"column":17},"end":{"line":57,"column":null}},"type":"cond-expr","locations":[{"start":{"line":57,"column":27},"end":{"line":57,"column":34}},{"start":{"line":57,"column":34},"end":{"line":57,"column":null}}],"line":57}},"s":{"0":6,"1":6,"2":565,"3":565,"4":6},"f":{"0":565},"b":{"0":[565],"1":[0,565]},"meta":{"lastBranch":2,"lastFunction":1,"lastStatement":5,"seen":{"s:7:6:44:Infinity":0,"s:46:15:73:Infinity":1,"f:46:21:46:Infinity":0,"b:52:16:52:Infinity":0,"s:57:17:57:Infinity":2,"b:57:27:57:34:57:34:57:Infinity":1,"s:59:4:70:Infinity":3,"s:75:0:75:Infinity":4},"fnNames":{}}}
,"/home/mirukibs/Development/FleetFuel/Frontend/src/componets/ui/dialog.jsx": {"path":"/home/mirukibs/Development/FleetFuel/Frontend/src/componets/ui/dialog.jsx","statementMap":{"0":{"start":{"line":1,"column":0},"end":{"line":1,"column":null}},"1":{"start":{"line":9,"column":15},"end":{"line":9,"column":null}},"2":{"start":{"line":10,"column":22},"end":{"line":10,"column":null}},"3":{"start":{"line":11,"column":21},"end":{"line":11,"column":null}},"4":{"start":{"line":12,"column":20},"end":{"line":12,"column":null}},"5":{"start":{"line":14,"column":22},"end":{"line":23,"column":null}},"6":{"start":{"line":15,"column":2},"end":{"line":23,"column":null}},"7":{"start":{"line":25,"column":0},"end":{"line":25,"column":null}},"8":{"start":{"line":27,"column":22},"end":{"line":46,"column":null}},"9":{"start":{"line":28,"column":2},"end":{"line":46,"column":null}},"10":{"start":{"line":48,"column":0},"end":{"line":48,"column":null}},"11":{"start":{"line":50,"column":6},"end":{"line":54,"column":null}},"12":{"start":{"line":51,"column":2},"end":{"line":54,"column":null}},"13":{"start":{"line":57,"column":0},"end":{"line":57,"column":null}},"14":{"start":{"line":59,"column":6},"end":{"line":66,"column":null}},"15":{"start":{"line":60,"column":2},"end":{"line":66,"column":null}},"16":{"start":{"line":69,"column":0},"end":{"line":69,"column":null}},"17":{"start":{"line":71,"column":20},"end":{"line":77,"column":null}},"18":{"start":{"line":72,"column":2},"end":{"line":77,"column":null}},"19":{"start":{"line":79,"column":0},"end":{"line":79,"column":null}},"20":{"start":{"line":81,"column":26},"end":{"line":87,"column":null}},"21":{"start":{"line":82,"column":2},"end":{"line":87,"column":null}},"22":{"start":{"line":89,"column":0},"end":{"line":89,"column":null}}},"fnMap":{"0":{"name":"(anonymous_0)","decl":{"start":{"line":14,"column":28},"end":{"line":14,"column":40}},"loc":{"start":{"line":15,"column":2},"end":{"line":23,"column":null}},"line":15},"1":{"name":"(anonymous_1)","decl":{"start":{"line":27,"column":28},"end":{"line":27,"column":40}},"loc":{"start":{"line":28,"column":2},"end":{"line":46,"column":null}},"line":28},"2":{"name":"(anonymous_2)","decl":{"start":{"line":50,"column":6},"end":{"line":50,"column":22}},"loc":{"start":{"line":51,"column":2},"end":{"line":54,"column":null}},"line":51},"3":{"name":"(anonymous_3)","decl":{"start":{"line":59,"column":6},"end":{"line":59,"column":22}},"loc":{"start":{"line":60,"column":2},"end":{"line":66,"column":null}},"line":60},"4":{"name":"(anonymous_4)","decl":{"start":{"line":71,"column":26},"end":{"line":71,"column":38}},"loc":{"start":{"line":72,"column":2},"end":{"line":77,"column":null}},"line":72},"5":{"name":"(anonymous_5)","decl":{"start":{"line":81,"column":32},"end":{"line":81,"column":44}},"loc":{"start":{"line":82,"column":2},"end":{"line":87,"column":null}},"line":82}},"branchMap":{},"s":{"0":6,"1":6,"2":6,"3":6,"4":6,"5":6,"6":142,"7":6,"8":6,"9":644,"10":6,"11":6,"12":109,"13":6,"14":6,"15":78,"16":6,"17":6,"18":109,"19":6,"20":6,"21":66,"22":6},"f":{"0":142,"1":644,"2":109,"3":78,"4":109,"5":66},"b":{},"meta":{"lastBranch":0,"lastFunction":6,"lastStatement":23,"seen":{"s:1:0:1:Infinity":0,"s:9:15:9:Infinity":1,"s:10:22:10:Infinity":2,"s:11:21:11:Infinity":3,"s:12:20:12:Infinity":4,"s:14:22:23:Infinity":5,"f:14:28:14:40":0,"s:15:2:23:Infinity":6,"s:25:0:25:Infinity":7,"s:27:22:46:Infinity":8,"f:27:28:27:40":1,"s:28:2:46:Infinity":9,"s:48:0:48:Infinity":10,"s:50:6:54:Infinity":11,"f:50:6:50:22":2,"s:51:2:54:Infinity":12,"s:57:0:57:Infinity":13,"s:59:6:66:Infinity":14,"f:59:6:59:22":3,"s:60:2:66:Infinity":15,"s:69:0:69:Infinity":16,"s:71:20:77:Infinity":17,"f:71:26:71:38":4,"s:72:2:77:Infinity":18,"s:79:0:79:Infinity":19,"s:81:26:87:Infinity":20,"f:81:32:81:44":5,"s:82:2:87:Infinity":21,"s:89:0:89:Infinity":22},"fnNames":{}}}
,"/home/mirukibs/Development/FleetFuel/Frontend/src/componets/ui-kit/KpiCard.jsx": {"path":"/home/mirukibs/Development/FleetFuel/Frontend/src/componets/ui-kit/KpiCard.jsx","statementMap":{"0":{"start":{"line":12,"column":8},"end":{"line":12,"column":null}},"1":{"start":{"line":14,"column":18},"end":{"line":19,"column":null}},"2":{"start":{"line":21,"column":2},"end":{"line":72,"column":null}}},"fnMap":{"0":{"name":"KpiCard","decl":{"start":{"line":4,"column":16},"end":{"line":4,"column":24}},"loc":{"start":{"line":11,"column":3},"end":{"line":74,"column":null}},"line":11}},"branchMap":{"0":{"loc":{"start":{"line":9,"column":2},"end":{"line":9,"column":null}},"type":"default-arg","locations":[{"start":{"line":9,"column":11},"end":{"line":9,"column":null}}],"line":9},"1":{"loc":{"start":{"line":12,"column":14},"end":{"line":12,"column":29}},"type":"binary-expr","locations":[{"start":{"line":12,"column":14},"end":{"line":12,"column":23}},{"start":{"line":12,"column":23},"end":{"line":12,"column":29}}],"line":12},"2":{"loc":{"start":{"line":40,"column":11},"end":{"line":41,"column":null}},"type":"binary-expr","locations":[{"start":{"line":40,"column":11},"end":{"line":40,"column":null}},{"start":{"line":41,"column":12},"end":{"line":41,"column":null}}],"line":40},"3":{"loc":{"start":{"line":50,"column":7},"end":{"line":70,"column":null}},"type":"binary-expr","locations":[{"start":{"line":50,"column":7},"end":{"line":50,"column":null}},{"start":{"line":51,"column":8},"end":{"line":70,"column":null}}],"line":50},"4":{"loc":{"start":{"line":55,"column":14},"end":{"line":57,"column":null}},"type":"cond-expr","locations":[{"start":{"line":56,"column":18},"end":{"line":56,"column":null}},{"start":{"line":57,"column":18},"end":{"line":57,"column":null}}],"line":55},"5":{"loc":{"start":{"line":60,"column":13},"end":{"line":63,"column":null}},"type":"cond-expr","locations":[{"start":{"line":61,"column":14},"end":{"line":63,"column":15}},{"start":{"line":63,"column":14},"end":{"line":63,"column":null}}],"line":60}},"s":{"0":8,"1":8,"2":8},"f":{"0":8},"b":{"0":[8],"1":[8,0],"2":[8,8],"3":[8,8],"4":[7,1],"5":[7,1]},"meta":{"lastBranch":6,"lastFunction":1,"lastStatement":3,"seen":{"f:4:16:4:24":0,"b:9:11:9:Infinity":0,"s:12:8:12:Infinity":0,"b:12:14:12:23:12:23:12:29":1,"s:14:18:19:Infinity":1,"s:21:2:72:Infinity":2,"b:40:11:40:Infinity:41:12:41:Infinity":2,"b:50:7:50:Infinity:51:8:70:Infinity":3,"b:56:18:56:Infinity:57:18:57:Infinity":4,"b:61:14:63:15:63:14:63:Infinity":5},"fnNames":{}}}
,"/home/mirukibs/Development/FleetFuel/Frontend/src/componets/ui-kit/Section.jsx": {"path":"/home/mirukibs/Development/FleetFuel/Frontend/src/componets/ui-kit/Section.jsx","statementMap":{"0":{"start":{"line":4,"column":2},"end":{"line":19,"column":null}},"1":{"start":{"line":24,"column":2},"end":{"line":29,"column":null}},"2":{"start":{"line":34,"column":2},"end":{"line":47,"column":null}}},"fnMap":{"0":{"name":"PageHeader","decl":{"start":{"line":3,"column":16},"end":{"line":3,"column":27}},"loc":{"start":{"line":3,"column":57},"end":{"line":21,"column":null}},"line":3},"1":{"name":"Card","decl":{"start":{"line":23,"column":16},"end":{"line":23,"column":21}},"loc":{"start":{"line":23,"column":51},"end":{"line":31,"column":null}},"line":23},"2":{"name":"CardHeader","decl":{"start":{"line":33,"column":16},"end":{"line":33,"column":27}},"loc":{"start":{"line":33,"column":56},"end":{"line":49,"column":null}},"line":33}},"branchMap":{"0":{"loc":{"start":{"line":11,"column":9},"end":{"line":16,"column":null}},"type":"binary-expr","locations":[{"start":{"line":11,"column":9},"end":{"line":11,"column":null}},{"start":{"line":12,"column":10},"end":{"line":16,"column":null}}],"line":11},"1":{"loc":{"start":{"line":18,"column":7},"end":{"line":19,"column":null}},"type":"binary-expr","locations":[{"start":{"line":18,"column":7},"end":{"line":18,"column":18}},{"start":{"line":18,"column":18},"end":{"line":19,"column":null}}],"line":18},"2":{"loc":{"start":{"line":23,"column":33},"end":{"line":23,"column":51}},"type":"default-arg","locations":[{"start":{"line":23,"column":45},"end":{"line":23,"column":51}}],"line":23},"3":{"loc":{"start":{"line":39,"column":9},"end":{"line":44,"column":null}},"type":"binary-expr","locations":[{"start":{"line":39,"column":9},"end":{"line":39,"column":null}},{"start":{"line":40,"column":10},"end":{"line":44,"column":null}}],"line":39}},"s":{"0":80,"1":2,"2":2},"f":{"0":80,"1":2,"2":2},"b":{"0":[80,80],"1":[80,26],"2":[2],"3":[2,2]},"meta":{"lastBranch":4,"lastFunction":3,"lastStatement":3,"seen":{"f:3:16:3:27":0,"s:4:2:19:Infinity":0,"b:11:9:11:Infinity:12:10:16:Infinity":0,"b:18:7:18:18:18:18:19:Infinity":1,"f:23:16:23:21":1,"b:23:45:23:51":2,"s:24:2:29:Infinity":1,"f:33:16:33:27":2,"s:34:2:47:Infinity":2,"b:39:9:39:Infinity:40:10:44:Infinity":3},"fnNames":{}}}
,"/home/mirukibs/Development/FleetFuel/Frontend/src/lib/client.js": {"path":"/home/mirukibs/Development/FleetFuel/Frontend/src/lib/client.js","statementMap":{"0":{"start":{"line":6,"column":17},"end":{"line":6,"column":null}},"1":{"start":{"line":7,"column":25},"end":{"line":7,"column":null}},"2":{"start":{"line":10,"column":2},"end":{"line":14,"column":null}},"3":{"start":{"line":11,"column":4},"end":{"line":11,"column":null}},"4":{"start":{"line":13,"column":4},"end":{"line":13,"column":null}},"5":{"start":{"line":18,"column":16},"end":{"line":18,"column":null}},"6":{"start":{"line":19,"column":19},"end":{"line":26,"column":null}},"7":{"start":{"line":28,"column":2},"end":{"line":31,"column":null}},"8":{"start":{"line":29,"column":18},"end":{"line":29,"column":null}},"9":{"start":{"line":29,"column":53},"end":{"line":29,"column":83}},"10":{"start":{"line":30,"column":4},"end":{"line":30,"column":null}},"11":{"start":{"line":33,"column":2},"end":{"line":33,"column":null}},"12":{"start":{"line":36,"column":28},"end":{"line":114,"column":null}},"13":{"start":{"line":38,"column":26},"end":{"line":38,"column":null}},"14":{"start":{"line":39,"column":21},"end":{"line":39,"column":null}},"15":{"start":{"line":40,"column":22},"end":{"line":40,"column":null}},"16":{"start":{"line":41,"column":18},"end":{"line":41,"column":null}},"17":{"start":{"line":44,"column":16},"end":{"line":44,"column":null}},"18":{"start":{"line":45,"column":39},"end":{"line":45,"column":null}},"19":{"start":{"line":46,"column":17},"end":{"line":46,"column":null}},"20":{"start":{"line":47,"column":22},"end":{"line":47,"column":null}},"21":{"start":{"line":50,"column":16},"end":{"line":50,"column":null}},"22":{"start":{"line":51,"column":39},"end":{"line":51,"column":null}},"23":{"start":{"line":52,"column":17},"end":{"line":52,"column":null}},"24":{"start":{"line":53,"column":22},"end":{"line":53,"column":null}},"25":{"start":{"line":54,"column":30},"end":{"line":54,"column":null}},"26":{"start":{"line":55,"column":31},"end":{"line":55,"column":null}},"27":{"start":{"line":56,"column":31},"end":{"line":56,"column":null}},"28":{"start":{"line":59,"column":16},"end":{"line":59,"column":null}},"29":{"start":{"line":60,"column":17},"end":{"line":60,"column":null}},"30":{"start":{"line":61,"column":24},"end":{"line":61,"column":null}},"31":{"start":{"line":62,"column":26},"end":{"line":62,"column":null}},"32":{"start":{"line":63,"column":36},"end":{"line":63,"column":null}},"33":{"start":{"line":64,"column":29},"end":{"line":64,"column":null}},"34":{"start":{"line":65,"column":42},"end":{"line":65,"column":null}},"35":{"start":{"line":68,"column":24},"end":{"line":68,"column":null}},"36":{"start":{"line":69,"column":40},"end":{"line":69,"column":null}},"37":{"start":{"line":70,"column":29},"end":{"line":70,"column":null}},"38":{"start":{"line":77,"column":18},"end":{"line":77,"column":null}},"39":{"start":{"line":78,"column":25},"end":{"line":78,"column":null}},"40":{"start":{"line":81,"column":16},"end":{"line":81,"column":null}},"41":{"start":{"line":82,"column":17},"end":{"line":82,"column":null}},"42":{"start":{"line":83,"column":24},"end":{"line":83,"column":null}},"43":{"start":{"line":84,"column":33},"end":{"line":84,"column":null}},"44":{"start":{"line":87,"column":16},"end":{"line":87,"column":null}},"45":{"start":{"line":88,"column":23},"end":{"line":88,"column":null}},"46":{"start":{"line":89,"column":24},"end":{"line":89,"column":null}},"47":{"start":{"line":90,"column":33},"end":{"line":90,"column":null}},"48":{"start":{"line":91,"column":28},"end":{"line":91,"column":null}},"49":{"start":{"line":92,"column":31},"end":{"line":92,"column":null}},"50":{"start":{"line":93,"column":35},"end":{"line":93,"column":null}},"51":{"start":{"line":94,"column":33},"end":{"line":94,"column":null}},"52":{"start":{"line":97,"column":34},"end":{"line":97,"column":null}},"53":{"start":{"line":98,"column":36},"end":{"line":98,"column":null}},"54":{"start":{"line":99,"column":17},"end":{"line":99,"column":null}},"55":{"start":{"line":100,"column":22},"end":{"line":100,"column":null}},"56":{"start":{"line":101,"column":26},"end":{"line":101,"column":null}},"57":{"start":{"line":102,"column":20},"end":{"line":102,"column":null}},"58":{"start":{"line":103,"column":20},"end":{"line":103,"column":null}},"59":{"start":{"line":104,"column":20},"end":{"line":104,"column":null}},"60":{"start":{"line":105,"column":21},"end":{"line":105,"column":null}},"61":{"start":{"line":108,"column":23},"end":{"line":108,"column":null}},"62":{"start":{"line":109,"column":33},"end":{"line":109,"column":null}},"63":{"start":{"line":110,"column":29},"end":{"line":110,"column":null}},"64":{"start":{"line":111,"column":36},"end":{"line":111,"column":null}},"65":{"start":{"line":112,"column":41},"end":{"line":112,"column":null}}},"fnMap":{"0":{"name":"getStoredToken","decl":{"start":{"line":9,"column":9},"end":{"line":9,"column":26}},"loc":{"start":{"line":9,"column":26},"end":{"line":15,"column":null}},"line":9},"1":{"name":"request","decl":{"start":{"line":17,"column":15},"end":{"line":17,"column":23}},"loc":{"start":{"line":17,"column":43},"end":{"line":34,"column":null}},"line":17},"2":{"name":"(anonymous_2)","decl":{"start":{"line":29,"column":40},"end":{"line":29,"column":53}},"loc":{"start":{"line":29,"column":53},"end":{"line":29,"column":83}},"line":29},"3":{"name":"(anonymous_3)","decl":{"start":{"line":38,"column":4},"end":{"line":38,"column":17}},"loc":{"start":{"line":38,"column":26},"end":{"line":38,"column":null}},"line":38},"4":{"name":"(anonymous_4)","decl":{"start":{"line":39,"column":4},"end":{"line":39,"column":12}},"loc":{"start":{"line":39,"column":21},"end":{"line":39,"column":null}},"line":39},"5":{"name":"(anonymous_5)","decl":{"start":{"line":40,"column":4},"end":{"line":40,"column":22}},"loc":{"start":{"line":40,"column":22},"end":{"line":40,"column":null}},"line":40},"6":{"name":"(anonymous_6)","decl":{"start":{"line":41,"column":4},"end":{"line":41,"column":18}},"loc":{"start":{"line":41,"column":18},"end":{"line":41,"column":null}},"line":41},"7":{"name":"(anonymous_7)","decl":{"start":{"line":44,"column":4},"end":{"line":44,"column":16}},"loc":{"start":{"line":44,"column":16},"end":{"line":44,"column":null}},"line":44},"8":{"name":"(anonymous_8)","decl":{"start":{"line":45,"column":4},"end":{"line":45,"column":20}},"loc":{"start":{"line":45,"column":39},"end":{"line":45,"column":null}},"line":45},"9":{"name":"(anonymous_9)","decl":{"start":{"line":46,"column":4},"end":{"line":46,"column":10}},"loc":{"start":{"line":46,"column":17},"end":{"line":46,"column":null}},"line":46},"10":{"name":"(anonymous_10)","decl":{"start":{"line":47,"column":4},"end":{"line":47,"column":13}},"loc":{"start":{"line":47,"column":22},"end":{"line":47,"column":null}},"line":47},"11":{"name":"(anonymous_11)","decl":{"start":{"line":50,"column":4},"end":{"line":50,"column":16}},"loc":{"start":{"line":50,"column":16},"end":{"line":50,"column":null}},"line":50},"12":{"name":"(anonymous_12)","decl":{"start":{"line":51,"column":4},"end":{"line":51,"column":20}},"loc":{"start":{"line":51,"column":39},"end":{"line":51,"column":null}},"line":51},"13":{"name":"(anonymous_13)","decl":{"start":{"line":52,"column":4},"end":{"line":52,"column":10}},"loc":{"start":{"line":52,"column":17},"end":{"line":52,"column":null}},"line":52},"14":{"name":"(anonymous_14)","decl":{"start":{"line":53,"column":4},"end":{"line":53,"column":13}},"loc":{"start":{"line":53,"column":22},"end":{"line":53,"column":null}},"line":53},"15":{"name":"(anonymous_15)","decl":{"start":{"line":54,"column":4},"end":{"line":54,"column":17}},"loc":{"start":{"line":54,"column":30},"end":{"line":54,"column":null}},"line":54},"16":{"name":"(anonymous_16)","decl":{"start":{"line":55,"column":4},"end":{"line":55,"column":19}},"loc":{"start":{"line":55,"column":31},"end":{"line":55,"column":null}},"line":55},"17":{"name":"(anonymous_17)","decl":{"start":{"line":56,"column":4},"end":{"line":56,"column":19}},"loc":{"start":{"line":56,"column":31},"end":{"line":56,"column":null}},"line":56},"18":{"name":"(anonymous_18)","decl":{"start":{"line":59,"column":4},"end":{"line":59,"column":16}},"loc":{"start":{"line":59,"column":16},"end":{"line":59,"column":null}},"line":59},"19":{"name":"(anonymous_19)","decl":{"start":{"line":60,"column":4},"end":{"line":60,"column":10}},"loc":{"start":{"line":60,"column":17},"end":{"line":60,"column":null}},"line":60},"20":{"name":"(anonymous_20)","decl":{"start":{"line":61,"column":4},"end":{"line":61,"column":15}},"loc":{"start":{"line":61,"column":24},"end":{"line":61,"column":null}},"line":61},"21":{"name":"(anonymous_21)","decl":{"start":{"line":62,"column":4},"end":{"line":62,"column":13}},"loc":{"start":{"line":62,"column":26},"end":{"line":62,"column":null}},"line":62},"22":{"name":"(anonymous_22)","decl":{"start":{"line":63,"column":4},"end":{"line":63,"column":20}},"loc":{"start":{"line":63,"column":36},"end":{"line":63,"column":null}},"line":63},"23":{"name":"(anonymous_23)","decl":{"start":{"line":64,"column":4},"end":{"line":64,"column":22}},"loc":{"start":{"line":64,"column":29},"end":{"line":64,"column":null}},"line":64},"24":{"name":"(anonymous_24)","decl":{"start":{"line":65,"column":4},"end":{"line":65,"column":23}},"loc":{"start":{"line":65,"column":42},"end":{"line":65,"column":null}},"line":65},"25":{"name":"(anonymous_25)","decl":{"start":{"line":68,"column":4},"end":{"line":68,"column":24}},"loc":{"start":{"line":68,"column":24},"end":{"line":68,"column":null}},"line":68},"26":{"name":"(anonymous_26)","decl":{"start":{"line":69,"column":4},"end":{"line":69,"column":26}},"loc":{"start":{"line":69,"column":40},"end":{"line":69,"column":null}},"line":69},"27":{"name":"(anonymous_27)","decl":{"start":{"line":70,"column":4},"end":{"line":70,"column":20}},"loc":{"start":{"line":70,"column":29},"end":{"line":70,"column":null}},"line":70},"28":{"name":"(anonymous_28)","decl":{"start":{"line":77,"column":4},"end":{"line":77,"column":18}},"loc":{"start":{"line":77,"column":18},"end":{"line":77,"column":null}},"line":77},"29":{"name":"(anonymous_29)","decl":{"start":{"line":78,"column":4},"end":{"line":78,"column":25}},"loc":{"start":{"line":78,"column":25},"end":{"line":78,"column":null}},"line":78},"30":{"name":"(anonymous_30)","decl":{"start":{"line":81,"column":4},"end":{"line":81,"column":16}},"loc":{"start":{"line":81,"column":16},"end":{"line":81,"column":null}},"line":81},"31":{"name":"(anonymous_31)","decl":{"start":{"line":82,"column":4},"end":{"line":82,"column":10}},"loc":{"start":{"line":82,"column":17},"end":{"line":82,"column":null}},"line":82},"32":{"name":"(anonymous_32)","decl":{"start":{"line":83,"column":4},"end":{"line":83,"column":15}},"loc":{"start":{"line":83,"column":24},"end":{"line":83,"column":null}},"line":83},"33":{"name":"(anonymous_33)","decl":{"start":{"line":84,"column":4},"end":{"line":84,"column":20}},"loc":{"start":{"line":84,"column":33},"end":{"line":84,"column":null}},"line":84},"34":{"name":"(anonymous_34)","decl":{"start":{"line":87,"column":4},"end":{"line":87,"column":16}},"loc":{"start":{"line":87,"column":16},"end":{"line":87,"column":null}},"line":87},"35":{"name":"(anonymous_35)","decl":{"start":{"line":88,"column":4},"end":{"line":88,"column":16}},"loc":{"start":{"line":88,"column":23},"end":{"line":88,"column":null}},"line":88},"36":{"name":"(anonymous_36)","decl":{"start":{"line":89,"column":4},"end":{"line":89,"column":15}},"loc":{"start":{"line":89,"column":24},"end":{"line":89,"column":null}},"line":89},"37":{"name":"(anonymous_37)","decl":{"start":{"line":90,"column":4},"end":{"line":90,"column":20}},"loc":{"start":{"line":90,"column":33},"end":{"line":90,"column":null}},"line":90},"38":{"name":"(anonymous_38)","decl":{"start":{"line":91,"column":4},"end":{"line":91,"column":15}},"loc":{"start":{"line":91,"column":28},"end":{"line":91,"column":null}},"line":91},"39":{"name":"(anonymous_39)","decl":{"start":{"line":92,"column":4},"end":{"line":92,"column":18}},"loc":{"start":{"line":92,"column":31},"end":{"line":92,"column":null}},"line":92},"40":{"name":"(anonymous_40)","decl":{"start":{"line":93,"column":4},"end":{"line":93,"column":18}},"loc":{"start":{"line":93,"column":35},"end":{"line":93,"column":null}},"line":93},"41":{"name":"(anonymous_41)","decl":{"start":{"line":94,"column":4},"end":{"line":94,"column":20}},"loc":{"start":{"line":94,"column":33},"end":{"line":94,"column":null}},"line":94},"42":{"name":"(anonymous_42)","decl":{"start":{"line":97,"column":4},"end":{"line":97,"column":20}},"loc":{"start":{"line":97,"column":34},"end":{"line":97,"column":null}},"line":97},"43":{"name":"(anonymous_43)","decl":{"start":{"line":98,"column":4},"end":{"line":98,"column":21}},"loc":{"start":{"line":98,"column":36},"end":{"line":98,"column":null}},"line":98},"44":{"name":"(anonymous_44)","decl":{"start":{"line":99,"column":4},"end":{"line":99,"column":10}},"loc":{"start":{"line":99,"column":17},"end":{"line":99,"column":null}},"line":99},"45":{"name":"(anonymous_45)","decl":{"start":{"line":100,"column":4},"end":{"line":100,"column":13}},"loc":{"start":{"line":100,"column":22},"end":{"line":100,"column":null}},"line":100},"46":{"name":"(anonymous_46)","decl":{"start":{"line":101,"column":4},"end":{"line":101,"column":13}},"loc":{"start":{"line":101,"column":26},"end":{"line":101,"column":null}},"line":101},"47":{"name":"(anonymous_47)","decl":{"start":{"line":102,"column":4},"end":{"line":102,"column":13}},"loc":{"start":{"line":102,"column":20},"end":{"line":102,"column":null}},"line":102},"48":{"name":"(anonymous_48)","decl":{"start":{"line":103,"column":4},"end":{"line":103,"column":13}},"loc":{"start":{"line":103,"column":20},"end":{"line":103,"column":null}},"line":103},"49":{"name":"(anonymous_49)","decl":{"start":{"line":104,"column":4},"end":{"line":104,"column":13}},"loc":{"start":{"line":104,"column":20},"end":{"line":104,"column":null}},"line":104},"50":{"name":"(anonymous_50)","decl":{"start":{"line":105,"column":4},"end":{"line":105,"column":14}},"loc":{"start":{"line":105,"column":21},"end":{"line":105,"column":null}},"line":105},"51":{"name":"(anonymous_51)","decl":{"start":{"line":108,"column":4},"end":{"line":108,"column":14}},"loc":{"start":{"line":108,"column":23},"end":{"line":108,"column":null}},"line":108},"52":{"name":"(anonymous_52)","decl":{"start":{"line":109,"column":4},"end":{"line":109,"column":24}},"loc":{"start":{"line":109,"column":33},"end":{"line":109,"column":null}},"line":109},"53":{"name":"(anonymous_53)","decl":{"start":{"line":110,"column":4},"end":{"line":110,"column":10}},"loc":{"start":{"line":110,"column":29},"end":{"line":110,"column":null}},"line":110},"54":{"name":"(anonymous_54)","decl":{"start":{"line":111,"column":4},"end":{"line":111,"column":17}},"loc":{"start":{"line":111,"column":36},"end":{"line":111,"column":null}},"line":111},"55":{"name":"(anonymous_55)","decl":{"start":{"line":112,"column":4},"end":{"line":112,"column":22}},"loc":{"start":{"line":112,"column":41},"end":{"line":112,"column":null}},"line":112}},"branchMap":{"0":{"loc":{"start":{"line":6,"column":17},"end":{"line":6,"column":null}},"type":"binary-expr","locations":[{"start":{"line":6,"column":17},"end":{"line":6,"column":49}},{"start":{"line":6,"column":49},"end":{"line":6,"column":null}}],"line":6},"1":{"loc":{"start":{"line":11,"column":11},"end":{"line":11,"column":null}},"type":"binary-expr","locations":[{"start":{"line":11,"column":11},"end":{"line":11,"column":82}},{"start":{"line":11,"column":82},"end":{"line":11,"column":null}}],"line":11},"2":{"loc":{"start":{"line":11,"column":22},"end":{"line":11,"column":70}},"type":"binary-expr","locations":[{"start":{"line":11,"column":22},"end":{"line":11,"column":64}},{"start":{"line":11,"column":64},"end":{"line":11,"column":70}}],"line":11},"3":{"loc":{"start":{"line":17,"column":29},"end":{"line":17,"column":43}},"type":"default-arg","locations":[{"start":{"line":17,"column":39},"end":{"line":17,"column":43}}],"line":17},"4":{"loc":{"start":{"line":23,"column":10},"end":{"line":23,"column":null}},"type":"cond-expr","locations":[{"start":{"line":23,"column":18},"end":{"line":23,"column":57}},{"start":{"line":23,"column":57},"end":{"line":23,"column":null}}],"line":23},"5":{"loc":{"start":{"line":28,"column":2},"end":{"line":31,"column":null}},"type":"if","locations":[{"start":{"line":28,"column":2},"end":{"line":31,"column":null}},{"start":{},"end":{}}],"line":28},"6":{"loc":{"start":{"line":30,"column":20},"end":{"line":30,"column":87}},"type":"binary-expr","locations":[{"start":{"line":30,"column":20},"end":{"line":30,"column":37}},{"start":{"line":30,"column":37},"end":{"line":30,"column":87}}],"line":30},"7":{"loc":{"start":{"line":33,"column":9},"end":{"line":33,"column":null}},"type":"cond-expr","locations":[{"start":{"line":33,"column":35},"end":{"line":33,"column":53}},{"start":{"line":33,"column":53},"end":{"line":33,"column":null}}],"line":33}},"s":{"0":1,"1":1,"2":3,"3":3,"4":0,"5":3,"6":3,"7":3,"8":1,"9":0,"10":1,"11":2,"12":1,"13":0,"14":0,"15":0,"16":0,"17":0,"18":0,"19":0,"20":0,"21":0,"22":0,"23":0,"24":0,"25":0,"26":0,"27":0,"28":1,"29":0,"30":0,"31":0,"32":0,"33":0,"34":2,"35":0,"36":0,"37":0,"38":0,"39":0,"40":0,"41":0,"42":0,"43":0,"44":0,"45":0,"46":0,"47":0,"48":0,"49":0,"50":0,"51":0,"52":0,"53":0,"54":0,"55":0,"56":0,"57":0,"58":0,"59":0,"60":0,"61":0,"62":0,"63":0,"64":0,"65":0},"f":{"0":3,"1":3,"2":0,"3":0,"4":0,"5":0,"6":0,"7":0,"8":0,"9":0,"10":0,"11":0,"12":0,"13":0,"14":0,"15":0,"16":0,"17":0,"18":1,"19":0,"20":0,"21":0,"22":0,"23":0,"24":2,"25":0,"26":0,"27":0,"28":0,"29":0,"30":0,"31":0,"32":0,"33":0,"34":0,"35":0,"36":0,"37":0,"38":0,"39":0,"40":0,"41":0,"42":0,"43":0,"44":0,"45":0,"46":0,"47":0,"48":0,"49":0,"50":0,"51":0,"52":0,"53":0,"54":0,"55":0},"b":{"0":[1,1],"1":[3,3],"2":[3,3],"3":[3],"4":[0,3],"5":[1,2],"6":[1,0],"7":[2,0]},"meta":{"lastBranch":8,"lastFunction":56,"lastStatement":66,"seen":{"s:6:17:6:Infinity":0,"b:6:17:6:49:6:49:6:Infinity":0,"s:7:25:7:Infinity":1,"f:9:9:9:26":0,"s:10:2:14:Infinity":2,"s:11:4:11:Infinity":3,"b:11:11:11:82:11:82:11:Infinity":1,"b:11:22:11:64:11:64:11:70":2,"s:13:4:13:Infinity":4,"f:17:15:17:23":1,"b:17:39:17:43":3,"s:18:16:18:Infinity":5,"s:19:19:26:Infinity":6,"b:23:18:23:57:23:57:23:Infinity":4,"b:28:2:31:Infinity:undefined:undefined:undefined:undefined":5,"s:28:2:31:Infinity":7,"s:29:18:29:Infinity":8,"f:29:40:29:53":2,"s:29:53:29:83":9,"s:30:4:30:Infinity":10,"b:30:20:30:37:30:37:30:87":6,"s:33:2:33:Infinity":11,"b:33:35:33:53:33:53:33:Infinity":7,"s:36:28:114:Infinity":12,"f:38:4:38:17":3,"s:38:26:38:Infinity":13,"f:39:4:39:12":4,"s:39:21:39:Infinity":14,"f:40:4:40:22":5,"s:40:22:40:Infinity":15,"f:41:4:41:18":6,"s:41:18:41:Infinity":16,"f:44:4:44:16":7,"s:44:16:44:Infinity":17,"f:45:4:45:20":8,"s:45:39:45:Infinity":18,"f:46:4:46:10":9,"s:46:17:46:Infinity":19,"f:47:4:47:13":10,"s:47:22:47:Infinity":20,"f:50:4:50:16":11,"s:50:16:50:Infinity":21,"f:51:4:51:20":12,"s:51:39:51:Infinity":22,"f:52:4:52:10":13,"s:52:17:52:Infinity":23,"f:53:4:53:13":14,"s:53:22:53:Infinity":24,"f:54:4:54:17":15,"s:54:30:54:Infinity":25,"f:55:4:55:19":16,"s:55:31:55:Infinity":26,"f:56:4:56:19":17,"s:56:31:56:Infinity":27,"f:59:4:59:16":18,"s:59:16:59:Infinity":28,"f:60:4:60:10":19,"s:60:17:60:Infinity":29,"f:61:4:61:15":20,"s:61:24:61:Infinity":30,"f:62:4:62:13":21,"s:62:26:62:Infinity":31,"f:63:4:63:20":22,"s:63:36:63:Infinity":32,"f:64:4:64:22":23,"s:64:29:64:Infinity":33,"f:65:4:65:23":24,"s:65:42:65:Infinity":34,"f:68:4:68:24":25,"s:68:24:68:Infinity":35,"f:69:4:69:26":26,"s:69:40:69:Infinity":36,"f:70:4:70:20":27,"s:70:29:70:Infinity":37,"f:77:4:77:18":28,"s:77:18:77:Infinity":38,"f:78:4:78:25":29,"s:78:25:78:Infinity":39,"f:81:4:81:16":30,"s:81:16:81:Infinity":40,"f:82:4:82:10":31,"s:82:17:82:Infinity":41,"f:83:4:83:15":32,"s:83:24:83:Infinity":42,"f:84:4:84:20":33,"s:84:33:84:Infinity":43,"f:87:4:87:16":34,"s:87:16:87:Infinity":44,"f:88:4:88:16":35,"s:88:23:88:Infinity":45,"f:89:4:89:15":36,"s:89:24:89:Infinity":46,"f:90:4:90:20":37,"s:90:33:90:Infinity":47,"f:91:4:91:15":38,"s:91:28:91:Infinity":48,"f:92:4:92:18":39,"s:92:31:92:Infinity":49,"f:93:4:93:18":40,"s:93:35:93:Infinity":50,"f:94:4:94:20":41,"s:94:33:94:Infinity":51,"f:97:4:97:20":42,"s:97:34:97:Infinity":52,"f:98:4:98:21":43,"s:98:36:98:Infinity":53,"f:99:4:99:10":44,"s:99:17:99:Infinity":54,"f:100:4:100:13":45,"s:100:22:100:Infinity":55,"f:101:4:101:13":46,"s:101:26:101:Infinity":56,"f:102:4:102:13":47,"s:102:20:102:Infinity":57,"f:103:4:103:13":48,"s:103:20:103:Infinity":58,"f:104:4:104:13":49,"s:104:20:104:Infinity":59,"f:105:4:105:14":50,"s:105:21:105:Infinity":60,"f:108:4:108:14":51,"s:108:23:108:Infinity":61,"f:109:4:109:24":52,"s:109:33:109:Infinity":62,"f:110:4:110:10":53,"s:110:29:110:Infinity":63,"f:111:4:111:17":54,"s:111:36:111:Infinity":64,"f:112:4:112:22":55,"s:112:41:112:Infinity":65},"fnNames":{}}}
,"/home/mirukibs/Development/FleetFuel/Frontend/src/lib/fleetModule.js": {"path":"/home/mirukibs/Development/FleetFuel/Frontend/src/lib/fleetModule.js","statementMap":{"0":{"start":{"line":1,"column":34},"end":{"line":1,"column":null}},"1":{"start":{"line":4,"column":16},"end":{"line":4,"column":null}},"2":{"start":{"line":5,"column":2},"end":{"line":7,"column":null}},"3":{"start":{"line":6,"column":4},"end":{"line":6,"column":null}},"4":{"start":{"line":8,"column":2},"end":{"line":10,"column":null}},"5":{"start":{"line":9,"column":4},"end":{"line":9,"column":null}},"6":{"start":{"line":11,"column":2},"end":{"line":11,"column":null}},"7":{"start":{"line":15,"column":24},"end":{"line":15,"column":null}},"8":{"start":{"line":16,"column":2},"end":{"line":16,"column":null}},"9":{"start":{"line":16,"column":46},"end":{"line":16,"column":null}},"10":{"start":{"line":17,"column":2},"end":{"line":17,"column":null}},"11":{"start":{"line":17,"column":40},"end":{"line":17,"column":null}},"12":{"start":{"line":18,"column":2},"end":{"line":18,"column":null}},"13":{"start":{"line":22,"column":24},"end":{"line":22,"column":null}},"14":{"start":{"line":22,"column":65},"end":{"line":22,"column":87}},"15":{"start":{"line":23,"column":2},"end":{"line":34,"column":null}}},"fnMap":{"0":{"name":"splitFullName","decl":{"start":{"line":3,"column":16},"end":{"line":3,"column":30}},"loc":{"start":{"line":3,"column":40},"end":{"line":12,"column":null}},"line":3},"1":{"name":"getLatestFuelLevel","decl":{"start":{"line":14,"column":16},"end":{"line":14,"column":35}},"loc":{"start":{"line":14,"column":44},"end":{"line":19,"column":null}},"line":14},"2":{"name":"toFrontendVehicle","decl":{"start":{"line":21,"column":16},"end":{"line":21,"column":34}},"loc":{"start":{"line":21,"column":56},"end":{"line":35,"column":null}},"line":21},"3":{"name":"(anonymous_3)","decl":{"start":{"line":22,"column":50},"end":{"line":22,"column":55}},"loc":{"start":{"line":22,"column":65},"end":{"line":22,"column":87}},"line":22}},"branchMap":{"0":{"loc":{"start":{"line":4,"column":19},"end":{"line":4,"column":36}},"type":"binary-expr","locations":[{"start":{"line":4,"column":19},"end":{"line":4,"column":31}},{"start":{"line":4,"column":31},"end":{"line":4,"column":36}}],"line":4},"1":{"loc":{"start":{"line":5,"column":2},"end":{"line":7,"column":null}},"type":"if","locations":[{"start":{"line":5,"column":2},"end":{"line":7,"column":null}},{"start":{},"end":{}}],"line":5},"2":{"loc":{"start":{"line":8,"column":2},"end":{"line":10,"column":null}},"type":"if","locations":[{"start":{"line":8,"column":2},"end":{"line":10,"column":null}},{"start":{},"end":{}}],"line":8},"3":{"loc":{"start":{"line":15,"column":24},"end":{"line":15,"column":null}},"type":"cond-expr","locations":[{"start":{"line":15,"column":52},"end":{"line":15,"column":100}},{"start":{"line":15,"column":100},"end":{"line":15,"column":null}}],"line":15},"4":{"loc":{"start":{"line":16,"column":2},"end":{"line":16,"column":null}},"type":"if","locations":[{"start":{"line":16,"column":2},"end":{"line":16,"column":null}},{"start":{},"end":{}}],"line":16},"5":{"loc":{"start":{"line":17,"column":2},"end":{"line":17,"column":null}},"type":"if","locations":[{"start":{"line":17,"column":2},"end":{"line":17,"column":null}},{"start":{},"end":{}}],"line":17},"6":{"loc":{"start":{"line":21,"column":43},"end":{"line":21,"column":56}},"type":"default-arg","locations":[{"start":{"line":21,"column":52},"end":{"line":21,"column":56}}],"line":21},"7":{"loc":{"start":{"line":25,"column":11},"end":{"line":25,"column":null}},"type":"binary-expr","locations":[{"start":{"line":25,"column":11},"end":{"line":25,"column":35}},{"start":{"line":25,"column":35},"end":{"line":25,"column":52}},{"start":{"line":25,"column":52},"end":{"line":25,"column":null}}],"line":25},"8":{"loc":{"start":{"line":26,"column":10},"end":{"line":26,"column":null}},"type":"binary-expr","locations":[{"start":{"line":26,"column":10},"end":{"line":26,"column":26}},{"start":{"line":26,"column":26},"end":{"line":26,"column":null}}],"line":26},"9":{"loc":{"start":{"line":27,"column":11},"end":{"line":27,"column":null}},"type":"binary-expr","locations":[{"start":{"line":27,"column":11},"end":{"line":27,"column":28}},{"start":{"line":27,"column":28},"end":{"line":27,"column":null}}],"line":27},"10":{"loc":{"start":{"line":28,"column":17},"end":{"line":28,"column":34}},"type":"binary-expr","locations":[{"start":{"line":28,"column":17},"end":{"line":28,"column":33}},{"start":{"line":28,"column":33},"end":{"line":28,"column":34}}],"line":28},"11":{"loc":{"start":{"line":29,"column":10},"end":{"line":29,"column":null}},"type":"binary-expr","locations":[{"start":{"line":29,"column":10},"end":{"line":29,"column":26}},{"start":{"line":29,"column":26},"end":{"line":29,"column":null}}],"line":29},"12":{"loc":{"start":{"line":30,"column":13},"end":{"line":30,"column":null}},"type":"binary-expr","locations":[{"start":{"line":30,"column":13},"end":{"line":30,"column":32}},{"start":{"line":30,"column":32},"end":{"line":30,"column":null}}],"line":30},"13":{"loc":{"start":{"line":31,"column":11},"end":{"line":31,"column":null}},"type":"binary-expr","locations":[{"start":{"line":31,"column":11},"end":{"line":31,"column":45}},{"start":{"line":31,"column":45},"end":{"line":31,"column":62}},{"start":{"line":31,"column":62},"end":{"line":31,"column":null}}],"line":31},"14":{"loc":{"start":{"line":33,"column":12},"end":{"line":33,"column":null}},"type":"binary-expr","locations":[{"start":{"line":33,"column":12},"end":{"line":33,"column":34}},{"start":{"line":33,"column":34},"end":{"line":33,"column":52}},{"start":{"line":33,"column":52},"end":{"line":33,"column":null}}],"line":33}},"s":{"0":5,"1":7,"2":7,"3":3,"4":4,"5":1,"6":3,"7":14,"8":14,"9":3,"10":11,"11":7,"12":4,"13":10,"14":4,"15":10},"f":{"0":7,"1":14,"2":10,"3":4},"b":{"0":[7,2],"1":[3,4],"2":[1,3],"3":[3,11],"4":[3,11],"5":[7,4],"6":[10],"7":[10,0,0],"8":[10,1],"9":[10,9],"10":[10,9],"11":[10,9],"12":[10,9],"13":[10,9,9],"14":[10,9,3]},"meta":{"lastBranch":15,"lastFunction":4,"lastStatement":16,"seen":{"s:1:34:1:Infinity":0,"f:3:16:3:30":0,"s:4:16:4:Infinity":1,"b:4:19:4:31:4:31:4:36":0,"b:5:2:7:Infinity:undefined:undefined:undefined:undefined":1,"s:5:2:7:Infinity":2,"s:6:4:6:Infinity":3,"b:8:2:10:Infinity:undefined:undefined:undefined:undefined":2,"s:8:2:10:Infinity":4,"s:9:4:9:Infinity":5,"s:11:2:11:Infinity":6,"f:14:16:14:35":1,"s:15:24:15:Infinity":7,"b:15:52:15:100:15:100:15:Infinity":3,"b:16:2:16:Infinity:undefined:undefined:undefined:undefined":4,"s:16:2:16:Infinity":8,"s:16:46:16:Infinity":9,"b:17:2:17:Infinity:undefined:undefined:undefined:undefined":5,"s:17:2:17:Infinity":10,"s:17:40:17:Infinity":11,"s:18:2:18:Infinity":12,"f:21:16:21:34":2,"b:21:52:21:56":6,"s:22:24:22:Infinity":13,"f:22:50:22:55":3,"s:22:65:22:87":14,"s:23:2:34:Infinity":15,"b:25:11:25:35:25:35:25:52:25:52:25:Infinity":7,"b:26:10:26:26:26:26:26:Infinity":8,"b:27:11:27:28:27:28:27:Infinity":9,"b:28:17:28:33:28:33:28:34":10,"b:29:10:29:26:29:26:29:Infinity":11,"b:30:13:30:32:30:32:30:Infinity":12,"b:31:11:31:45:31:45:31:62:31:62:31:Infinity":13,"b:33:12:33:34:33:34:33:52:33:52:33:Infinity":14},"fnNames":{}}}
,"/home/mirukibs/Development/FleetFuel/Frontend/src/lib/theme.js": {"path":"/home/mirukibs/Development/FleetFuel/Frontend/src/lib/theme.js","statementMap":{"0":{"start":{"line":4,"column":16},"end":{"line":6,"column":null}},"1":{"start":{"line":5,"column":10},"end":{"line":5,"column":null}},"2":{"start":{"line":8,"column":2},"end":{"line":11,"column":null}},"3":{"start":{"line":9,"column":4},"end":{"line":9,"column":null}},"4":{"start":{"line":10,"column":4},"end":{"line":10,"column":null}},"5":{"start":{"line":13,"column":8},"end":{"line":13,"column":null}},"6":{"start":{"line":13,"column":23},"end":{"line":13,"column":null}},"7":{"start":{"line":13,"column":40},"end":{"line":13,"column":72}},"8":{"start":{"line":15,"column":2},"end":{"line":15,"column":null}}},"fnMap":{"0":{"name":"useTheme","decl":{"start":{"line":3,"column":16},"end":{"line":3,"column":27}},"loc":{"start":{"line":3,"column":27},"end":{"line":16,"column":null}},"line":3},"1":{"name":"(anonymous_1)","decl":{"start":{"line":4,"column":28},"end":{"line":4,"column":null}},"loc":{"start":{"line":5,"column":10},"end":{"line":5,"column":null}},"line":5},"2":{"name":"(anonymous_2)","decl":{"start":{"line":8,"column":2},"end":{"line":8,"column":18}},"loc":{"start":{"line":8,"column":18},"end":{"line":11,"column":5}},"line":8},"3":{"name":"(anonymous_3)","decl":{"start":{"line":13,"column":8},"end":{"line":13,"column":23}},"loc":{"start":{"line":13,"column":23},"end":{"line":13,"column":null}},"line":13},"4":{"name":"(anonymous_4)","decl":{"start":{"line":13,"column":23},"end":{"line":13,"column":33}},"loc":{"start":{"line":13,"column":40},"end":{"line":13,"column":72}},"line":13}},"branchMap":{"0":{"loc":{"start":{"line":5,"column":10},"end":{"line":5,"column":null}},"type":"binary-expr","locations":[{"start":{"line":5,"column":10},"end":{"line":5,"column":43}},{"start":{"line":5,"column":43},"end":{"line":5,"column":null}}],"line":5},"1":{"loc":{"start":{"line":13,"column":40},"end":{"line":13,"column":72}},"type":"cond-expr","locations":[{"start":{"line":13,"column":55},"end":{"line":13,"column":65}},{"start":{"line":13,"column":65},"end":{"line":13,"column":72}}],"line":13}},"s":{"0":2,"1":2,"2":2,"3":2,"4":2,"5":2,"6":0,"7":0,"8":2},"f":{"0":2,"1":2,"2":2,"3":0,"4":0},"b":{"0":[2,2],"1":[0,0]},"meta":{"lastBranch":2,"lastFunction":5,"lastStatement":9,"seen":{"f:3:16:3:27":0,"s:4:16:6:Infinity":0,"f:4:28:4:Infinity":1,"s:5:10:5:Infinity":1,"b:5:10:5:43:5:43:5:Infinity":0,"s:8:2:11:Infinity":2,"f:8:2:8:18":2,"s:9:4:9:Infinity":3,"s:10:4:10:Infinity":4,"s:13:8:13:Infinity":5,"f:13:8:13:23":3,"s:13:23:13:Infinity":6,"f:13:23:13:33":4,"s:13:40:13:72":7,"b:13:55:13:65:13:65:13:72":1,"s:15:2:15:Infinity":8},"fnNames":{}}}
,"/home/mirukibs/Development/FleetFuel/Frontend/src/lib/utils.js": {"path":"/home/mirukibs/Development/FleetFuel/Frontend/src/lib/utils.js","statementMap":{"0":{"start":{"line":5,"column":2},"end":{"line":5,"column":null}}},"fnMap":{"0":{"name":"cn","decl":{"start":{"line":4,"column":16},"end":{"line":4,"column":19}},"loc":{"start":{"line":4,"column":30},"end":{"line":6,"column":null}},"line":4}},"branchMap":{},"s":{"0":2138},"f":{"0":2138},"b":{},"meta":{"lastBranch":0,"lastFunction":1,"lastStatement":1,"seen":{"f:4:16:4:19":0,"s:5:2:5:Infinity":0},"fnNames":{}}}
,"/home/mirukibs/Development/FleetFuel/Frontend/src/pages/Auth.jsx": {"path":"/home/mirukibs/Development/FleetFuel/Frontend/src/pages/Auth.jsx","statementMap":{"0":{"start":{"line":5,"column":14},"end":{"line":8,"column":null}},"1":{"start":{"line":10,"column":26},"end":{"line":17,"column":null}},"2":{"start":{"line":20,"column":20},"end":{"line":20,"column":null}},"3":{"start":{"line":21,"column":27},"end":{"line":21,"column":null}},"4":{"start":{"line":22,"column":21},"end":{"line":22,"column":null}},"5":{"start":{"line":23,"column":28},"end":{"line":23,"column":null}},"6":{"start":{"line":24,"column":30},"end":{"line":24,"column":null}},"7":{"start":{"line":25,"column":22},"end":{"line":25,"column":null}},"8":{"start":{"line":26,"column":25},"end":{"line":26,"column":null}},"9":{"start":{"line":28,"column":22},"end":{"line":41,"column":null}},"10":{"start":{"line":29,"column":4},"end":{"line":29,"column":null}},"11":{"start":{"line":30,"column":4},"end":{"line":30,"column":null}},"12":{"start":{"line":31,"column":4},"end":{"line":31,"column":null}},"13":{"start":{"line":33,"column":4},"end":{"line":40,"column":null}},"14":{"start":{"line":34,"column":22},"end":{"line":34,"column":null}},"15":{"start":{"line":35,"column":6},"end":{"line":35,"column":null}},"16":{"start":{"line":37,"column":6},"end":{"line":37,"column":null}},"17":{"start":{"line":39,"column":6},"end":{"line":39,"column":null}},"18":{"start":{"line":43,"column":27},"end":{"line":79,"column":null}},"19":{"start":{"line":44,"column":4},"end":{"line":44,"column":null}},"20":{"start":{"line":45,"column":4},"end":{"line":45,"column":null}},"21":{"start":{"line":46,"column":4},"end":{"line":46,"column":null}},"22":{"start":{"line":47,"column":4},"end":{"line":47,"column":null}},"23":{"start":{"line":49,"column":4},"end":{"line":78,"column":null}},"24":{"start":{"line":50,"column":6},"end":{"line":64,"column":null}},"25":{"start":{"line":51,"column":8},"end":{"line":56,"column":null}},"26":{"start":{"line":58,"column":8},"end":{"line":63,"column":null}},"27":{"start":{"line":66,"column":6},"end":{"line":70,"column":null}},"28":{"start":{"line":72,"column":6},"end":{"line":72,"column":null}},"29":{"start":{"line":73,"column":6},"end":{"line":73,"column":null}},"30":{"start":{"line":75,"column":6},"end":{"line":75,"column":null}},"31":{"start":{"line":77,"column":6},"end":{"line":77,"column":null}},"32":{"start":{"line":81,"column":2},"end":{"line":246,"column":null}},"33":{"start":{"line":117,"column":39},"end":{"line":117,"column":null}},"34":{"start":{"line":128,"column":39},"end":{"line":128,"column":null}},"35":{"start":{"line":158,"column":39},"end":{"line":158,"column":null}},"36":{"start":{"line":161,"column":20},"end":{"line":161,"column":null}},"37":{"start":{"line":178,"column":39},"end":{"line":178,"column":null}},"38":{"start":{"line":189,"column":39},"end":{"line":189,"column":null}},"39":{"start":{"line":200,"column":39},"end":{"line":200,"column":null}},"40":{"start":{"line":215,"column":39},"end":{"line":215,"column":null}},"41":{"start":{"line":226,"column":39},"end":{"line":226,"column":null}}},"fnMap":{"0":{"name":"Auth","decl":{"start":{"line":19,"column":24},"end":{"line":19,"column":29}},"loc":{"start":{"line":19,"column":50},"end":{"line":248,"column":null}},"line":19},"1":{"name":"(anonymous_1)","decl":{"start":{"line":28,"column":22},"end":{"line":28,"column":29}},"loc":{"start":{"line":28,"column":39},"end":{"line":41,"column":null}},"line":28},"2":{"name":"(anonymous_2)","decl":{"start":{"line":43,"column":27},"end":{"line":43,"column":34}},"loc":{"start":{"line":43,"column":44},"end":{"line":79,"column":null}},"line":43},"3":{"name":"(anonymous_3)","decl":{"start":{"line":117,"column":18},"end":{"line":117,"column":29}},"loc":{"start":{"line":117,"column":39},"end":{"line":117,"column":null}},"line":117},"4":{"name":"(anonymous_4)","decl":{"start":{"line":128,"column":18},"end":{"line":128,"column":29}},"loc":{"start":{"line":128,"column":39},"end":{"line":128,"column":null}},"line":128},"5":{"name":"(anonymous_5)","decl":{"start":{"line":158,"column":18},"end":{"line":158,"column":29}},"loc":{"start":{"line":158,"column":39},"end":{"line":158,"column":null}},"line":158},"6":{"name":"(anonymous_6)","decl":{"start":{"line":160,"column":25},"end":{"line":160,"column":30}},"loc":{"start":{"line":161,"column":20},"end":{"line":161,"column":null}},"line":161},"7":{"name":"(anonymous_7)","decl":{"start":{"line":178,"column":18},"end":{"line":178,"column":29}},"loc":{"start":{"line":178,"column":39},"end":{"line":178,"column":null}},"line":178},"8":{"name":"(anonymous_8)","decl":{"start":{"line":189,"column":18},"end":{"line":189,"column":29}},"loc":{"start":{"line":189,"column":39},"end":{"line":189,"column":null}},"line":189},"9":{"name":"(anonymous_9)","decl":{"start":{"line":200,"column":18},"end":{"line":200,"column":29}},"loc":{"start":{"line":200,"column":39},"end":{"line":200,"column":null}},"line":200},"10":{"name":"(anonymous_10)","decl":{"start":{"line":215,"column":18},"end":{"line":215,"column":29}},"loc":{"start":{"line":215,"column":39},"end":{"line":215,"column":null}},"line":215},"11":{"name":"(anonymous_11)","decl":{"start":{"line":226,"column":18},"end":{"line":226,"column":29}},"loc":{"start":{"line":226,"column":39},"end":{"line":226,"column":null}},"line":226}},"branchMap":{"0":{"loc":{"start":{"line":50,"column":6},"end":{"line":64,"column":null}},"type":"if","locations":[{"start":{"line":50,"column":6},"end":{"line":64,"column":null}},{"start":{"line":57,"column":13},"end":{"line":64,"column":null}}],"line":50},"1":{"loc":{"start":{"line":134,"column":13},"end":{"line":134,"column":null}},"type":"binary-expr","locations":[{"start":{"line":134,"column":13},"end":{"line":134,"column":27}},{"start":{"line":134,"column":27},"end":{"line":134,"column":null}}],"line":134},"2":{"loc":{"start":{"line":142,"column":15},"end":{"line":142,"column":null}},"type":"cond-expr","locations":[{"start":{"line":142,"column":29},"end":{"line":142,"column":44}},{"start":{"line":142,"column":44},"end":{"line":142,"column":null}}],"line":142},"3":{"loc":{"start":{"line":168,"column":19},"end":{"line":168,"column":null}},"type":"cond-expr","locations":[{"start":{"line":168,"column":63},"end":{"line":168,"column":83}},{"start":{"line":168,"column":83},"end":{"line":168,"column":null}}],"line":168},"4":{"loc":{"start":{"line":173,"column":17},"end":{"line":173,"column":null}},"type":"cond-expr","locations":[{"start":{"line":173,"column":61},"end":{"line":173,"column":78}},{"start":{"line":173,"column":78},"end":{"line":173,"column":null}}],"line":173},"5":{"loc":{"start":{"line":232,"column":13},"end":{"line":232,"column":null}},"type":"binary-expr","locations":[{"start":{"line":232,"column":13},"end":{"line":232,"column":34}},{"start":{"line":232,"column":34},"end":{"line":232,"column":null}}],"line":232},"6":{"loc":{"start":{"line":233,"column":13},"end":{"line":233,"column":null}},"type":"binary-expr","locations":[{"start":{"line":233,"column":13},"end":{"line":233,"column":36}},{"start":{"line":233,"column":36},"end":{"line":233,"column":null}}],"line":233},"7":{"loc":{"start":{"line":241,"column":15},"end":{"line":241,"column":null}},"type":"cond-expr","locations":[{"start":{"line":241,"column":32},"end":{"line":241,"column":58}},{"start":{"line":241,"column":58},"end":{"line":241,"column":null}}],"line":241}},"s":{"0":1,"1":1,"2":9,"3":9,"4":9,"5":9,"6":9,"7":9,"8":9,"9":9,"10":2,"11":2,"12":2,"13":2,"14":2,"15":2,"16":0,"17":2,"18":9,"19":0,"20":0,"21":0,"22":0,"23":0,"24":0,"25":0,"26":0,"27":0,"28":0,"29":0,"30":0,"31":0,"32":9,"33":2,"34":2,"35":0,"36":18,"37":0,"38":0,"39":0,"40":0,"41":0},"f":{"0":9,"1":2,"2":0,"3":2,"4":2,"5":0,"6":18,"7":0,"8":0,"9":0,"10":0,"11":0},"b":{"0":[0,0],"1":[9,0],"2":[2,7],"3":[9,0],"4":[9,0],"5":[9,0],"6":[9,0],"7":[0,9]},"meta":{"lastBranch":8,"lastFunction":12,"lastStatement":42,"seen":{"s:5:14:8:Infinity":0,"s:10:26:17:Infinity":1,"f:19:24:19:29":0,"s:20:20:20:Infinity":2,"s:21:27:21:Infinity":3,"s:22:21:22:Infinity":4,"s:23:28:23:Infinity":5,"s:24:30:24:Infinity":6,"s:25:22:25:Infinity":7,"s:26:25:26:Infinity":8,"s:28:22:41:Infinity":9,"f:28:22:28:29":1,"s:29:4:29:Infinity":10,"s:30:4:30:Infinity":11,"s:31:4:31:Infinity":12,"s:33:4:40:Infinity":13,"s:34:22:34:Infinity":14,"s:35:6:35:Infinity":15,"s:37:6:37:Infinity":16,"s:39:6:39:Infinity":17,"s:43:27:79:Infinity":18,"f:43:27:43:34":2,"s:44:4:44:Infinity":19,"s:45:4:45:Infinity":20,"s:46:4:46:Infinity":21,"s:47:4:47:Infinity":22,"s:49:4:78:Infinity":23,"b:50:6:64:Infinity:57:13:64:Infinity":0,"s:50:6:64:Infinity":24,"s:51:8:56:Infinity":25,"s:58:8:63:Infinity":26,"s:66:6:70:Infinity":27,"s:72:6:72:Infinity":28,"s:73:6:73:Infinity":29,"s:75:6:75:Infinity":30,"s:77:6:77:Infinity":31,"s:81:2:246:Infinity":32,"f:117:18:117:29":3,"s:117:39:117:Infinity":33,"f:128:18:128:29":4,"s:128:39:128:Infinity":34,"b:134:13:134:27:134:27:134:Infinity":1,"b:142:29:142:44:142:44:142:Infinity":2,"f:158:18:158:29":5,"s:158:39:158:Infinity":35,"f:160:25:160:30":6,"s:161:20:161:Infinity":36,"b:168:63:168:83:168:83:168:Infinity":3,"b:173:61:173:78:173:78:173:Infinity":4,"f:178:18:178:29":7,"s:178:39:178:Infinity":37,"f:189:18:189:29":8,"s:189:39:189:Infinity":38,"f:200:18:200:29":9,"s:200:39:200:Infinity":39,"f:215:18:215:29":10,"s:215:39:215:Infinity":40,"f:226:18:226:29":11,"s:226:39:226:Infinity":41,"b:232:13:232:34:232:34:232:Infinity":5,"b:233:13:233:36:233:36:233:Infinity":6,"b:241:32:241:58:241:58:241:Infinity":7},"fnNames":{}}}
,"/home/mirukibs/Development/FleetFuel/Frontend/src/pages/CompanyOperations.jsx": {"path":"/home/mirukibs/Development/FleetFuel/Frontend/src/pages/CompanyOperations.jsx","statementMap":{"0":{"start":{"line":10,"column":19},"end":{"line":10,"column":null}},"1":{"start":{"line":11,"column":17},"end":{"line":11,"column":null}},"2":{"start":{"line":12,"column":25},"end":{"line":12,"column":null}},"3":{"start":{"line":13,"column":26},"end":{"line":13,"column":null}},"4":{"start":{"line":15,"column":26},"end":{"line":15,"column":null}},"5":{"start":{"line":16,"column":24},"end":{"line":16,"column":null}},"6":{"start":{"line":17,"column":26},"end":{"line":17,"column":null}},"7":{"start":{"line":19,"column":29},"end":{"line":19,"column":null}},"8":{"start":{"line":20,"column":22},"end":{"line":20,"column":null}},"9":{"start":{"line":22,"column":27},"end":{"line":22,"column":null}},"10":{"start":{"line":23,"column":20},"end":{"line":23,"column":null}},"11":{"start":{"line":24,"column":24},"end":{"line":24,"column":null}},"12":{"start":{"line":26,"column":22},"end":{"line":26,"column":null}},"13":{"start":{"line":27,"column":20},"end":{"line":27,"column":null}},"14":{"start":{"line":29,"column":2},"end":{"line":33,"column":null}},"15":{"start":{"line":30,"column":4},"end":{"line":32,"column":null}},"16":{"start":{"line":31,"column":6},"end":{"line":31,"column":null}},"17":{"start":{"line":35,"column":19},"end":{"line":52,"column":null}},"18":{"start":{"line":36,"column":4},"end":{"line":51,"column":null}},"19":{"start":{"line":37,"column":27},"end":{"line":40,"column":null}},"20":{"start":{"line":41,"column":6},"end":{"line":44,"column":null}},"21":{"start":{"line":41,"column":40},"end":{"line":44,"column":8}},"22":{"start":{"line":45,"column":6},"end":{"line":48,"column":null}},"23":{"start":{"line":45,"column":38},"end":{"line":48,"column":8}},"24":{"start":{"line":47,"column":33},"end":{"line":47,"column":58}},"25":{"start":{"line":50,"column":6},"end":{"line":50,"column":null}},"26":{"start":{"line":54,"column":27},"end":{"line":74,"column":null}},"27":{"start":{"line":55,"column":4},"end":{"line":58,"column":null}},"28":{"start":{"line":56,"column":6},"end":{"line":56,"column":null}},"29":{"start":{"line":57,"column":6},"end":{"line":57,"column":null}},"30":{"start":{"line":59,"column":4},"end":{"line":73,"column":null}},"31":{"start":{"line":60,"column":25},"end":{"line":60,"column":null}},"32":{"start":{"line":61,"column":22},"end":{"line":66,"column":null}},"33":{"start":{"line":67,"column":6},"end":{"line":67,"column":null}},"34":{"start":{"line":68,"column":6},"end":{"line":68,"column":null}},"35":{"start":{"line":69,"column":6},"end":{"line":69,"column":null}},"36":{"start":{"line":70,"column":6},"end":{"line":70,"column":null}},"37":{"start":{"line":72,"column":6},"end":{"line":72,"column":null}},"38":{"start":{"line":76,"column":28},"end":{"line":94,"column":null}},"39":{"start":{"line":77,"column":4},"end":{"line":80,"column":null}},"40":{"start":{"line":78,"column":6},"end":{"line":78,"column":null}},"41":{"start":{"line":79,"column":6},"end":{"line":79,"column":null}},"42":{"start":{"line":81,"column":4},"end":{"line":93,"column":null}},"43":{"start":{"line":82,"column":22},"end":{"line":86,"column":null}},"44":{"start":{"line":87,"column":6},"end":{"line":87,"column":null}},"45":{"start":{"line":88,"column":6},"end":{"line":88,"column":null}},"46":{"start":{"line":89,"column":6},"end":{"line":89,"column":null}},"47":{"start":{"line":90,"column":6},"end":{"line":90,"column":null}},"48":{"start":{"line":92,"column":6},"end":{"line":92,"column":null}},"49":{"start":{"line":96,"column":35},"end":{"line":105,"column":null}},"50":{"start":{"line":97,"column":4},"end":{"line":97,"column":null}},"51":{"start":{"line":98,"column":4},"end":{"line":98,"column":null}},"52":{"start":{"line":99,"column":4},"end":{"line":104,"column":null}},"53":{"start":{"line":100,"column":19},"end":{"line":100,"column":null}},"54":{"start":{"line":101,"column":6},"end":{"line":101,"column":null}},"55":{"start":{"line":103,"column":6},"end":{"line":103,"column":null}},"56":{"start":{"line":107,"column":33},"end":{"line":121,"column":null}},"57":{"start":{"line":108,"column":4},"end":{"line":108,"column":null}},"58":{"start":{"line":109,"column":4},"end":{"line":109,"column":null}},"59":{"start":{"line":110,"column":4},"end":{"line":110,"column":null}},"60":{"start":{"line":111,"column":4},"end":{"line":120,"column":null}},"61":{"start":{"line":112,"column":31},"end":{"line":115,"column":null}},"62":{"start":{"line":116,"column":6},"end":{"line":116,"column":null}},"63":{"start":{"line":117,"column":6},"end":{"line":117,"column":null}},"64":{"start":{"line":119,"column":6},"end":{"line":119,"column":null}},"65":{"start":{"line":123,"column":8},"end":{"line":127,"column":null}},"66":{"start":{"line":124,"column":4},"end":{"line":124,"column":null}},"67":{"start":{"line":125,"column":4},"end":{"line":125,"column":null}},"68":{"start":{"line":126,"column":4},"end":{"line":126,"column":null}},"69":{"start":{"line":129,"column":28},"end":{"line":139,"column":null}},"70":{"start":{"line":130,"column":4},"end":{"line":130,"column":null}},"71":{"start":{"line":130,"column":33},"end":{"line":130,"column":null}},"72":{"start":{"line":131,"column":4},"end":{"line":138,"column":null}},"73":{"start":{"line":132,"column":6},"end":{"line":132,"column":null}},"74":{"start":{"line":133,"column":6},"end":{"line":133,"column":null}},"75":{"start":{"line":134,"column":6},"end":{"line":134,"column":null}},"76":{"start":{"line":135,"column":6},"end":{"line":135,"column":null}},"77":{"start":{"line":137,"column":6},"end":{"line":137,"column":null}},"78":{"start":{"line":141,"column":2},"end":{"line":380,"column":null}},"79":{"start":{"line":157,"column":95},"end":{"line":157,"column":null}},"80":{"start":{"line":163,"column":18},"end":{"line":178,"column":null}},"81":{"start":{"line":165,"column":87},"end":{"line":165,"column":91}},"82":{"start":{"line":172,"column":37},"end":{"line":172,"column":null}},"83":{"start":{"line":193,"column":95},"end":{"line":193,"column":null}},"84":{"start":{"line":199,"column":18},"end":{"line":223,"column":null}},"85":{"start":{"line":209,"column":39},"end":{"line":209,"column":null}},"86":{"start":{"line":216,"column":39},"end":{"line":216,"column":null}},"87":{"start":{"line":245,"column":33},"end":{"line":245,"column":null}},"88":{"start":{"line":245,"column":56},"end":{"line":245,"column":87}},"89":{"start":{"line":254,"column":33},"end":{"line":254,"column":null}},"90":{"start":{"line":254,"column":56},"end":{"line":254,"column":88}},"91":{"start":{"line":261,"column":53},"end":{"line":261,"column":79}},"92":{"start":{"line":278,"column":33},"end":{"line":278,"column":null}},"93":{"start":{"line":278,"column":54},"end":{"line":278,"column":85}},"94":{"start":{"line":287,"column":33},"end":{"line":287,"column":null}},"95":{"start":{"line":287,"column":54},"end":{"line":287,"column":90}},"96":{"start":{"line":292,"column":18},"end":{"line":292,"column":null}},"97":{"start":{"line":298,"column":53},"end":{"line":298,"column":80}},"98":{"start":{"line":314,"column":31},"end":{"line":314,"column":null}},"99":{"start":{"line":319,"column":53},"end":{"line":319,"column":80}},"100":{"start":{"line":367,"column":20},"end":{"line":370,"column":null}}},"fnMap":{"0":{"name":"CompanyOperations","decl":{"start":{"line":9,"column":24},"end":{"line":9,"column":42}},"loc":{"start":{"line":9,"column":75},"end":{"line":382,"column":null}},"line":9},"1":{"name":"(anonymous_1)","decl":{"start":{"line":29,"column":2},"end":{"line":29,"column":18}},"loc":{"start":{"line":29,"column":18},"end":{"line":33,"column":5}},"line":29},"2":{"name":"(anonymous_2)","decl":{"start":{"line":35,"column":19},"end":{"line":35,"column":31}},"loc":{"start":{"line":35,"column":31},"end":{"line":52,"column":null}},"line":35},"3":{"name":"(anonymous_3)","decl":{"start":{"line":41,"column":30},"end":{"line":41,"column":34}},"loc":{"start":{"line":41,"column":40},"end":{"line":44,"column":8}},"line":41},"4":{"name":"(anonymous_4)","decl":{"start":{"line":45,"column":28},"end":{"line":45,"column":32}},"loc":{"start":{"line":45,"column":38},"end":{"line":48,"column":8}},"line":45},"5":{"name":"(anonymous_5)","decl":{"start":{"line":47,"column":23},"end":{"line":47,"column":28}},"loc":{"start":{"line":47,"column":33},"end":{"line":47,"column":58}},"line":47},"6":{"name":"(anonymous_6)","decl":{"start":{"line":54,"column":27},"end":{"line":54,"column":39}},"loc":{"start":{"line":54,"column":39},"end":{"line":74,"column":null}},"line":54},"7":{"name":"(anonymous_7)","decl":{"start":{"line":76,"column":28},"end":{"line":76,"column":40}},"loc":{"start":{"line":76,"column":40},"end":{"line":94,"column":null}},"line":76},"8":{"name":"(anonymous_8)","decl":{"start":{"line":96,"column":35},"end":{"line":96,"column":42}},"loc":{"start":{"line":96,"column":48},"end":{"line":105,"column":null}},"line":96},"9":{"name":"(anonymous_9)","decl":{"start":{"line":107,"column":33},"end":{"line":107,"column":40}},"loc":{"start":{"line":107,"column":46},"end":{"line":121,"column":null}},"line":107},"10":{"name":"(anonymous_10)","decl":{"start":{"line":123,"column":8},"end":{"line":123,"column":33}},"loc":{"start":{"line":123,"column":39},"end":{"line":127,"column":null}},"line":123},"11":{"name":"(anonymous_11)","decl":{"start":{"line":129,"column":28},"end":{"line":129,"column":40}},"loc":{"start":{"line":129,"column":40},"end":{"line":139,"column":null}},"line":129},"12":{"name":"(anonymous_12)","decl":{"start":{"line":157,"column":80},"end":{"line":157,"column":95}},"loc":{"start":{"line":157,"column":95},"end":{"line":157,"column":null}},"line":157},"13":{"name":"(anonymous_13)","decl":{"start":{"line":162,"column":26},"end":{"line":162,"column":30}},"loc":{"start":{"line":163,"c
[...]
ine":93},"6":{"loc":{"start":{"line":93,"column":8},"end":{"line":93,"column":57}},"type":"binary-expr","locations":[{"start":{"line":93,"column":8},"end":{"line":93,"column":37}},{"start":{"line":93,"column":37},"end":{"line":93,"column":57}}],"line":93},"7":{"loc":{"start":{"line":104,"column":18},"end":{"line":104,"column":57}},"type":"binary-expr","locations":[{"start":{"line":104,"column":18},"end":{"line":104,"column":33}},{"start":{"line":104,"column":33},"end":{"line":104,"column":57}}],"line":104},"8":{"loc":{"start":{"line":119,"column":19},"end":{"line":119,"column":29}},"type":"binary-expr","locations":[{"start":{"line":119,"column":19},"end":{"line":119,"column":27}},{"start":{"line":119,"column":27},"end":{"line":119,"column":29}}],"line":119},"9":{"loc":{"start":{"line":122,"column":18},"end":{"line":122,"column":60}},"type":"binary-expr","locations":[{"start":{"line":122,"column":18},"end":{"line":122,"column":33}},{"start":{"line":122,"column":33},"end":{"line":122,"column":60}}],"line":122},"10":{"loc":{"start":{"line":130,"column":24},"end":{"line":130,"column":34}},"type":"binary-expr","locations":[{"start":{"line":130,"column":24},"end":{"line":130,"column":32}},{"start":{"line":130,"column":32},"end":{"line":130,"column":34}}],"line":130},"11":{"loc":{"start":{"line":132,"column":18},"end":{"line":132,"column":59}},"type":"binary-expr","locations":[{"start":{"line":132,"column":18},"end":{"line":132,"column":33}},{"start":{"line":132,"column":33},"end":{"line":132,"column":59}}],"line":132},"12":{"loc":{"start":{"line":139,"column":4},"end":{"line":141,"column":null}},"type":"if","locations":[{"start":{"line":139,"column":4},"end":{"line":141,"column":null}},{"start":{},"end":{}}],"line":139},"13":{"loc":{"start":{"line":145,"column":4},"end":{"line":148,"column":null}},"type":"if","locations":[{"start":{"line":145,"column":4},"end":{"line":148,"column":null}},{"start":{},"end":{}}],"line":145},"14":{"loc":{"start":{"line":145,"column":8},"end":{"line":145,"column":54}},"type":"binary-expr","locations":[{"start":{"line":145,"column":8},"end":{"line":145,"column":30}},{"start":{"line":145,"column":30},"end":{"line":145,"column":54}}],"line":145},"15":{"loc":{"start":{"line":153,"column":40},"end":{"line":153,"column":77}},"type":"binary-expr","locations":[{"start":{"line":153,"column":40},"end":{"line":153,"column":76}},{"start":{"line":153,"column":76},"end":{"line":153,"column":77}}],"line":153},"16":{"loc":{"start":{"line":154,"column":43},"end":{"line":154,"column":83}},"type":"binary-expr","locations":[{"start":{"line":154,"column":43},"end":{"line":154,"column":82}},{"start":{"line":154,"column":82},"end":{"line":154,"column":83}}],"line":154},"17":{"loc":{"start":{"line":162,"column":19},"end":{"line":162,"column":29}},"type":"binary-expr","locations":[{"start":{"line":162,"column":19},"end":{"line":162,"column":27}},{"start":{"line":162,"column":27},"end":{"line":162,"column":29}}],"line":162},"18":{"loc":{"start":{"line":165,"column":18},"end":{"line":165,"column":59}},"type":"binary-expr","locations":[{"start":{"line":165,"column":18},"end":{"line":165,"column":33}},{"start":{"line":165,"column":33},"end":{"line":165,"column":59}}],"line":165},"19":{"loc":{"start":{"line":174,"column":40},"end":{"line":174,"column":81}},"type":"binary-expr","locations":[{"start":{"line":174,"column":40},"end":{"line":174,"column":80}},{"start":{"line":174,"column":80},"end":{"line":174,"column":81}}],"line":174},"20":{"loc":{"start":{"line":175,"column":43},"end":{"line":175,"column":87}},"type":"binary-expr","locations":[{"start":{"line":175,"column":43},"end":{"line":175,"column":86}},{"start":{"line":175,"column":86},"end":{"line":175,"column":87}}],"line":175},"21":{"loc":{"start":{"line":181,"column":19},"end":{"line":181,"column":29}},"type":"binary-expr","locations":[{"start":{"line":181,"column":19},"end":{"line":181,"column":27}},{"start":{"line":181,"column":27},"end":{"line":181,"column":29}}],"line":181},"22":{"loc":{"start":{"line":184,"column":18},"end":{"line":184,"column":62}},"type":"binary-expr","locations":[{"start":{"line":184,"column":18},"end":{"line":184,"column":33}},{"start":{"line":184,"column":33},"end":{"line":184,"column":62}}],"line":184},"23":{"loc":{"start":{"line":195,"column":19},"end":{"line":195,"column":29}},"type":"binary-expr","locations":[{"start":{"line":195,"column":19},"end":{"line":195,"column":27}},{"start":{"line":195,"column":27},"end":{"line":195,"column":29}}],"line":195},"24":{"loc":{"start":{"line":198,"column":18},"end":{"line":198,"column":57}},"type":"binary-expr","locations":[{"start":{"line":198,"column":18},"end":{"line":198,"column":33}},{"start":{"line":198,"column":33},"end":{"line":198,"column":57}}],"line":198},"25":{"loc":{"start":{"line":207,"column":2},"end":{"line":209,"column":null}},"type":"if","locations":[{"start":{"line":207,"column":2},"end":{"line":209,"column":null}},{"start":{},"end":{}}],"line":207},"26":{"loc":{"start":{"line":207,"column":6},"end":{"line":207,"column":41}},"type":"binary-expr","locations":[{"start":{"line":207,"column":6},"end":{"line":207,"column":17}},{"start":{"line":207,"column":17},"end":{"line":207,"column":41}}],"line":207},"27":{"loc":{"start":{"line":214,"column":15},"end":{"line":214,"column":null}},"type":"cond-expr","locations":[{"start":{"line":214,"column":48},"end":{"line":214,"column":72}},{"start":{"line":214,"column":72},"end":{"line":214,"column":null}}],"line":214},"28":{"loc":{"start":{"line":215,"column":18},"end":{"line":215,"column":null}},"type":"cond-expr","locations":[{"start":{"line":215,"column":51},"end":{"line":215,"column":91}},{"start":{"line":215,"column":91},"end":{"line":215,"column":null}}],"line":215},"29":{"loc":{"start":{"line":229,"column":39},"end":{"line":229,"column":71}},"type":"cond-expr","locations":[{"start":{"line":229,"column":63},"end":{"line":229,"column":70}},{"start":{"line":229,"column":70},"end":{"line":229,"column":71}}],"line":229},"30":{"loc":{"start":{"line":232,"column":14},"end":{"line":232,"column":null}},"type":"cond-expr","locations":[{"start":{"line":232,"column":38},"end":{"line":232,"column":73}},{"start":{"line":232,"column":73},"end":{"line":232,"column":null}}],"line":232},"31":{"loc":{"start":{"line":243,"column":15},"end":{"line":243,"column":null}},"type":"binary-expr","locations":[{"start":{"line":243,"column":15},"end":{"line":243,"column":34}},{"start":{"line":243,"column":34},"end":{"line":243,"column":null}}],"line":243},"32":{"loc":{"start":{"line":249,"column":84},"end":{"line":249,"column":115}},"type":"binary-expr","locations":[{"start":{"line":249,"column":84},"end":{"line":249,"column":108}},{"start":{"line":249,"column":108},"end":{"line":249,"column":115}}],"line":249},"33":{"loc":{"start":{"line":253,"column":59},"end":{"line":253,"column":89}},"type":"binary-expr","locations":[{"start":{"line":253,"column":59},"end":{"line":253,"column":76}},{"start":{"line":253,"column":76},"end":{"line":253,"column":89}}],"line":253},"34":{"loc":{"start":{"line":257,"column":13},"end":{"line":284,"column":null}},"type":"binary-expr","locations":[{"start":{"line":257,"column":13},"end":{"line":257,"column":null}},{"start":{"line":258,"column":14},"end":{"line":284,"column":null}}],"line":257},"35":{"loc":{"start":{"line":271,"column":19},"end":{"line":283,"column":null}},"type":"binary-expr","locations":[{"start":{"line":271,"column":19},"end":{"line":271,"column":null}},{"start":{"line":272,"column":20},"end":{"line":283,"column":null}}],"line":271},"36":{"loc":{"start":{"line":288,"column":9},"end":{"line":293,"column":null}},"type":"binary-expr","locations":[{"start":{"line":288,"column":9},"end":{"line":288,"column":null}},{"start":{"line":289,"column":10},"end":{"line":293,"column":null}}],"line":288},"37":{"loc":{"start":{"line":361,"column":15},"end":{"line":374,"column":null}},"type":"binary-expr","locations":[{"start":{"line":361,"column":15},"end":{"line":361,"column":null}},{"start":{"line":362,"column":16},"end":{"line":374,"column":null}}],"line":361},"38":{"loc":{"start":{"line":365,"column":35},"end":{"line":365,"column":null}},"type":"binary-expr","locations":[{"start":{"line":365,"column":35},"end":{"line":365,"column":69}},{"start":{"line":365,"column":69},"end":{"line":365,"column":null}}],"line":365},"39":{"loc":{"start":{"line":367,"column":33},"end":{"line":367,"column":null}},"type":"binary-expr","locations":[{"start":{"line":367,"column":33},"end":{"line":367,"column":65}},{"start":{"line":367,"column":65},"end":{"line":367,"column":null}}],"line":367},"40":{"loc":{"start":{"line":376,"column":11},"end":{"line":445,"column":null}},"type":"binary-expr","locations":[{"start":{"line":376,"column":11},"end":{"line":376,"column":null}},{"start":{"line":377,"column":12},"end":{"line":445,"column":null}}],"line":376},"41":{"loc":{"start":{"line":383,"column":46},"end":{"line":383,"column":87}},"type":"binary-expr","locations":[{"start":{"line":383,"column":46},"end":{"line":383,"column":78}},{"start":{"line":383,"column":78},"end":{"line":383,"column":87}}],"line":383},"42":{"loc":{"start":{"line":398,"column":19},"end":{"line":403,"column":null}},"type":"binary-expr","locations":[{"start":{"line":398,"column":19},"end":{"line":398,"column":null}},{"start":{"line":399,"column":20},"end":{"line":403,"column":null}}],"line":398},"43":{"loc":{"start":{"line":405,"column":17},"end":{"line":444,"column":null}},"type":"cond-expr","locations":[{"start":{"line":406,"column":18},"end":{"line":440,"column":19}},{"start":{"line":440,"column":18},"end":{"line":444,"column":null}}],"line":405},"44":{"loc":{"start":{"line":422,"column":27},"end":{"line":435,"column":null}},"type":"binary-expr","locations":[{"start":{"line":422,"column":27},"end":{"line":422,"column":null}},{"start":{"line":423,"column":28},"end":{"line":435,"column":null}}],"line":422},"45":{"loc":{"start":{"line":617,"column":25},"end":{"line":617,"column":null}},"type":"cond-expr","locations":[{"start":{"line":617,"column":56},"end":{"line":617,"column":68}},{"start":{"line":617,"column":68},"end":{"line":617,"column":null}}],"line":617},"46":{"loc":{"start":{"line":624,"column":25},"end":{"line":624,"column":null}},"type":"cond-expr","locations":[{"start":{"line":624,"column":56},"end":{"line":624,"column":68}},{"start":{"line":624,"column":68},"end":{"line":624,"column":null}}],"line":624},"47":{"loc":{"start":{"line":639,"column":17},"end":{"line":655,"column":null}},"type":"cond-expr","locations":[{"start":{"line":640,"column":18},"end":{"line":641,"column":35}},{"start":{"line":641,"column":20},"end":{"line":655,"column":null}}],"line":639},"48":{"loc":{"start":{"line":641,"column":20},"end":{"line":655,"column":null}},"type":"cond-expr","locations":[{"start":{"line":642,"column":18},"end":{"line":651,"column":null}},{"start":{"line":653,"column":18},"end":{"line":655,"column":null}}],"line":641},"49":{"loc":{"start":{"line":645,"column":25},"end":{"line":646,"column":32}},"type":"binary-expr","locations":[{"start":{"line":645,"column":25},"end":{"line":645,"column":38}},{"start":{"line":645,"column":38},"end":{"line":646,"column":32}}],"line":645}},"s":{"0":33,"1":33,"2":33,"3":33,"4":33,"5":33,"6":33,"7":33,"8":33,"9":33,"10":33,"11":33,"12":33,"13":33,"14":33,"15":33,"16":33,"17":33,"18":33,"19":7,"20":7,"21":7,"22":7,"23":6,"24":6,"25":6,"26":6,"27":6,"28":6,"29":1,"30":0,"31":7,"32":33,"33":7,"34":33,"35":0,"36":0,"37":0,"38":0,"39":0,"40":0,"41":0,"42":0,"43":0,"44":0,"45":33,"46":1,"47":1,"48":1,"49":1,"50":1,"51":1,"52":1,"53":1,"54":0,"55":33,"56":0,"57":0,"58":0,"59":0,"60":0,"61":0,"62":33,"63":7,"64":0,"65":33,"66":1,"67":0,"68":0,"69":1,"70":1,"71":1,"72":1,"73":1,"74":1,"75":1,"76":1,"77":1,"78":0,"79":33,"80":1,"81":1,"82":1,"83":1,"84":1,"85":1,"86":1,"87":1,"88":0,"89":33,"90":1,"91":1,"92":1,"93":1,"94":1,"95":1,"96":1,"97":0,"98":33,"99":5,"100":5,"101":33,"102":7,"103":26,"104":0,"105":26,"106":6,"107":5,"108":5,"109":1,"110":1,"111":0,"112":0,"113":0,"114":0,"115":0,"116":1,"117":1,"118":1,"119":24,"120":1,"121":1,"122":1,"123":0,"124":0,"125":1,"126":1,"127":1,"128":0,"129":1,"130":0,"131":0,"132":0,"133":1,"134":0,"135":0,"136":0,"137":0,"138":0,"139":0,"140":0,"141":0},"f":{"0":33,"1":7,"2":6,"3":7,"4":0,"5":1,"6":1,"7":0,"8":7,"9":1,"10":1,"11":1,"12":1,"13":1,"14":1,"15":5,"16":0,"17":26,"18":6,"19":5,"20":1,"21":0,"22":0,"23":0,"24":0,"25":0,"26":1,"27":1,"28":24,"29":1,"30":1,"31":0,"32":0,"33":1,"34":1,"35":1,"36":0,"37":1,"38":0,"39":0,"40":0,"41":1,"42":0,"43":0,"44":0,"45":0,"46":0,"47":0,"48":0,"49":0},"b":{"0":[6,1],"1":[6,0],"2":[6,0],"3":[1,0],"4":[0,0],"5":[0,0],"6":[0,0],"7":[0,0],"8":[1,0],"9":[0,0],"10":[0,0],"11":[0,0],"12":[0,7],"13":[0,1],"14":[1,1],"15":[1,0],"16":[1,0],"17":[1,0],"18":[0,0],"19":[1,0],"20":[1,0],"21":[1,0],"22":[0,0],"23":[1,0],"24":[0,0],"25":[7,26],"26":[33,7],"27":[24,2],"28":[24,2],"29":[0,6],"30":[19,7],"31":[26,0],"32":[26,0],"33":[26,0],"34":[26,19],"35":[19,1],"36":[33,0],"37":[33,24],"38":[1,0],"39":[1,0],"40":[33,24],"41":[24,0],"42":[24,24],"43":[24,0],"44":[24,24],"45":[26,0],"46":[0,26],"47":[0,26],"48":[0,26],"49":[0,0]},"meta":{"lastBranch":50,"lastFunction":50,"lastStatement":142,"seen":{"f:18:24:18:34":0,"s:19:8:19:Infinity":0,"s:20:20:20:Infinity":1,"s:21:18:21:Infinity":2,"s:22:19:22:Infinity":3,"s:24:26:24:Infinity":4,"s:25:26:25:Infinity":5,"s:26:23:26:Infinity":6,"s:27:27:27:Infinity":7,"s:29:22:34:Infinity":8,"s:36:19:41:Infinity":9,"s:43:27:43:Infinity":10,"s:44:26:49:Infinity":11,"s:51:24:51:Infinity":12,"s:52:23:57:Infinity":13,"s:59:28:59:Infinity":14,"s:60:26:60:Infinity":15,"s:61:25:61:Infinity":16,"s:62:20:62:Infinity":17,"s:66:24:86:Infinity":18,"f:66:24:66:36":1,"s:67:4:85:Infinity":19,"s:68:6:68:Infinity":20,"s:69:19:69:Infinity":21,"b:71:6:80:Infinity:78:13:80:Infinity":0,"s:71:6:80:Infinity":22,"s:72:27:72:Infinity":23,"f:72:32:72:37":2,"s:72:42:72:75":24,"s:73:8:73:Infinity":25,"b:73:34:73:49:73:49:73:51":1,"b:74:8:77:Infinity:undefined:undefined:undefined:undefined":2,"s:74:8:77:Infinity":26,"s:75:10:75:Infinity":27,"s:76:10:76:Infinity":28,"s:79:8:79:Infinity":29,"b:79:21:79:29:79:29:79:31":3,"s:82:6:82:Infinity":30,"b:82:18:82:33:82:33:82:59":4,"s:84:6:84:Infinity":31,"s:88:2:90:Infinity":32,"f:88:2:88:18":3,"s:89:4:89:Infinity":33,"s:92:28:106:Infinity":34,"f:92:28:92:40":4,"b:93:4:96:Infinity:undefined:undefined:undefined:undefined":5,"s:93:4:96:Infinity":35,"b:93:8:93:37:93:37:93:57":6,"s:94:6:94:Infinity":36,"s:95:6:95:Infinity":37,"s:97:4:105:Infinity":38,"s:98:6:98:Infinity":39,"s:99:6:99:Infinity":40,"s:100:6:100:Infinity":41,"s:101:6:101:Infinity":42,"s:102:6:102:Infinity":43,"s:104:6:104:Infinity":44,"b:104:18:104:33:104:33:104:57":7,"s:108:29:124:Infinity":45,"f:108:29:108:41":5,"s:109:4:123:Infinity":46,"s:110:6:115:Infinity":47,"s:116:6:116:Infinity":48,"s:117:6:117:Infinity":49,"s:118:19:118:Infinity":50,"s:119:6:119:Infinity":51,"b:119:19:119:27:119:27:119:29":8,"s:120:6:120:Infinity":52,"f:120:31:120:36":6,"s:120:41:120:69":53,"s:122:6:122:Infinity":54,"b:122:18:122:33:122:33:122:60":9,"s:126:30:136:Infinity":55,"f:126:30:126:42":7,"s:127:4:135:Infinity":56,"s:128:6:128:Infinity":57,"s:129:19:129:Infinity":58,"s:130:6:130:Infinity":59,"b:130:24:130:32:130:32:130:34":10,"s:132:6:132:Infinity":60,"b:132:18:132:33:132:33:132:59":11,"s:134:6:134:Infinity":61,"s:138:2:142:Infinity":62,"f:138:2:138:18":8,"b:139:4:141:Infinity:undefined:undefined:undefined:undefined":12,"s:139:4:141:Infinity":63,"s:140:6:140:Infinity":64,"s:144:25:167:Infinity":65,"f:144:25:144:37":9,"b:145:4:148:Infinity:undefined:undefined:undefined:undefined":13,"s:145:4:148:Infinity":66,"b:145:8:145:30:145:30:145:54":14,"s:146:6:146:Infinity":67,"s:147:6:147:Infinity":68,"s:149:4:166:Infinity":69,"s:150:6:155:Infinity":70,"b:153:40:153:76:153:76:153:77":15,"b:154:43:154:82:154:82:154:83":16,"s:156:6:156:Infinity":71,"s:157:6:157:Infinity":72,"s:158:6:158:Infinity":73,"s:161:19:161:Infinity":74,"s:162:6:162:Infinity":75,"b:162:19:162:27:162:27:162:29":17,"s:163:6:163:Infinity":76,"f:163:31:163:36":10,"s:163:41:163:69":77,"s:165:6:165:Infinity":78,"b:165:18:165:33:165:33:165:59":18,"s:169:26:186:Infinity":79,"f:169:26:169:38":11,"s:170:4:185:Infinity":80,"s:171:6:176:Infinity":81,"b:174:40:174:80:174:80:174:81":19,"b:175:43:175:86:175:86:175:87":20,"s:177:6:177:Infinity":82,"s:178:6:178:Infinity":83,"s:180:19:180:Infinity":84,"s:181:6:181:Infinity":85,"b:181:19:181:27:181:27:181:29":21,"s:182:6:182:Infinity":86,"f:182:31:182:36":12,"s:182:41:182:69":87,"s:184:6:184:Infinity":88,"b:184:18:184:33:184:33:184:62":22,"s:188:28:200:Infinity":89,"f:188:28:188:35":13,"s:189:4:199:Infinity":90,"s:190:6:190:Infinity":91,"s:191:6:191:Infinity":92,"s:194:19:194:Infinity":93,"s:195:6:195:Infinity":94,"b:195:19:195:27:195:27:195:29":23,"s:196:6:196:Infinity":95,"f:196:31:196:36":14,"s:196:41:196:69":96,"s:198:6:198:Infinity":97,"b:198:18:198:33:198:33:198:57":24,"s:202:8:205:Infinity":98,"f:202:8:202:29":15,"s:203:4:203:Infinity":99,"s:204:4:204:Infinity":100,"b:207:2:209:Infinity:undefined:undefined:undefined:undefined":25,"s:207:2:209:Infinity":101,"b:207:6:207:17:207:17:207:41":26,"s:208:4:208:Infinity":102,"s:211:2:665:Infinity":103,"b:214:48:214:72:214:72:214:Infinity":27,"b:215:51:215:91:215:91:215:Infinity":28,"f:218:66:218:81":16,"s:218:81:218:Infinity":104,"f:226:19:226:24":17,"s:227:10:286:Infinity":105,"f:229:12:229:27":18,"s:229:27:229:Infinity":106,"b:229:63:229:70:229:70:229:71":29,"b:232:38:232:73:232:73:232:Infinity":30,"b:243:15:243:34:243:34:243:Infinity":31,"b:249:84:249:108:249:108:249:115":32,"b:253:59:253:76:253:76:253:89":33,"b:257:13:257:Infinity:258:14:284:Infinity":34,"f:264:20:264:30":19,"s:265:22:265:Infinity":107,"s:266:22:266:Infinity":108,"b:271:19:271:Infinity:272:20:283:Infinity":35,"f:275:22:275:32":20,"s:276:24:276:Infinity":109,"s:277:24:277:Infinity":110,"b:288:9:288:Infinity:289:10:293:Infinity":36,"f:309:16:309:27":21,"s:309:33:309:Infinity":111,"f:318:16:318:27":22,"s:318:33:318:Infinity":112,"f:327:16:327:27":23,"s:327:33:327:Infinity":113,"f:337:16:337:27":24,"s:337:33:337:Infinity":114,"f:344:38:344:53":25,"s:344:53:344:80":115,"b:361:15:361:Infinity:362:16:374:Infinity":37,"f:362:52:362:67":26,"s:363:18:368:Infinity":116,"b:365:35:365:69:365:69:365:Infinity":38,"b:367:33:367:65:367:65:367:Infinity":39,"s:369:18:369:Infinity":117,"b:376:11:376:Infinity:377:12:445:Infinity":40,"b:383:46:383:78:383:78:383:87":41,"b:398:19:398:Infinity:399:20:403:Infinity":42,"f:399:56:399:71":27,"s:399:71:399:94":118,"b:406:18:440:19:440:18:444:Infinity":43,"f:407:49:407:53":28,"s:408:22:436:Infinity":119,"b:422:27:422:Infinity:423:28:435:Infinity":44,"f:424:66:424:81":29,"s:425:32:425:Infinity":120,"s:426:32:426:Infinity":121,"f:430:70:430:85":30,"s:430:85:430:120":122,"f:448:20:448:35":31,"s:448:35:448:62":123,"f:464:16:464:27":32,"s:464:33:464:Infinity":124,"f:477:16:477:27":33,"s:477:33:477:Infinity":125,"f:487:16:487:27":34,"s:487:33:487:Infinity":126,"f:497:16:497:27":35,"s:497:33:497:Infinity":127,"f:504:38:504:53":36,"s:504:53:504:77":128,"f:523:16:523:27":37,"s:523:33:523:Infinity":129,"f:532:16:532:27":38,"s:532:33:532:Infinity":130,"f:541:16:541:27":39,"s:541:33:541:Infinity":131,"f:547:38:547:53":40,"s:547:53:547:78":132,"f:564:16:564:27":41,"s:564:33:564:Infinity":133,"f:573:16:573:27":42,"s:573:33:573:Infinity":134,"f:582:16:582:27":43,"s:582:33:582:Infinity":135,"f:592:16:592:27":44,"s:592:33:592:Infinity":136,"f:599:38:599:53":45,"s:599:53:599:81":137,"b:617:56:617:68:617:68:617:Infinity":45,"f:618:16:618:31":46,"s:618:31:618:Infinity":138,"b:624:56:624:68:624:68:624:Infinity":46,"f:625:16:625:31":47,"s:625:31:625:Infinity":139,"b:640:18:641:35:641:20:655:Infinity":47,"b:642:18:651:Infinity:653:18:655:Infinity":48,"f:642:33:642:38":48,"s:643:20:650:Infinity":140,"b:645:25:645:38:645:38:646:32":49,"f:661:20:661:35":49,"s:661:35:661:64":141},"fnNames":{}}}
}
