{"/home/mirukibs/Development/FleetFuel/Frontend/src/componets/ui/alert-dialog.jsx": {"path":"/home/mirukibs/Development/FleetFuel/Frontend/src/componets/ui/alert-dialog.jsx","statementMap":{"0":{"start":{"line":7,"column":20},"end":{"line":7,"column":null}},"1":{"start":{"line":9,"column":27},"end":{"line":9,"column":null}},"2":{"start":{"line":11,"column":26},"end":{"line":11,"column":null}},"3":{"start":{"line":13,"column":27},"end":{"line":24,"column":null}},"4":{"start":{"line":15,"column":4},"end":{"line":24,"column":null}},"5":{"start":{"line":26,"column":0},"end":{"line":26,"column":null}},"6":{"start":{"line":28,"column":27},"end":{"line":43,"column":null}},"7":{"start":{"line":30,"column":4},"end":{"line":43,"column":null}},"8":{"start":{"line":45,"column":0},"end":{"line":45,"column":null}},"9":{"start":{"line":47,"column":6},"end":{"line":54,"column":null}},"10":{"start":{"line":48,"column":2},"end":{"line":54,"column":null}},"11":{"start":{"line":57,"column":0},"end":{"line":57,"column":null}},"12":{"start":{"line":59,"column":6},"end":{"line":66,"column":null}},"13":{"start":{"line":60,"column":2},"end":{"line":66,"column":null}},"14":{"start":{"line":69,"column":0},"end":{"line":69,"column":null}},"15":{"start":{"line":71,"column":25},"end":{"line":79,"column":null}},"16":{"start":{"line":73,"column":4},"end":{"line":79,"column":null}},"17":{"start":{"line":81,"column":0},"end":{"line":81,"column":null}},"18":{"start":{"line":83,"column":31},"end":{"line":91,"column":null}},"19":{"start":{"line":85,"column":4},"end":{"line":91,"column":null}},"20":{"start":{"line":93,"column":0},"end":{"line":93,"column":null}},"21":{"start":{"line":95,"column":26},"end":{"line":103,"column":null}},"22":{"start":{"line":97,"column":4},"end":{"line":103,"column":null}},"23":{"start":{"line":105,"column":0},"end":{"line":105,"column":null}},"24":{"start":{"line":107,"column":26},"end":{"line":119,"column":null}},"25":{"start":{"line":109,"column":4},"end":{"line":119,"column":null}},"26":{"start":{"line":121,"column":0},"end":{"line":121,"column":null}}},"fnMap":{"0":{"name":"(anonymous_0)","decl":{"start":{"line":13,"column":33},"end":{"line":13,"column":null}},"loc":{"start":{"line":15,"column":4},"end":{"line":24,"column":null}},"line":15},"1":{"name":"(anonymous_1)","decl":{"start":{"line":28,"column":33},"end":{"line":28,"column":null}},"loc":{"start":{"line":30,"column":4},"end":{"line":43,"column":null}},"line":30},"2":{"name":"(anonymous_2)","decl":{"start":{"line":47,"column":6},"end":{"line":47,"column":27}},"loc":{"start":{"line":48,"column":2},"end":{"line":54,"column":null}},"line":48},"3":{"name":"(anonymous_3)","decl":{"start":{"line":59,"column":6},"end":{"line":59,"column":27}},"loc":{"start":{"line":60,"column":2},"end":{"line":66,"column":null}},"line":60},"4":{"name":"(anonymous_4)","decl":{"start":{"line":71,"column":31},"end":{"line":71,"column":null}},"loc":{"start":{"line":73,"column":4},"end":{"line":79,"column":null}},"line":73},"5":{"name":"(anonymous_5)","decl":{"start":{"line":83,"column":37},"end":{"line":83,"column":null}},"loc":{"start":{"line":85,"column":4},"end":{"line":91,"column":null}},"line":85},"6":{"name":"(anonymous_6)","decl":{"start":{"line":95,"column":32},"end":{"line":95,"column":null}},"loc":{"start":{"line":97,"column":4},"end":{"line":103,"column":null}},"line":97},"7":{"name":"(anonymous_7)","decl":{"start":{"line":107,"column":32},"end":{"line":107,"column":null}},"loc":{"start":{"line":109,"column":4},"end":{"line":119,"column":null}},"line":109}},"branchMap":{},"s":{"0":1,"1":1,"2":1,"3":1,"4":3,"5":1,"6":1,"7":34,"8":1,"9":1,"10":2,"11":1,"12":1,"13":2,"14":1,"15":1,"16":2,"17":1,"18":1,"19":2,"20":1,"21":1,"22":2,"23":1,"24":1,"25":2,"26":1},"f":{"0":3,"1":34,"2":2,"3":2,"4":2,"5":2,"6":2,"7":2},"b":{},"meta":{"lastBranch":0,"lastFunction":8,"lastStatement":27,"seen":{"s:7:20:7:Infinity":0,"s:9:27:9:Infinity":1,"s:11:26:11:Infinity":2,"s:13:27:24:Infinity":3,"f:13:33:13:Infinity":0,"s:15:4:24:Infinity":4,"s:26:0:26:Infinity":5,"s:28:27:43:Infinity":6,"f:28:33:28:Infinity":1,"s:30:4:43:Infinity":7,"s:45:0:45:Infinity":8,"s:47:6:54:Infinity":9,"f:47:6:47:27":2,"s:48:2:54:Infinity":10,"s:57:0:57:Infinity":11,"s:59:6:66:Infinity":12,"f:59:6:59:27":3,"s:60:2:66:Infinity":13,"s:69:0:69:Infinity":14,"s:71:25:79:Infinity":15,"f:71:31:71:Infinity":4,"s:73:4:79:Infinity":16,"s:81:0:81:Infinity":17,"s:83:31:91:Infinity":18,"f:83:37:83:Infinity":5,"s:85:4:91:Infinity":19,"s:93:0:93:Infinity":20,"s:95:26:103:Infinity":21,"f:95:32:95:Infinity":6,"s:97:4:103:Infinity":22,"s:105:0:105:Infinity":23,"s:107:26:119:Infinity":24,"f:107:32:107:Infinity":7,"s:109:4:119:Infinity":25,"s:121:0:121:Infinity":26},"fnNames":{}}}
,"/home/mirukibs/Development/FleetFuel/Frontend/src/componets/ui/button.jsx": {"path":"/home/mirukibs/Development/FleetFuel/Frontend/src/componets/ui/button.jsx","statementMap":{"0":{"start":{"line":7,"column":6},"end":{"line":44,"column":null}},"1":{"start":{"line":46,"column":15},"end":{"line":73,"column":null}},"2":{"start":{"line":57,"column":17},"end":{"line":57,"column":null}},"3":{"start":{"line":59,"column":4},"end":{"line":70,"column":null}},"4":{"start":{"line":75,"column":0},"end":{"line":75,"column":null}}},"fnMap":{"0":{"name":"(anonymous_0)","decl":{"start":{"line":46,"column":21},"end":{"line":46,"column":null}},"loc":{"start":{"line":56,"column":7},"end":{"line":72,"column":null}},"line":56}},"branchMap":{"0":{"loc":{"start":{"line":52,"column":6},"end":{"line":52,"column":null}},"type":"default-arg","locations":[{"start":{"line":52,"column":16},"end":{"line":52,"column":null}}],"line":52},"1":{"loc":{"start":{"line":57,"column":17},"end":{"line":57,"column":null}},"type":"cond-expr","locations":[{"start":{"line":57,"column":27},"end":{"line":57,"column":34}},{"start":{"line":57,"column":34},"end":{"line":57,"column":null}}],"line":57}},"s":{"0":5,"1":5,"2":376,"3":376,"4":5},"f":{"0":376},"b":{"0":[376],"1":[0,376]},"meta":{"lastBranch":2,"lastFunction":1,"lastStatement":5,"seen":{"s:7:6:44:Infinity":0,"s:46:15:73:Infinity":1,"f:46:21:46:Infinity":0,"b:52:16:52:Infinity":0,"s:57:17:57:Infinity":2,"b:57:27:57:34:57:34:57:Infinity":1,"s:59:4:70:Infinity":3,"s:75:0:75:Infinity":4},"fnNames":{}}}
,"/home/mirukibs/Development/FleetFuel/Frontend/src/componets/ui/dialog.jsx": {"path":"/home/mirukibs/Development/FleetFuel/Frontend/src/componets/ui/dialog.jsx","statementMap":{"0":{"start":{"line":1,"column":0},"end":{"line":1,"column":null}},"1":{"start":{"line":9,"column":15},"end":{"line":9,"column":null}},"2":{"start":{"line":10,"column":22},"end":{"line":10,"column":null}},"3":{"start":{"line":11,"column":21},"end":{"line":11,"column":null}},"4":{"start":{"line":12,"column":20},"end":{"line":12,"column":null}},"5":{"start":{"line":14,"column":22},"end":{"line":23,"column":null}},"6":{"start":{"line":15,"column":2},"end":{"line":23,"column":null}},"7":{"start":{"line":25,"column":0},"end":{"line":25,"column":null}},"8":{"start":{"line":27,"column":22},"end":{"line":46,"column":null}},"9":{"start":{"line":28,"column":2},"end":{"line":46,"column":null}},"10":{"start":{"line":48,"column":0},"end":{"line":48,"column":null}},"11":{"start":{"line":50,"column":6},"end":{"line":54,"column":null}},"12":{"start":{"line":51,"column":2},"end":{"line":54,"column":null}},"13":{"start":{"line":57,"column":0},"end":{"line":57,"column":null}},"14":{"start":{"line":59,"column":6},"end":{"line":66,"column":null}},"15":{"start":{"line":60,"column":2},"end":{"line":66,"column":null}},"16":{"start":{"line":69,"column":0},"end":{"line":69,"column":null}},"17":{"start":{"line":71,"column":20},"end":{"line":77,"column":null}},"18":{"start":{"line":72,"column":2},"end":{"line":77,"column":null}},"19":{"start":{"line":79,"column":0},"end":{"line":79,"column":null}},"20":{"start":{"line":81,"column":26},"end":{"line":87,"column":null}},"21":{"start":{"line":82,"column":2},"end":{"line":87,"column":null}},"22":{"start":{"line":89,"column":0},"end":{"line":89,"column":null}}},"fnMap":{"0":{"name":"(anonymous_0)","decl":{"start":{"line":14,"column":28},"end":{"line":14,"column":40}},"loc":{"start":{"line":15,"column":2},"end":{"line":23,"column":null}},"line":15},"1":{"name":"(anonymous_1)","decl":{"start":{"line":27,"column":28},"end":{"line":27,"column":40}},"loc":{"start":{"line":28,"column":2},"end":{"line":46,"column":null}},"line":28},"2":{"name":"(anonymous_2)","decl":{"start":{"line":50,"column":6},"end":{"line":50,"column":22}},"loc":{"start":{"line":51,"column":2},"end":{"line":54,"column":null}},"line":51},"3":{"name":"(anonymous_3)","decl":{"start":{"line":59,"column":6},"end":{"line":59,"column":22}},"loc":{"start":{"line":60,"column":2},"end":{"line":66,"column":null}},"line":60},"4":{"name":"(anonymous_4)","decl":{"start":{"line":71,"column":26},"end":{"line":71,"column":38}},"loc":{"start":{"line":72,"column":2},"end":{"line":77,"column":null}},"line":72},"5":{"name":"(anonymous_5)","decl":{"start":{"line":81,"column":32},"end":{"line":81,"column":44}},"loc":{"start":{"line":82,"column":2},"end":{"line":87,"column":null}},"line":82}},"branchMap":{},"s":{"0":5,"1":5,"2":5,"3":5,"4":5,"5":5,"6":44,"7":5,"8":5,"9":307,"10":5,"11":5,"12":34,"13":5,"14":5,"15":34,"16":5,"17":5,"18":34,"19":5,"20":5,"21":14,"22":5},"f":{"0":44,"1":307,"2":34,"3":34,"4":34,"5":14},"b":{},"meta":{"lastBranch":0,"lastFunction":6,"lastStatement":23,"seen":{"s:1:0:1:Infinity":0,"s:9:15:9:Infinity":1,"s:10:22:10:Infinity":2,"s:11:21:11:Infinity":3,"s:12:20:12:Infinity":4,"s:14:22:23:Infinity":5,"f:14:28:14:40":0,"s:15:2:23:Infinity":6,"s:25:0:25:Infinity":7,"s:27:22:46:Infinity":8,"f:27:28:27:40":1,"s:28:2:46:Infinity":9,"s:48:0:48:Infinity":10,"s:50:6:54:Infinity":11,"f:50:6:50:22":2,"s:51:2:54:Infinity":12,"s:57:0:57:Infinity":13,"s:59:6:66:Infinity":14,"f:59:6:59:22":3,"s:60:2:66:Infinity":15,"s:69:0:69:Infinity":16,"s:71:20:77:Infinity":17,"f:71:26:71:38":4,"s:72:2:77:Infinity":18,"s:79:0:79:Infinity":19,"s:81:26:87:Infinity":20,"f:81:32:81:44":5,"s:82:2:87:Infinity":21,"s:89:0:89:Infinity":22},"fnNames":{}}}
,"/home/mirukibs/Development/FleetFuel/Frontend/src/componets/ui-kit/Section.jsx": {"path":"/home/mirukibs/Development/FleetFuel/Frontend/src/componets/ui-kit/Section.jsx","statementMap":{"0":{"start":{"line":4,"column":2},"end":{"line":19,"column":null}},"1":{"start":{"line":24,"column":2},"end":{"line":29,"column":null}},"2":{"start":{"line":34,"column":2},"end":{"line":47,"column":null}}},"fnMap":{"0":{"name":"PageHeader","decl":{"start":{"line":3,"column":16},"end":{"line":3,"column":27}},"loc":{"start":{"line":3,"column":57},"end":{"line":21,"column":null}},"line":3},"1":{"name":"Card","decl":{"start":{"line":23,"column":16},"end":{"line":23,"column":21}},"loc":{"start":{"line":23,"column":51},"end":{"line":31,"column":null}},"line":23},"2":{"name":"CardHeader","decl":{"start":{"line":33,"column":16},"end":{"line":33,"column":27}},"loc":{"start":{"line":33,"column":56},"end":{"line":49,"column":null}},"line":33}},"branchMap":{"0":{"loc":{"start":{"line":11,"column":9},"end":{"line":16,"column":null}},"type":"binary-expr","locations":[{"start":{"line":11,"column":9},"end":{"line":11,"column":null}},{"start":{"line":12,"column":10},"end":{"line":16,"column":null}}],"line":11},"1":{"loc":{"start":{"line":18,"column":7},"end":{"line":19,"column":null}},"type":"binary-expr","locations":[{"start":{"line":18,"column":7},"end":{"line":18,"column":18}},{"start":{"line":18,"column":18},"end":{"line":19,"column":null}}],"line":18},"2":{"loc":{"start":{"line":23,"column":33},"end":{"line":23,"column":51}},"type":"default-arg","locations":[{"start":{"line":23,"column":45},"end":{"line":23,"column":51}}],"line":23},"3":{"loc":{"start":{"line":39,"column":9},"end":{"line":44,"column":null}},"type":"binary-expr","locations":[{"start":{"line":39,"column":9},"end":{"line":39,"column":null}},{"start":{"line":40,"column":10},"end":{"line":44,"column":null}}],"line":39}},"s":{"0":72,"1":0,"2":0},"f":{"0":72,"1":0,"2":0},"b":{"0":[72,72],"1":[72,15],"2":[0],"3":[0,0]},"meta":{"lastBranch":4,"lastFunction":3,"lastStatement":3,"seen":{"f:3:16:3:27":0,"s:4:2:19:Infinity":0,"b:11:9:11:Infinity:12:10:16:Infinity":0,"b:18:7:18:18:18:18:19:Infinity":1,"f:23:16:23:21":1,"b:23:45:23:51":2,"s:24:2:29:Infinity":1,"f:33:16:33:27":2,"s:34:2:47:Infinity":2,"b:39:9:39:Infinity:40:10:44:Infinity":3},"fnNames":{}}}
,"/home/mirukibs/Development/FleetFuel/Frontend/src/lib/client.js": {"path":"/home/mirukibs/Development/FleetFuel/Frontend/src/lib/client.js","statementMap":{"0":{"start":{"line":6,"column":17},"end":{"line":6,"column":null}},"1":{"start":{"line":9,"column":19},"end":{"line":15,"column":null}},"2":{"start":{"line":17,"column":2},"end":{"line":20,"column":null}},"3":{"start":{"line":18,"column":18},"end":{"line":18,"column":null}},"4":{"start":{"line":18,"column":53},"end":{"line":18,"column":83}},"5":{"start":{"line":19,"column":4},"end":{"line":19,"column":null}},"6":{"start":{"line":22,"column":2},"end":{"line":22,"column":null}},"7":{"start":{"line":25,"column":28},"end":{"line":95,"column":null}},"8":{"start":{"line":27,"column":16},"end":{"line":27,"column":null}},"9":{"start":{"line":28,"column":17},"end":{"line":28,"column":null}},"10":{"start":{"line":29,"column":22},"end":{"line":29,"column":null}},"11":{"start":{"line":32,"column":16},"end":{"line":32,"column":null}},"12":{"start":{"line":33,"column":17},"end":{"line":33,"column":null}},"13":{"start":{"line":34,"column":22},"end":{"line":34,"column":null}},"14":{"start":{"line":35,"column":30},"end":{"line":35,"column":null}},"15":{"start":{"line":36,"column":31},"end":{"line":36,"column":null}},"16":{"start":{"line":37,"column":31},"end":{"line":37,"column":null}},"17":{"start":{"line":40,"column":16},"end":{"line":40,"column":null}},"18":{"start":{"line":41,"column":17},"end":{"line":41,"column":null}},"19":{"start":{"line":42,"column":24},"end":{"line":42,"column":null}},"20":{"start":{"line":43,"column":26},"end":{"line":43,"column":null}},"21":{"start":{"line":44,"column":36},"end":{"line":44,"column":null}},"22":{"start":{"line":45,"column":29},"end":{"line":45,"column":null}},"23":{"start":{"line":46,"column":42},"end":{"line":46,"column":null}},"24":{"start":{"line":49,"column":24},"end":{"line":49,"column":null}},"25":{"start":{"line":50,"column":40},"end":{"line":50,"column":null}},"26":{"start":{"line":51,"column":29},"end":{"line":51,"column":null}},"27":{"start":{"line":58,"column":18},"end":{"line":58,"column":null}},"28":{"start":{"line":59,"column":25},"end":{"line":59,"column":null}},"29":{"start":{"line":62,"column":16},"end":{"line":62,"column":null}},"30":{"start":{"line":63,"column":17},"end":{"line":63,"column":null}},"31":{"start":{"line":64,"column":24},"end":{"line":64,"column":null}},"32":{"start":{"line":65,"column":33},"end":{"line":65,"column":null}},"33":{"start":{"line":68,"column":16},"end":{"line":68,"column":null}},"34":{"start":{"line":69,"column":23},"end":{"line":69,"column":null}},"35":{"start":{"line":70,"column":24},"end":{"line":70,"column":null}},"36":{"start":{"line":71,"column":33},"end":{"line":71,"column":null}},"37":{"start":{"line":72,"column":28},"end":{"line":72,"column":null}},"38":{"start":{"line":73,"column":31},"end":{"line":73,"column":null}},"39":{"start":{"line":74,"column":35},"end":{"line":74,"column":null}},"40":{"start":{"line":75,"column":33},"end":{"line":75,"column":null}},"41":{"start":{"line":78,"column":34},"end":{"line":78,"column":null}},"42":{"start":{"line":79,"column":36},"end":{"line":79,"column":null}},"43":{"start":{"line":80,"column":17},"end":{"line":80,"column":null}},"44":{"start":{"line":81,"column":22},"end":{"line":81,"column":null}},"45":{"start":{"line":82,"column":26},"end":{"line":82,"column":null}},"46":{"start":{"line":83,"column":20},"end":{"line":83,"column":null}},"47":{"start":{"line":84,"column":20},"end":{"line":84,"column":null}},"48":{"start":{"line":85,"column":20},"end":{"line":85,"column":null}},"49":{"start":{"line":86,"column":21},"end":{"line":86,"column":null}},"50":{"start":{"line":89,"column":23},"end":{"line":89,"column":null}},"51":{"start":{"line":90,"column":33},"end":{"line":90,"column":null}},"52":{"start":{"line":91,"column":29},"end":{"line":91,"column":null}},"53":{"start":{"line":92,"column":36},"end":{"line":92,"column":null}},"54":{"start":{"line":93,"column":41},"end":{"line":93,"column":null}}},"fnMap":{"0":{"name":"request","decl":{"start":{"line":8,"column":15},"end":{"line":8,"column":23}},"loc":{"start":{"line":8,"column":43},"end":{"line":23,"column":null}},"line":8},"1":{"name":"(anonymous_1)","decl":{"start":{"line":18,"column":40},"end":{"line":18,"column":53}},"loc":{"start":{"line":18,"column":53},"end":{"line":18,"column":83}},"line":18},"2":{"name":"(anonymous_2)","decl":{"start":{"line":27,"column":4},"end":{"line":27,"column":16}},"loc":{"start":{"line":27,"column":16},"end":{"line":27,"column":null}},"line":27},"3":{"name":"(anonymous_3)","decl":{"start":{"line":28,"column":4},"end":{"line":28,"column":10}},"loc":{"start":{"line":28,"column":17},"end":{"line":28,"column":null}},"line":28},"4":{"name":"(anonymous_4)","decl":{"start":{"line":29,"column":4},"end":{"line":29,"column":13}},"loc":{"start":{"line":29,"column":22},"end":{"line":29,"column":null}},"line":29},"5":{"name":"(anonymous_5)","decl":{"start":{"line":32,"column":4},"end":{"line":32,"column":16}},"loc":{"start":{"line":32,"column":16},"end":{"line":32,"column":null}},"line":32},"6":{"name":"(anonymous_6)","decl":{"start":{"line":33,"column":4},"end":{"line":33,"column":10}},"loc":{"start":{"line":33,"column":17},"end":{"line":33,"column":null}},"line":33},"7":{"name":"(anonymous_7)","decl":{"start":{"line":34,"column":4},"end":{"line":34,"column":13}},"loc":{"start":{"line":34,"column":22},"end":{"line":34,"column":null}},"line":34},"8":{"name":"(anonymous_8)","decl":{"start":{"line":35,"column":4},"end":{"line":35,"column":17}},"loc":{"start":{"line":35,"column":30},"end":{"line":35,"column":null}},"line":35},"9":{"name":"(anonymous_9)","decl":{"start":{"line":36,"column":4},"end":{"line":36,"column":19}},"loc":{"start":{"line":36,"column":31},"end":{"line":36,"column":null}},"line":36},"10":{"name":"(anonymous_10)","decl":{"start":{"line":37,"column":4},"end":{"line":37,"column":19}},"loc":{"start":{"line":37,"column":31},"end":{"line":37,"column":null}},"line":37},"11":{"name":"(anonymous_11)","decl":{"start":{"line":40,"column":4},"end":{"line":40,"column":16}},"loc":{"start":{"line":40,"column":16},"end":{"line":40,"column":null}},"line":40},"12":{"name":"(anonymous_12)","decl":{"start":{"line":41,"column":4},"end":{"line":41,"column":10}},"loc":{"start":{"line":41,"column":17},"end":{"line":41,"column":null}},"line":41},"13":{"name":"(anonymous_13)","decl":{"start":{"line":42,"column":4},"end":{"line":42,"column":15}},"loc":{"start":{"line":42,"column":24},"end":{"line":42,"column":null}},"line":42},"14":{"name":"(anonymous_14)","decl":{"start":{"line":43,"column":4},"end":{"line":43,"column":13}},"loc":{"start":{"line":43,"column":26},"end":{"line":43,"column":null}},"line":43},"15":{"name":"(anonymous_15)","decl":{"start":{"line":44,"column":4},"end":{"line":44,"column":20}},"loc":{"start":{"line":44,"column":36},"end":{"line":44,"column":null}},"line":44},"16":{"name":"(anonymous_16)","decl":{"start":{"line":45,"column":4},"end":{"line":45,"column":22}},"loc":{"start":{"line":45,"column":29},"end":{"line":45,"column":null}},"line":45},"17":{"name":"(anonymous_17)","decl":{"start":{"line":46,"column":4},"end":{"line":46,"column":23}},"loc":{"start":{"line":46,"column":42},"end":{"line":46,"column":null}},"line":46},"18":{"name":"(anonymous_18)","decl":{"start":{"line":49,"column":4},"end":{"line":49,"column":24}},"loc":{"start":{"line":49,"column":24},"end":{"line":49,"column":null}},"line":49},"19":{"name":"(anonymous_19)","decl":{"start":{"line":50,"column":4},"end":{"line":50,"column":26}},"loc":{"start":{"line":50,"column":40},"end":{"line":50,"column":null}},"line":50},"20":{"name":"(anonymous_20)","decl":{"start":{"line":51,"column":4},"end":{"line":51,"column":20}},"loc":{"start":{"line":51,"column":29},"end":{"line":51,"column":null}},"line":51},"21":{"name":"(anonymous_21)","decl":{"start":{"line":58,"column":4},"end":{"line":58,"column":18}},"loc":{"start":{"line":58,"column":18},"end":{"line":58,"column":null}},"line":58},"22":{"name":"(anonymous_22)","decl":{"start":{"line":59,"column":4},"end":{"line":59,"column":25}},"loc":{"start":{"line":59,"column":25},"end":{"line":59,"column":null}},"line":59},"23":{"name":"(anonymous_23)","decl":{"start":{"line":62,"column":4},"end":{"line":62,"column":16}},"loc":{"start":{"line":62,"column":16},"end":{"line":62,"column":null}},"line":62},"24":{"name":"(anonymous_24)","decl":{"start":{"line":63,"column":4},"end":{"line":63,"column":10}},"loc":{"start":{"line":63,"column":17},"end":{"line":63,"column":null}},"line":63},"25":{"name":"(anonymous_25)","decl":{"start":{"line":64,"column":4},"end":{"line":64,"column":15}},"loc":{"start":{"line":64,"column":24},"end":{"line":64,"column":null}},"line":64},"26":{"name":"(anonymous_26)","decl":{"start":{"line":65,"column":4},"end":{"line":65,"column":20}},"loc":{"start":{"line":65,"column":33},"end":{"line":65,"column":null}},"line":65},"27":{"name":"(anonymous_27)","decl":{"start":{"line":68,"column":4},"end":{"line":68,"column":16}},"loc":{"start":{"line":68,"column":16},"end":{"line":68,"column":null}},"line":68},"28":{"name":"(anonymous_28)","decl":{"start":{"line":69,"column":4},"end":{"line":69,"column":16}},"loc":{"start":{"line":69,"column":23},"end":{"line":69,"column":null}},"line":69},"29":{"name":"(anonymous_29)","decl":{"start":{"line":70,"column":4},"end":{"line":70,"column":15}},"loc":{"start":{"line":70,"column":24},"end":{"line":70,"column":null}},"line":70},"30":{"name":"(anonymous_30)","decl":{"start":{"line":71,"column":4},"end":{"line":71,"column":20}},"loc":{"start":{"line":71,"column":33},"end":{"line":71,"column":null}},"line":71},"31":{"name":"(anonymous_31)","decl":{"start":{"line":72,"column":4},"end":{"line":72,"column":15}},"loc":{"start":{"line":72,"column":28},"end":{"line":72,"column":null}},"line":72},"32":{"name":"(anonymous_32)","decl":{"start":{"line":73,"column":4},"end":{"line":73,"column":18}},"loc":{"start":{"line":73,"column":31},"end":{"line":73,"column":null}},"line":73},"33":{"name":"(anonymous_33)","decl":{"start":{"line":74,"column":4},"end":{"line":74,"column":18}},"loc":{"start":{"line":74,"column":35},"end":{"line":74,"column":null}},"line":74},"34":{"name":"(anonymous_34)","decl":{"start":{"line":75,"column":4},"end":{"line":75,"column":20}},"loc":{"start":{"line":75,"column":33},"end":{"line":75,"column":null}},"line":75},"35":{"name":"(anonymous_35)","decl":{"start":{"line":78,"column":4},"end":{"line":78,"column":20}},"loc":{"start":{"line":78,"column":34},"end":{"line":78,"column":null}},"line":78},"36":{"name":"(anonymous_36)","decl":{"start":{"line":79,"column":4},"end":{"line":79,"column":21}},"loc":{"start":{"line":79,"column":36},"end":{"line":79,"column":null}},"line":79},"37":{"name":"(anonymous_37)","decl":{"start":{"line":80,"column":4},"end":{"line":80,"column":10}},"loc":{"start":{"line":80,"column":17},"end":{"line":80,"column":null}},"line":80},"38":{"name":"(anonymous_38)","decl":{"start":{"line":81,"column":4},"end":{"line":81,"column":13}},"loc":{"start":{"line":81,"column":22},"end":{"line":81,"column":null}},"line":81},"39":{"name":"(anonymous_39)","decl":{"start":{"line":82,"column":4},"end":{"line":82,"column":13}},"loc":{"start":{"line":82,"column":26},"end":{"line":82,"column":null}},"line":82},"40":{"name":"(anonymous_40)","decl":{"start":{"line":83,"column":4},"end":{"line":83,"column":13}},"loc":{"start":{"line":83,"column":20},"end":{"line":83,"column":null}},"line":83},"41":{"name":"(anonymous_41)","decl":{"start":{"line":84,"column":4},"end":{"line":84,"column":13}},"loc":{"start":{"line":84,"column":20},"end":{"line":84,"column":null}},"line":84},"42":{"name":"(anonymous_42)","decl":{"start":{"line":85,"column":4},"end":{"line":85,"column":13}},"loc":{"start":{"line":85,"column":20},"end":{"line":85,"column":null}},"line":85},"43":{"name":"(anonymous_43)","decl":{"start":{"line":86,"column":4},"end":{"line":86,"column":14}},"loc":{"start":{"line":86,"column":21},"end":{"line":86,"column":null}},"line":86},"44":{"name":"(anonymous_44)","decl":{"start":{"line":89,"column":4},"end":{"line":89,"column":14}},"loc":{"start":{"line":89,"column":23},"end":{"line":89,"column":null}},"line":89},"45":{"name":"(anonymous_45)","decl":{"start":{"line":90,"column":4},"end":{"line":90,"column":24}},"loc":{"start":{"line":90,"column":33},"end":{"line":90,"column":null}},"line":90},"46":{"name":"(anonymous_46)","decl":{"start":{"line":91,"column":4},"end":{"line":91,"column":10}},"loc":{"start":{"line":91,"column":29},"end":{"line":91,"column":null}},"line":91},"47":{"name":"(anonymous_47)","decl":{"start":{"line":92,"column":4},"end":{"line":92,"column":17}},"loc":{"start":{"line":92,"column":36},"end":{"line":92,"column":null}},"line":92},"48":{"name":"(anonymous_48)","decl":{"start":{"line":93,"column":4},"end":{"line":93,"column":22}},"loc":{"start":{"line":93,"column":41},"end":{"line":93,"column":null}},"line":93}},"branchMap":{"0":{"loc":{"start":{"line":6,"column":17},"end":{"line":6,"column":null}},"type":"binary-expr","locations":[{"start":{"line":6,"column":17},"end":{"line":6,"column":49}},{"start":{"line":6,"column":49},"end":{"line":6,"column":null}}],"line":6},"1":{"loc":{"start":{"line":8,"column":29},"end":{"line":8,"column":43}},"type":"default-arg","locations":[{"start":{"line":8,"column":39},"end":{"line":8,"column":43}}],"line":8},"2":{"loc":{"start":{"line":17,"column":2},"end":{"line":20,"column":null}},"type":"if","locations":[{"start":{"line":17,"column":2},"end":{"line":20,"column":null}},{"start":{},"end":{}}],"line":17},"3":{"loc":{"start":{"line":19,"column":20},"end":{"line":19,"column":87}},"type":"binary-expr","locations":[{"start":{"line":19,"column":20},"end":{"line":19,"column":37}},{"start":{"line":19,"column":37},"end":{"line":19,"column":87}}],"line":19},"4":{"loc":{"start":{"line":22,"column":9},"end":{"line":22,"column":null}},"type":"cond-expr","locations":[{"start":{"line":22,"column":35},"end":{"line":22,"column":53}},{"start":{"line":22,"column":53},"end":{"line":22,"column":null}}],"line":22}},"s":{"0":1,"1":3,"2":3,"3":1,"4":0,"5":1,"6":2,"7":1,"8":0,"9":0,"10":0,"11":0,"12":0,"13":0,"14":0,"15":0,"16":0,"17":1,"18":0,"19":0,"20":0,"21":0,"22":0,"23":2,"24":0,"25":0,"26":0,"27":0,"28":0,"29":0,"30":0,"31":0,"32":0,"33":0,"34":0,"35":0,"36":0,"37":0,"38":0,"39":0,"40":0,"41":0,"42":0,"43":0,"44":0,"45":0,"46":0,"47":0,"48":0,"49":0,"50":0,"51":0,"52":0,"53":0,"54":0},"f":{"0":3,"1":0,"2":0,"3":0,"4":0,"5":0,"6":0,"7":0,"8":0,"9":0,"10":0,"11":1,"12":0,"13":0,"14":0,"15":0,"16":0,"17":2,"18":0,"19":0,"20":0,"21":0,"22":0,"23":0,"24":0,"25":0,"26":0,"27":0,"28":0,"29":0,"30":0,"31":0,"32":0,"33":0,"34":0,"35":0,"36":0,"37":0,"38":0,"39":0,"40":0,"41":0,"42":0,"43":0,"44":0,"45":0,"46":0,"47":0,"48":0},"b":{"0":[1,1],"1":[3],"2":[1,2],"3":[1,0],"4":[2,0]},"meta":{"lastBranch":5,"lastFunction":49,"lastStatement":55,"seen":{"s:6:17:6:Infinity":0,"b:6:17:6:49:6:49:6:Infinity":0,"f:8:15:8:23":0,"b:8:39:8:43":1,"s:9:19:15:Infinity":1,"b:17:2:20:Infinity:undefined:undefined:undefined:undefined":2,"s:17:2:20:Infinity":2,"s:18:18:18:Infinity":3,"f:18:40:18:53":1,"s:18:53:18:83":4,"s:19:4:19:Infinity":5,"b:19:20:19:37:19:37:19:87":3,"s:22:2:22:Infinity":6,"b:22:35:22:53:22:53:22:Infinity":4,"s:25:28:95:Infinity":7,"f:27:4:27:16":2,"s:27:16:27:Infinity":8,"f:28:4:28:10":3,"s:28:17:28:Infinity":9,"f:29:4:29:13":4,"s:29:22:29:Infinity":10,"f:32:4:32:16":5,"s:32:16:32:Infinity":11,"f:33:4:33:10":6,"s:33:17:33:Infinity":12,"f:34:4:34:13":7,"s:34:22:34:Infinity":13,"f:35:4:35:17":8,"s:35:30:35:Infinity":14,"f:36:4:36:19":9,"s:36:31:36:Infinity":15,"f:37:4:37:19":10,"s:37:31:37:Infinity":16,"f:40:4:40:16":11,"s:40:16:40:Infinity":17,"f:41:4:41:10":12,"s:41:17:41:Infinity":18,"f:42:4:42:15":13,"s:42:24:42:Infinity":19,"f:43:4:43:13":14,"s:43:26:43:Infinity":20,"f:44:4:44:20":15,"s:44:36:44:Infinity":21,"f:45:4:45:22":16,"s:45:29:45:Infinity":22,"f:46:4:46:23":17,"s:46:42:46:Infinity":23,"f:49:4:49:24":18,"s:49:24:49:Infinity":24,"f:50:4:50:26":19,"s:50:40:50:Infinity":25,"f:51:4:51:20":20,"s:51:29:51:Infinity":26,"f:58:4:58:18":21,"s:58:18:58:Infinity":27,"f:59:4:59:25":22,"s:59:25:59:Infinity":28,"f:62:4:62:16":23,"s:62:16:62:Infinity":29,"f:63:4:63:10":24,"s:63:17:63:Infinity":30,"f:64:4:64:15":25,"s:64:24:64:Infinity":31,"f:65:4:65:20":26,"s:65:33:65:Infinity":32,"f:68:4:68:16":27,"s:68:16:68:Infinity":33,"f:69:4:69:16":28,"s:69:23:69:Infinity":34,"f:70:4:70:15":29,"s:70:24:70:Infinity":35,"f:71:4:71:20":30,"s:71:33:71:Infinity":36,"f:72:4:72:15":31,"s:72:28:72:Infinity":37,"f:73:4:73:18":32,"s:73:31:73:Infinity":38,"f:74:4:74:18":33,"s:74:35:74:Infinity":39,"f:75:4:75:20":34,"s:75:33:75:Infinity":40,"f:78:4:78:20":35,"s:78:34:78:Infinity":41,"f:79:4:79:21":36,"s:79:36:79:Infinity":42,"f:80:4:80:10":37,"s:80:17:80:Infinity":43,"f:81:4:81:13":38,"s:81:22:81:Infinity":44,"f:82:4:82:13":39,"s:82:26:82:Infinity":45,"f:83:4:83:13":40,"s:83:20:83:Infinity":46,"f:84:4:84:13":41,"s:84:20:84:Infinity":47,"f:85:4:85:13":42,"s:85:20:85:Infinity":48,"f:86:4:86:14":43,"s:86:21:86:Infinity":49,"f:89:4:89:14":44,"s:89:23:89:Infinity":50,"f:90:4:90:24":45,"s:90:33:90:Infinity":51,"f:91:4:91:10":46,"s:91:29:91:Infinity":52,"f:92:4:92:17":47,"s:92:36:92:Infinity":53,"f:93:4:93:22":48,"s:93:41:93:Infinity":54},"fnNames":{}}}
,"/home/mirukibs/Development/FleetFuel/Frontend/src/lib/fleetModule.js": {"path":"/home/mirukibs/Development/FleetFuel/Frontend/src/lib/fleetModule.js","statementMap":{"0":{"start":{"line":1,"column":34},"end":{"line":1,"column":null}},"1":{"start":{"line":4,"column":16},"end":{"line":4,"column":null}},"2":{"start":{"line":5,"column":2},"end":{"line":7,"column":null}},"3":{"start":{"line":6,"column":4},"end":{"line":6,"column":null}},"4":{"start":{"line":8,"column":2},"end":{"line":10,"column":null}},"5":{"start":{"line":9,"column":4},"end":{"line":9,"column":null}},"6":{"start":{"line":11,"column":2},"end":{"line":11,"column":null}},"7":{"start":{"line":15,"column":24},"end":{"line":15,"column":null}},"8":{"start":{"line":16,"column":2},"end":{"line":16,"column":null}},"9":{"start":{"line":16,"column":46},"end":{"line":16,"column":null}},"10":{"start":{"line":17,"column":2},"end":{"line":17,"column":null}},"11":{"start":{"line":17,"column":40},"end":{"line":17,"column":null}},"12":{"start":{"line":18,"column":2},"end":{"line":18,"column":null}},"13":{"start":{"line":22,"column":24},"end":{"line":22,"column":null}},"14":{"start":{"line":22,"column":65},"end":{"line":22,"column":87}},"15":{"start":{"line":23,"column":2},"end":{"line":34,"column":null}}},"fnMap":{"0":{"name":"splitFullName","decl":{"start":{"line":3,"column":16},"end":{"line":3,"column":30}},"loc":{"start":{"line":3,"column":40},"end":{"line":12,"column":null}},"line":3},"1":{"name":"getLatestFuelLevel","decl":{"start":{"line":14,"column":16},"end":{"line":14,"column":35}},"loc":{"start":{"line":14,"column":44},"end":{"line":19,"column":null}},"line":14},"2":{"name":"toFrontendVehicle","decl":{"start":{"line":21,"column":16},"end":{"line":21,"column":34}},"loc":{"start":{"line":21,"column":56},"end":{"line":35,"column":null}},"line":21},"3":{"name":"(anonymous_3)","decl":{"start":{"line":22,"column":50},"end":{"line":22,"column":55}},"loc":{"start":{"line":22,"column":65},"end":{"line":22,"column":87}},"line":22}},"branchMap":{"0":{"loc":{"start":{"line":4,"column":19},"end":{"line":4,"column":36}},"type":"binary-expr","locations":[{"start":{"line":4,"column":19},"end":{"line":4,"column":31}},{"start":{"line":4,"column":31},"end":{"line":4,"column":36}}],"line":4},"1":{"loc":{"start":{"line":5,"column":2},"end":{"line":7,"column":null}},"type":"if","locations":[{"start":{"line":5,"column":2},"end":{"line":7,"column":null}},{"start":{},"end":{}}],"line":5},"2":{"loc":{"start":{"line":8,"column":2},"end":{"line":10,"column":null}},"type":"if","locations":[{"start":{"line":8,"column":2},"end":{"line":10,"column":null}},{"start":{},"end":{}}],"line":8},"3":{"loc":{"start":{"line":15,"column":24},"end":{"line":15,"column":null}},"type":"cond-expr","locations":[{"start":{"line":15,"column":52},"end":{"line":15,"column":100}},{"start":{"line":15,"column":100},"end":{"line":15,"column":null}}],"line":15},"4":{"loc":{"start":{"line":16,"column":2},"end":{"line":16,"column":null}},"type":"if","locations":[{"start":{"line":16,"column":2},"end":{"line":16,"column":null}},{"start":{},"end":{}}],"line":16},"5":{"loc":{"start":{"line":17,"column":2},"end":{"line":17,"column":null}},"type":"if","locations":[{"start":{"line":17,"column":2},"end":{"line":17,"column":null}},{"start":{},"end":{}}],"line":17},"6":{"loc":{"start":{"line":21,"column":43},"end":{"line":21,"column":56}},"type":"default-arg","locations":[{"start":{"line":21,"column":52},"end":{"line":21,"column":56}}],"line":21},"7":{"loc":{"start":{"line":25,"column":11},"end":{"line":25,"column":null}},"type":"binary-expr","locations":[{"start":{"line":25,"column":11},"end":{"line":25,"column":35}},{"start":{"line":25,"column":35},"end":{"line":25,"column":52}},{"start":{"line":25,"column":52},"end":{"line":25,"column":null}}],"line":25},"8":{"loc":{"start":{"line":26,"column":10},"end":{"line":26,"column":null}},"type":"binary-expr","locations":[{"start":{"line":26,"column":10},"end":{"line":26,"column":26}},{"start":{"line":26,"column":26},"end":{"line":26,"column":null}}],"line":26},"9":{"loc":{"start":{"line":27,"column":11},"end":{"line":27,"column":null}},"type":"binary-expr","locations":[{"start":{"line":27,"column":11},"end":{"line":27,"column":28}},{"start":{"line":27,"column":28},"end":{"line":27,"column":null}}],"line":27},"10":{"loc":{"start":{"line":28,"column":17},"end":{"line":28,"column":34}},"type":"binary-expr","locations":[{"start":{"line":28,"column":17},"end":{"line":28,"column":33}},{"start":{"line":28,"column":33},"end":{"line":28,"column":34}}],"line":28},"11":{"loc":{"start":{"line":29,"column":10},"end":{"line":29,"column":null}},"type":"binary-expr","locations":[{"start":{"line":29,"column":10},"end":{"line":29,"column":26}},{"start":{"line":29,"column":26},"end":{"line":29,"column":null}}],"line":29},"12":{"loc":{"start":{"line":30,"column":13},"end":{"line":30,"column":null}},"type":"binary-expr","locations":[{"start":{"line":30,"column":13},"end":{"line":30,"column":32}},{"start":{"line":30,"column":32},"end":{"line":30,"column":null}}],"line":30},"13":{"loc":{"start":{"line":31,"column":11},"end":{"line":31,"column":null}},"type":"binary-expr","locations":[{"start":{"line":31,"column":11},"end":{"line":31,"column":45}},{"start":{"line":31,"column":45},"end":{"line":31,"column":62}},{"start":{"line":31,"column":62},"end":{"line":31,"column":null}}],"line":31},"14":{"loc":{"start":{"line":33,"column":12},"end":{"line":33,"column":null}},"type":"binary-expr","locations":[{"start":{"line":33,"column":12},"end":{"line":33,"column":34}},{"start":{"line":33,"column":34},"end":{"line":33,"column":52}},{"start":{"line":33,"column":52},"end":{"line":33,"column":null}}],"line":33}},"s":{"0":3,"1":6,"2":6,"3":3,"4":3,"5":1,"6":2,"7":9,"8":9,"9":3,"10":6,"11":2,"12":4,"13":5,"14":4,"15":5},"f":{"0":6,"1":9,"2":5,"3":4},"b":{"0":[6,2],"1":[3,3],"2":[1,2],"3":[3,6],"4":[3,6],"5":[2,4],"6":[5],"7":[5,0,0],"8":[5,1],"9":[5,4],"10":[5,4],"11":[5,4],"12":[5,4],"13":[5,4,4],"14":[5,4,3]},"meta":{"lastBranch":15,"lastFunction":4,"lastStatement":16,"seen":{"s:1:34:1:Infinity":0,"f:3:16:3:30":0,"s:4:16:4:Infinity":1,"b:4:19:4:31:4:31:4:36":0,"b:5:2:7:Infinity:undefined:undefined:undefined:undefined":1,"s:5:2:7:Infinity":2,"s:6:4:6:Infinity":3,"b:8:2:10:Infinity:undefined:undefined:undefined:undefined":2,"s:8:2:10:Infinity":4,"s:9:4:9:Infinity":5,"s:11:2:11:Infinity":6,"f:14:16:14:35":1,"s:15:24:15:Infinity":7,"b:15:52:15:100:15:100:15:Infinity":3,"b:16:2:16:Infinity:undefined:undefined:undefined:undefined":4,"s:16:2:16:Infinity":8,"s:16:46:16:Infinity":9,"b:17:2:17:Infinity:undefined:undefined:undefined:undefined":5,"s:17:2:17:Infinity":10,"s:17:40:17:Infinity":11,"s:18:2:18:Infinity":12,"f:21:16:21:34":2,"b:21:52:21:56":6,"s:22:24:22:Infinity":13,"f:22:50:22:55":3,"s:22:65:22:87":14,"s:23:2:34:Infinity":15,"b:25:11:25:35:25:35:25:52:25:52:25:Infinity":7,"b:26:10:26:26:26:26:26:Infinity":8,"b:27:11:27:28:27:28:27:Infinity":9,"b:28:17:28:33:28:33:28:34":10,"b:29:10:29:26:29:26:29:Infinity":11,"b:30:13:30:32:30:32:30:Infinity":12,"b:31:11:31:45:31:45:31:62:31:62:31:Infinity":13,"b:33:12:33:34:33:34:33:52:33:52:33:Infinity":14},"fnNames":{}}}
,"/home/mirukibs/Development/FleetFuel/Frontend/src/lib/utils.js": {"path":"/home/mirukibs/Development/FleetFuel/Frontend/src/lib/utils.js","statementMap":{"0":{"start":{"line":5,"column":2},"end":{"line":5,"column":null}}},"fnMap":{"0":{"name":"cn","decl":{"start":{"line":4,"column":16},"end":{"line":4,"column":19}},"loc":{"start":{"line":4,"column":30},"end":{"line":6,"column":null}},"line":4}},"branchMap":{},"s":{"0":1021},"f":{"0":1021},"b":{},"meta":{"lastBranch":0,"lastFunction":1,"lastStatement":1,"seen":{"f:4:16:4:19":0,"s:5:2:5:Infinity":0},"fnNames":{}}}
,"/home/mirukibs/Development/FleetFuel/Frontend/src/pages/Admin.jsx": {"path":"/home/mirukibs/Development/FleetFuel/Frontend/src/pages/Admin.jsx","statementMap":{"0":{"start":{"line":12,"column":19},"end":{"line":12,"column":null}},"1":{"start":{"line":13,"column":17},"end":{"line":13,"column":null}},"2":{"start":{"line":14,"column":25},"end":{"line":14,"column":null}},"3":{"start":{"line":15,"column":26},"end":{"line":15,"column":null}},"4":{"start":{"line":17,"column":26},"end":{"line":17,"column":null}},"5":{"start":{"line":18,"column":24},"end":{"line":18,"column":null}},"6":{"start":{"line":19,"column":26},"end":{"line":19,"column":null}},"7":{"start":{"line":21,"column":29},"end":{"line":21,"column":null}},"8":{"start":{"line":22,"column":26},"end":{"line":22,"column":null}},"9":{"start":{"line":23,"column":22},"end":{"line":23,"column":null}},"10":{"start":{"line":25,"column":27},"end":{"line":25,"column":null}},"11":{"start":{"line":26,"column":24},"end":{"line":26,"column":null}},"12":{"start":{"line":27,"column":20},"end":{"line":27,"column":null}},"13":{"start":{"line":28,"column":24},"end":{"line":28,"column":null}},"14":{"start":{"line":30,"column":22},"end":{"line":33,"column":null}},"15":{"start":{"line":35,"column":20},"end":{"line":38,"column":null}},"16":{"start":{"line":40,"column":8},"end":{"line":43,"column":null}},"17":{"start":{"line":41,"column":10},"end":{"line":41,"column":null}},"18":{"start":{"line":41,"column":46},"end":{"line":41,"column":52}},"19":{"start":{"line":45,"column":2},"end":{"line":65,"column":null}},"20":{"start":{"line":47,"column":6},"end":{"line":62,"column":null}},"21":{"start":{"line":48,"column":29},"end":{"line":51,"column":null}},"22":{"start":{"line":52,"column":8},"end":{"line":55,"column":null}},"23":{"start":{"line":52,"column":42},"end":{"line":55,"column":10}},"24":{"start":{"line":56,"column":8},"end":{"line":59,"column":null}},"25":{"start":{"line":56,"column":40},"end":{"line":59,"column":10}},"26":{"start":{"line":58,"column":35},"end":{"line":58,"column":60}},"27":{"start":{"line":61,"column":8},"end":{"line":61,"column":null}},"28":{"start":{"line":64,"column":4},"end":{"line":64,"column":null}},"29":{"start":{"line":67,"column":8},"end":{"line":67,"column":null}},"30":{"start":{"line":67,"column":32},"end":{"line":67,"column":null}},"31":{"start":{"line":68,"column":8},"end":{"line":68,"column":null}},"32":{"start":{"line":68,"column":30},"end":{"line":68,"column":null}},"33":{"start":{"line":70,"column":27},"end":{"line":98,"column":null}},"34":{"start":{"line":71,"column":4},"end":{"line":74,"column":null}},"35":{"start":{"line":72,"column":6},"end":{"line":72,"column":null}},"36":{"start":{"line":73,"column":6},"end":{"line":73,"column":null}},"37":{"start":{"line":75,"column":4},"end":{"line":97,"column":null}},"38":{"start":{"line":76,"column":25},"end":{"line":76,"column":null}},"39":{"start":{"line":77,"column":22},"end":{"line":82,"column":null}},"40":{"start":{"line":84,"column":6},"end":{"line":91,"column":null}},"41":{"start":{"line":84,"column":28},"end":{"line":91,"column":7}},"42":{"start":{"line":92,"column":6},"end":{"line":92,"column":null}},"43":{"start":{"line":93,"column":6},"end":{"line":93,"column":null}},"44":{"start":{"line":94,"column":6},"end":{"line":94,"column":null}},"45":{"start":{"line":96,"column":6},"end":{"line":96,"column":null}},"46":{"start":{"line":100,"column":28},"end":{"line":129,"column":null}},"47":{"start":{"line":101,"column":4},"end":{"line":104,"column":null}},"48":{"start":{"line":102,"column":6},"end":{"line":102,"column":null}},"49":{"start":{"line":103,"column":6},"end":{"line":103,"column":null}},"50":{"start":{"line":105,"column":4},"end":{"line":128,"column":null}},"51":{"start":{"line":106,"column":28},"end":{"line":106,"column":null}},"52":{"start":{"line":106,"column":55},"end":{"line":106,"column":96}},"53":{"start":{"line":107,"column":22},"end":{"line":111,"column":null}},"54":{"start":{"line":113,"column":6},"end":{"line":122,"column":null}},"55":{"start":{"line":113,"column":26},"end":{"line":122,"column":7}},"56":{"start":{"line":123,"column":6},"end":{"line":123,"column":null}},"57":{"start":{"line":124,"column":6},"end":{"line":124,"column":null}},"58":{"start":{"line":125,"column":6},"end":{"line":125,"column":null}},"59":{"start":{"line":127,"column":6},"end":{"line":127,"column":null}},"60":{"start":{"line":131,"column":35},"end":{"line":141,"column":null}},"61":{"start":{"line":132,"column":4},"end":{"line":132,"column":null}},"62":{"start":{"line":133,"column":4},"end":{"line":133,"column":null}},"63":{"start":{"line":134,"column":4},"end":{"line":134,"column":null}},"64":{"start":{"line":135,"column":4},"end":{"line":140,"column":null}},"65":{"start":{"line":136,"column":19},"end":{"line":136,"column":null}},"66":{"start":{"line":137,"column":6},"end":{"line":137,"column":null}},"67":{"start":{"line":139,"column":6},"end":{"line":139,"column":null}},"68":{"start":{"line":143,"column":33},"end":{"line":158,"column":null}},"69":{"start":{"line":144,"column":4},"end":{"line":144,"column":null}},"70":{"start":{"line":145,"column":4},"end":{"line":145,"column":null}},"71":{"start":{"line":146,"column":4},"end":{"line":146,"column":null}},"72":{"start":{"line":147,"column":4},"end":{"line":147,"column":null}},"73":{"start":{"line":148,"column":4},"end":{"line":157,"column":null}},"74":{"start":{"line":149,"column":31},"end":{"line":152,"column":null}},"75":{"start":{"line":153,"column":6},"end":{"line":153,"column":null}},"76":{"start":{"line":154,"column":6},"end":{"line":154,"column":null}},"77":{"start":{"line":156,"column":6},"end":{"line":156,"column":null}},"78":{"start":{"line":160,"column":8},"end":{"line":164,"column":null}},"79":{"start":{"line":161,"column":4},"end":{"line":161,"column":null}},"80":{"start":{"line":162,"column":4},"end":{"line":162,"column":null}},"81":{"start":{"line":163,"column":4},"end":{"line":163,"column":null}},"82":{"start":{"line":166,"column":28},"end":{"line":176,"column":null}},"83":{"start":{"line":167,"column":4},"end":{"line":167,"column":null}},"84":{"start":{"line":167,"column":33},"end":{"line":167,"column":null}},"85":{"start":{"line":168,"column":4},"end":{"line":175,"column":null}},"86":{"start":{"line":169,"column":6},"end":{"line":169,"column":null}},"87":{"start":{"line":170,"column":6},"end":{"line":170,"column":null}},"88":{"start":{"line":170,"column":24},"end":{"line":170,"column":106}},"89":{"start":{"line":170,"column":38},"end":{"line":170,"column":105}},"90":{"start":{"line":171,"column":6},"end":{"line":171,"column":null}},"91":{"start":{"line":172,"column":6},"end":{"line":172,"column":null}},"92":{"start":{"line":174,"column":6},"end":{"line":174,"column":null}},"93":{"start":{"line":180,"column":2},"end":{"line":420,"column":null}},"94":{"start":{"line":194,"column":93},"end":{"line":194,"column":null}},"95":{"start":{"line":201,"column":14},"end":{"line":216,"column":null}},"96":{"start":{"line":203,"column":83},"end":{"line":203,"column":87}},"97":{"start":{"line":210,"column":33},"end":{"line":210,"column":null}},"98":{"start":{"line":227,"column":93},"end":{"line":227,"column":null}},"99":{"start":{"line":234,"column":14},"end":{"line":257,"column":null}},"100":{"start":{"line":245,"column":35},"end":{"line":245,"column":null}},"101":{"start":{"line":251,"column":35},"end":{"line":251,"column":null}},"102":{"start":{"line":278,"column":35},"end":{"line":278,"column":null}},"103":{"start":{"line":278,"column":58},"end":{"line":278,"column":89}},"104":{"start":{"line":287,"column":35},"end":{"line":287,"column":null}},"105":{"start":{"line":287,"column":58},"end":{"line":287,"column":90}},"106":{"start":{"line":295,"column":53},"end":{"line":295,"column":79}},"107":{"start":{"line":313,"column":33},"end":{"line":313,"column":null}},"108":{"start":{"line":313,"column":54},"end":{"line":313,"column":85}},"109":{"start":{"line":324,"column":35},"end":{"line":324,"column":null}},"110":{"start":{"line":324,"column":56},"end":{"line":324,"column":90}},"111":{"start":{"line":329,"column":37},"end":{"line":329,"column":73}},"112":{"start":{"line":335,"column":53},"end":{"line":335,"column":80}},"113":{"start":{"line":352,"column":31},"end":{"line":352,"column":null}},"114":{"start":{"line":357,"column":53},"end":{"line":357,"column":80}},"115":{"start":{"line":407,"column":20},"end":{"line":410,"column":null}}},"fnMap":{"0":{"name":"Admin","decl":{"start":{"line":11,"column":24},"end":{"line":11,"column":32}},"loc":{"start":{"line":11,"column":32},"end":{"line":422,"column":null}},"line":11},"1":{"name":"(anonymous_1)","decl":{"start":{"line":40,"column":23},"end":{"line":40,"column":null}},"loc":{"start":{"line":41,"column":10},"end":{"line":41,"column":null}},"line":41},"2":{"name":"(anonymous_2)","decl":{"start":{"line":41,"column":35},"end":{"line":41,"column":40}},"loc":{"start":{"line":41,"column":46},"end":{"line":41,"column":52}},"line":41},"3":{"name":"(anonymous_3)","decl":{"start":{"line":45,"column":2},"end":{"line":45,"column":18}},"loc":{"start":{"line":45,"column":18},"end":{"line":65,"column":5}},"line":45},"4":{"name":"loadData","decl":{"start":{"line":46,"column":19},"end":{"line":46,"column":30}},"loc":{"start":{"line":46,"column":30},"end":{"line":63,"column":null}},"line":46},"5":{"name":"(anonymous_5)","decl":{"start":{"line":52,"column":32},"end":{"line":52,"column":36}},"loc":{"start":{"line":52,"column":42},"end":{"line":55,"column":10}},"line":52},"6":{"name":"(anonymous_6)","decl":{"start":{"line":56,"column":30},"end":{"line":56,"column":34}},"loc":{"start":{"line":56,"column":40},"end":{"line":59,"column":10}},"line":56},"7":{"name":"(anonymous_7)","decl":{"start":{"line":58,"column":25},"end":{"line":58,"column":30}},"loc":{"start":{"line":58,"column":35},"end":{"line":58,"column":60}},"line":58},"8":{"name":"(anonymous_8)","decl":{"start":{"line":67,"column":8},"end":{"line":67,"column":32}},"loc":{"start":{"line":67,"column":32},"end":{"line":67,"column":null}},"line":67},"9":{"name":"(anonymous_9)","decl":{"start":{"line":68,"column":8},"end":{"line":68,"column":30}},"loc":{"start":{"line":68,"column":30},"end":{"line":68,"column":null}},"line":68},"10":{"name":"(anonymous_10)","decl":{"start":{"line":70,"column":27},"end":{"line":70,"column":39}},"loc":{"start":{"line":70,"column":39},"end":{"line":98,"column":null}},"line":70},"11":{"name":"(anonymous_11)","decl":{"start":{"line":84,"column":6},"end":{"line":84,"column":19}},"loc":{"start":{"line":84,"column":28},"end":{"line":91,"column":7}},"line":84},"12":{"name":"(anonymous_12)","decl":{"start":{"line":100,"column":28},"end":{"line":100,"column":40}},"loc":{"start":{"line":100,"column":40},"end":{"line":129,"column":null}},"line":100},"13":{"name":"(anonymous_13)","decl":{"start":{"line":106,"column":37},"end":{"line":106,"column":43}},"loc":{"start":{"line":106,"column":55},"end":{"line":106,"column":96}},"line":106},"14":{"name":"(anonymous_14)","decl":{"start":{"line":113,"column":6},"end":{"line":113,"column":17}},"loc":{"start":{"line":113,"column":26},"end":{"line":122,"column":7}},"line":113},"15":{"name":"(anonymous_15)","decl":{"start":{"line":131,"column":35},"end":{"line":131,"column":42}},"loc":{"start":{"line":131,"column":48},"end":{"line":141,"column":null}},"line":131},"16":{"name":"(anonymous_16)","decl":{"start":{"line":143,"column":33},"end":{"line":143,"column":40}},"loc":{"start":{"line":143,"column":46},"end":{"line":158,"column":null}},"line":143},"17":{"name":"(anonymous_17)","decl":{"start":{"line":160,"column":8},"end":{"line":160,"column":33}},"loc":{"start":{"line":160,"column":39},"end":{"line":164,"column":null}},"line":160},"18":{"name":"(anonymous_18)","decl":{"start":{"line":166,"column":28},"end":{"line":166,"column":40}},"loc":{"start":{"line":166,"column":40},"end":{"line":176,"column":null}},"line":166},"19":{"name":"(anonymous_19)","decl":{"start":{"line":170,"column":6},"end":{"line":170,"column":16}},"loc":{"start":{"line":170,"column":24},"end":{"line":170,"column":106}},"line":170},"20":{"name":"(anonymous_20)","decl":{"start":{"line":170,"column":29},"end":{"line":170,"column":33}},"loc":{"start":{"line":170,"column":38},"end":{"line":170,"column":105}},"line":170},"21":{"name":"(anonymous_21)","decl":{"start":{"line":194,"column":78},"end":{"line":194,"column":93}},"loc":{"start":{"line":194,"column":93},"end":{"line":194,"column":null}},"line":194},"22":{"name":"(anonymous_22)","decl":{"start":{"line":200,"column":22},"end":{"line":200,"column":26}},"loc":{"start":{"line":201,"column":14},"end":{"line":216,"column":null}},"line":201},"23":{"name":"(anonymous_23)","decl":{"start":{"line":203,"column":76},"end":{"line":203,"column":80}},"loc":{"start":{"line":203,"column":83},"end":{"line":203,"column":87}},"line":203},"24":{"name":"(anonymous_24)","decl":{"start":{"line":210,"column":18},"end":{"line":210,"column":33}},"loc":{"start":{"line":210,"column":33},"end":{"line":210,"column":null}},"line":210},"25":{"name":"(anonymous_25)","decl":{"start":{"line":227,"column":78},"end":{"line":227,"column":93}},"loc":{"start":{"line":227,"column":93},"end":{"line":227,"column":null}},"line":227},"26":{"name":"(anonymous_26)","decl":{"start":{"line":233,"column":20},"end":{"line":233,"column":24}},"loc":{"start":{"line":234,"column":14},"end":{"line":257,"column":null}},"line":234},"27":{"name":"(anonymous_27)","decl":{"start":{"line":245,"column":20},"end":{"line":245,"column":35}},"loc":{"start":{"line":245,"column":35},"end":{"line":245,"column":null}},"line":245},"28":{"name":"(anonymous_28)","decl":{"start":{"line":251,"column":20},"end":{"line":251,"column":35}},"loc":{"start":{"line":251,"column":35},"end":{"line":251,"column":null}},"line":251},"29":{"name":"(anonymous_29)","decl":{"start":{"line":278,"column":18},"end":{"line":278,"column":29}},"loc":{"start":{"line":278,"column":35},"end":{"line":278,"column":null}},"line":278},"30":{"name":"(anonymous_30)","decl":{"start":{"line":278,"column":35},"end":{"line":278,"column":51}},"loc":{"start":{"line":278,"column":58},"end":{"line":278,"column":89}},"line":278},"31":{"name":"(anonymous_31)","decl":{"start":{"line":287,"column":18},"end":{"line":287,"column":29}},"loc":{"start":{"line":287,"column":35},"end":{"line":287,"column":null}},"line":287},"32":{"name":"(anonymous_32)","decl":{"start":{"line":287,"column":35},"end":{"line":287,"column":51}},"loc":{"start":{"line":287,"column":58},"end":{"line":287,"column":90}},"line":287},"33":{"name":"(anonymous_33)","decl":{"start":{"line":295,"column":38},"end":{"line":295,"column":53}},"loc":{"start":{"line":295,"column":53},"end":{"line":295,"column":79}},"line":295},"34":{"name":"(anonymous_34)","decl":{"start":{"line":313,"column":16},"end":{"line":313,"column":27}},"loc":{"start":{"line":313,"column":33},"end":{"line":313,"column":null}},"line":313},"35":{"name":"(anonymous_35)","decl":{"start":{"line":313,"column":33},"end":{"line":313,"column":47}},"loc":{"start":{"line":313,"column":54},"end":{"line":313,"column":85}},"line":313},"36":{"name":"(anonymous_36)","decl":{"start":{"line":324,"column":18},"end":{"line":324,"column":29}},"loc":{"start":{"line":324,"column":35},"end":{"line":324,"column":null}},"line":324},"37":{"name":"(anonymous_37)","decl":{"start":{"line":324,"column":35},"end":{"line":324,"column":49}},"loc":{"start":{"line":324,"column":56},"end":{"line":324,"column":90}},"line":324},"38":{"name":"(anonymous_38)","decl":{"start":{"line":329,"column":28},"end":{"line":329,"column":32}},"loc":{"start":{"line":329,"column":37},"end":{"line":329,"column":73}},"line":329},"39":{"name":"(anonymous_39)","decl":{"start":{"line":335,"column":38},"end":{"line":335,"column":53}},"loc":{"start":{"line":335,"column":53},"end":{"line":335,"column":80}},"line":335},"40":{"name":"(anonymous_40)","decl":{"start":{"line":352,"column":14},"end":{"line":352,"column":25}},"loc":{"start":{"line":352,"column":31},"end":{"line":352,"column":null}},"line":352},"41":{"name":"(anonymous_41)","decl":{"start":{"line":357,"column":38},"end":{"line":357,"column":53}},"loc":{"start":{"line":357,"column":53},"end":{"line":357,"column":80}},"line":357},"42":{"name":"(anonymous_42)","decl":{"start":{"line":406,"column":33},"end":{"line":406,"column":37}},"loc":{"start":{"line":407,"column":20},"end":{"line":410,"column":null}},"line":407}},"branchMap":{"0":{"loc":{"start":{"line":52,"column":20},"end":{"line":55,"column":16}},"type":"cond-expr","locations":[{"start":{"line":52,"column":27},"end":{"line":55,"column":14}},{"start":{"line":55,"column":14},"end":{"line":55,"column":16}}],"line":52},"1":{"loc":{"start":{"line":54,"column":16},"end":{"line":54,"column":null}},"type":"binary-expr","locations":[{"start":{"line":54,"column":16},"end":{"line":54,"column":30}},{"start":{"line":54,"column":30},"end":{"line":54,"column":71}},{"start":{"line":54,"column":71},"end":{"line":54,"column":81}},{"start":{"line":54,"column":81},"end":{"line":54,"column":null}}],"line":54},"2":{"loc":{"start":{"line":56,"column":18},"end":{"line":59,"column":16}},"type":"cond-expr","locations":[{"start":{"line":56,"column":25},"end":{"line":59,"column":14}},{"start":{"line":59,"column":14},"end":{"line":59,"column":16}}],"line":56},"3":{"loc":{"start":{"line":58,"column":19},"end":{"line":58,"column":null}},"type":"binary-expr","locations":[{"start":{"line":58,"column":19},"end":{"line":58,"column":75}},{"start":{"line":58,"column":75},"end":{"line":58,"column":null}}],"line":58},"4":{"loc":{"start":{"line":71,"column":4},"end":{"line":74,"column":null}},"type":"if","locations":[{"start":{"line":71,"column":4},"end":{"line":74,"column":null}},{"start":{},"end":{}}],"line":71},"5":{"loc":{"start":{"line":71,"column":8},"end":{"line":71,"column":63}},"type":"binary-expr","locations":[{"start":{"line":71,"column":8},"end":{"line":71,"column":36}},{"start":{"line":71,"column":36},"end":{"line":71,"column":63}}],"line":71},"6":{"loc":{"start":{"line":86,"column":14},"end":{"line":86,"column":null}},"type":"binary-expr","locations":[{"start":{"line":86,"column":14},"end":{"line":86,"column":29}},{"start":{"line":86,"column":29},"end":{"line":86,"column":null}}],"line":86},"7":{"loc":{"start":{"line":87,"column":16},"end":{"line":87,"column":null}},"type":"binary-expr","locations":[{"start":{"line":87,"column":16},"end":{"line":87,"column":37}},{"start":{"line":87,"column":37},"end":{"line":87,"column":92}},{"start":{"line":87,"column":92},"end":{"line":87,"column":null}}],"line":87},"8":{"loc":{"start":{"line":88,"column":17},"end":{"line":88,"column":null}},"type":"binary-expr","locations":[{"start":{"line":88,"column":17},"end":{"line":88,"column":35}},{"start":{"line":88,"column":35},"end":{"line":88,"column":null}}],"line":88},"9":{"loc":{"start":{"line":92,"column":32},"end":{"line":92,"column":76}},"type":"binary-expr","locations":[{"start":{"line":92,"column":32},"end":{"line":92,"column":52}},{"start":{"line":92,"column":52},"end":{"line":92,"column":76}}],"line":92},"10":{"loc":{"start":{"line":96,"column":18},"end":{"line":96,"column":82}},"type":"cond-expr","locations":[{"start":{"line":96,"column":43},"end":{"line":96,"column":59}},{"start":{"line":96,"column":59},"end":{"line":96,"column":82}}],"line":96},"11":{"loc":{"start":{"line":101,"column":4},"end":{"line":104,"column":null}},"type":"if","locations":[{"start":{"line":101,"column":4},"end":{"line":104,"column":null}},{"start":{},"end":{}}],"line":101},"12":{"loc":{"start":{"line":101,"column":8},"end":{"line":101,"column":61}},"type":"binary-expr","locations":[{"start":{"line":101,"column":8},"end":{"line":101,"column":34}},{"start":{"line":101,"column":34},"end":{"line":101,"column":61}}],"line":101},"13":{"loc":{"start":{"line":110,"column":24},"end":{"line":110,"column":null}},"type":"binary-expr","locations":[{"start":{"line":110,"column":24},"end":{"line":110,"column":45}},{"start":{"line":110,"column":45},"end":{"line":110,"column":null}}],"line":110},"14":{"loc":{"start":{"line":115,"column":14},"end":{"line":115,"column":null}},"type":"binary-expr","locations":[{"start":{"line":115,"column":14},"end":{"line":115,"column":29}},{"start":{"line":115,"column":29},"end":{"line":115,"column":null}}],"line":115},"15":{"loc":{"start":{"line":116,"column":16},"end":{"line":116,"column":null}},"type":"binary-expr","locations":[{"start":{"line":116,"column":16},"end":{"line":116,"column":33}},{"start":{"line":116,"column":33},"end":{"line":116,"column":null}}],"line":116},"16":{"loc":{"start":{"line":118,"column":19},"end":{"line":118,"column":null}},"type":"cond-expr","locations":[{"start":{"line":118,"column":35},"end":{"line":118,"column":56}},{"start":{"line":118,"column":56},"end":{"line":118,"column":null}}],"line":118},"17":{"loc":{"start":{"line":119,"column":26},"end":{"line":119,"column":null}},"type":"binary-expr","locations":[{"start":{"line":119,"column":26},"end":{"line":119,"column":53}},{"start":{"line":119,"column":53},"end":{"line":119,"column":74}},{"start":{"line":119,"column":74},"end":{"line":119,"column":null}}],"line":119},"18":{"loc":{"start":{"line":123,"column":30},"end":{"line":123,"column":68}},"type":"binary-expr","locations":[{"start":{"line":123,"column":30},"end":{"line":123,"column":46}},{"start":{"line":123,"column":46},"end":{"line":123,"column":68}}],"line":123},"19":{"loc":{"start":{"line":127,"column":18},"end":{"line":127,"column":83}},"type":"cond-expr","locations":[{"start":{"line":127,"column":43},"end":{"line":127,"column":59}},{"start":{"line":127,"column":59},"end":{"line":127,"column":83}}],"line":127},"20":{"loc":{"start":{"line":154,"column":23},"end":{"line":154,"column":37}},"type":"binary-expr","locations":[{"start":{"line":154,"column":23},"end":{"line":154,"column":35}},{"start":{"line":154,"column":35},"end":{"line":154,"column":37}}],"line":154},"21":{"loc":{"start":{"line":167,"column":4},"end":{"line":167,"column":null}},"type":"if","locations":[{"start":{"line":167,"column":4},"end":{"line":167,"column":null}},{"start":{},"end":{}}],"line":167},"22":{"loc":{"start":{"line":170,"column":38},"end":{"line":170,"column":105}},"type":"cond-expr","locations":[{"start":{"line":170,"column":63},"end":{"line":170,"column":104}},{"start":{"line":170,"column":104},"end":{"line":170,"column":105}}],"line":170},"23":{"loc":{"start":{"line":203,"column":19},"end":{"line":203,"column":null}},"type":"cond-expr","locations":[{"start":{"line":203,"column":58},"end":{"line":203,"column":100}},{"start":{"line":203,"column":100},"end":{"line":203,"column":null}}],"line":203},"24":{"loc":{"start":{"line":203,"column":19},"end":{"line":203,"column":58}},"type":"binary-expr","locations":[{"start":{"line":203,"column":19},"end":{"line":203,"column":29}},{"start":{"line":203,"column":29},"end":{"line":203,"column":58}}],"line":203},"25":{"loc":{"start":{"line":370,"column":13},"end":{"line":379,"column":null}},"type":"cond-expr","locations":[{"start":{"line":371,"column":14},"end":{"line":379,"column":15}},{"start":{"line":379,"column":14},"end":{"line":379,"column":null}}],"line":370},"26":{"loc":{"start":{"line":392,"column":13},"end":{"line":402,"column":13}},"type":"cond-expr","locations":[{"start":{"line":393,"column":14},"end":{"line":400,"column":15}},{"start":{"line":400,"column":14},"end":{"line":402,"column":13}}],"line":392},"27":{"loc":{"start":{"line":396,"column":93},"end":{"line":396,"column":139}},"type":"binary-expr","locations":[{"start":{"line":396,"column":93},"end":{"line":396,"column":121}},{"start":{"line":396,"column":121},"end":{"line":396,"column":139}}],"line":396},"28":{"loc":{"start":{"line":404,"column":15},"end":{"line":416,"column":null}},"type":"cond-expr","locations":[{"start":{"line":405,"column":16},"end":{"line":414,"column":17}},{"start":{"line":414,"column":16},"end":{"line":416,"column":null}}],"line":404},"29":{"loc":{"start":{"line":404,"column":15},"end":{"line":404,"column":null}},"type":"binary-expr","locations":[{"start":{"line":404,"column":15},"end":{"line":404,"column":32}},{"start":{"line":404,"column":32},"end":{"line":404,"column":null}}],"line":404}},"s":{"0":4,"1":4,"2":4,"3":4,"4":4,"5":4,"6":4,"7":4,"8":4,"9":4,"10":4,"11":4,"12":4,"13":4,"14":4,"15":4,"16":4,"17":4,"18":1,"19":4,"20":2,"21":2,"22":2,"23":2,"24":2,"25":1,"26":1,"27":0,"28":2,"29":4,"30":0,"31":4,"32":0,"33":4,"34":0,"35":0,"36":0,"37":0,"38":0,"39":0,"40":0,"41":0,"42":0,"43":0,"44":0,"45":0,"46":4,"47":0,"48":0,"49":0,"50":0,"51":0,"52":0,"53":0,"54":0,"55":0,"56":0,"57":0,"58":0,"59":0,"60":4,"61":0,"62":0,"63":0,"64":0,"65":0,"66":0,"67":0,"68":4,"69":0,"70":0,"71":0,"72":0,"73":0,"74":0,"75":0,"76":0,"77":0,"78":4,"79":0,"80":0,"81":0,"82":4,"83":0,"84":0,"85":0,"86":0,"87":0,"88":0,"89":0,"90":0,"91":0,"92":0,"93":4,"94":0,"95":2,"96":4,"97":0,"98":0,"99":1,"100":0,"101":0,"102":0,"103":0,"104":0,"105":0,"106":0,"107":0,"108":0,"109":0,"110":0,"111":2,"112":0,"113":0,"114":0,"115":0},"f":{"0":4,"1":4,"2":1,"3":2,"4":2,"5":2,"6":1,"7":1,"8":0,"9":0,"10":0,"11":0,"12":0,"13":0,"14":0,"15":0,"16":0,"17":0,"18":0,"19":0,"20":0,"21":0,"22":2,"23":4,"24":0,"25":0,"26":1,"27":0,"28":0,"29":0,"30":0,"31":0,"32":0,"33":0,"34":0,"35":0,"36":0,"37":0,"38":2,"39":0,"40":0,"41":0,"42":0},"b":{"0":[2,0],"1":[2,0,0,0],"2":[2,0],"3":[1,0],"4":[0,0],"5":[0,0],"6":[0,0],"7":[0,0,0],"8":[0,0],"9":[0,0],"10":[0,0],"11":[0,0],"12":[0,0],"13":[0,0],"14":[0,0],"15":[0,0],"16":[0,0],"17":[0,0,0],"18":[0,0],"19":[0,0],"20":[0,0],"21":[0,0],"22":[0,0],"23":[2,0],"24":[2,2],"25":[0,4],"26":[0,4],"27":[0,0],"28":[0,4],"29":[4,4]},"meta":{"lastBranch":30,"lastFunction":43,"lastStatement":116,"seen":{"f:11:24:11:32":0,"s:12:19:12:Infinity":0,"s:13:17:13:Infinity":1,"s:14:25:14:Infinity":2,"s:15:26:15:Infinity":3,"s:17:26:17:Infinity":4,"s:18:24:18:Infinity":5,"s:19:26:19:Infinity":6,"s:21:29:21:Infinity":7,"s:22:26:22:Infinity":8,"s:23:22:23:Infinity":9,"s:25:27:25:Infinity":10,"s:26:24:26:Infinity":11,"s:27:20:27:Infinity":12,"s:28:24:28:Infinity":13,"s:30:22:33:Infinity":14,"s:35:20:38:Infinity":15,"s:40:8:43:Infinity":16,"f:40:23:40:Infinity":1,"s:41:10:41:Infinity":17,"f:41:35:41:40":2,"s:41:46:41:52":18,"s:45:2:65:Infinity":19,"f:45:2:45:18":3,"f:46:19:46:30":4,"s:47:6:62:Infinity":20,"s:48:29:51:Infinity":21,"s:52:8:55:Infinity":22,"b:52:27:55:14:55:14:55:16":0,"f:52:32:52:36":5,"s:52:42:55:10":23,"b:54:16:54:30:54:30:54:71:54:71:54:81:54:81:54:Infinity":1,"s:56:8:59:Infinity":24,"b:56:25:59:14:59:14:59:16":2,"f:56:30:56:34":6,"s:56:40:59:10":25,"b:58:19:58:75:58:75:58:Infinity":3,"f:58:25:58:30":7,"s:58:35:58:60":26,"s:61:8:61:Infinity":27,"s:64:4:64:Infinity":28,"s:67:8:67:Infinity":29,"f:67:8:67:32":8,"s:67:32:67:Infinity":30,"s:68:8:68:Infinity":31,"f:68:8:68:30":9,"s:68:30:68:Infinity":32,"s:70:27:98:Infinity":33,"f:70:27:70:39":10,"b:71:4:74:Infinity:undefined:undefined:undefined:undefined":4,"s:71:4:74:Infinity":34,"b:71:8:71:36:71:36:71:63":5,"s:72:6:72:Infinity":35,"s:73:6:73:Infinity":36,"s:75:4:97:Infinity":37,"s:76:25:76:Infinity":38,"s:77:22:82:Infinity":39,"s:84:6:91:Infinity":40,"f:84:6:84:19":11,"s:84:28:91:7":41,"b:86:14:86:29:86:29:86:Infinity":6,"b:87:16:87:37:87:37:87:92:87:92:87:Infinity":7,"b:88:17:88:35:88:35:88:Infinity":8,"s:92:6:92:Infinity":42,"b:92:32:92:52:92:52:92:76":9,"s:93:6:93:Infinity":43,"s:94:6:94:Infinity":44,"s:96:6:96:Infinity":45,"b:96:43:96:59:96:59:96:82":10,"s:100:28:129:Infinity":46,"f:100:28:100:40":12,"b:101:4:104:Infinity:undefined:undefined:undefined:undefined":11,"s:101:4:104:Infinity":47,"b:101:8:101:34:101:34:101:61":12,"s:102:6:102:Infinity":48,"s:103:6:103:Infinity":49,"s:105:4:128:Infinity":50,"s:106:28:106:Infinity":51,"f:106:37:106:43":13,"s:106:55:106:96":52,"s:107:22:111:Infinity":53,"b:110:24:110:45:110:45:110:Infinity":13,"s:113:6:122:Infinity":54,"f:113:6:113:17":14,"s:113:26:122:7":55,"b:115:14:115:29:115:29:115:Infinity":14,"b:116:16:116:33:116:33:116:Infinity":15,"b:118:35:118:56:118:56:118:Infinity":16,"b:119:26:119:53:119:53:119:74:119:74:119:Infinity":17,"s:123:6:123:Infinity":56,"b:123:30:123:46:123:46:123:68":18,"s:124:6:124:Infinity":57,"s:125:6:125:Infinity":58,"s:127:6:127:Infinity":59,"b:127:43:127:59:127:59:127:83":19,"s:131:35:141:Infinity":60,"f:131:35:131:42":15,"s:132:4:132:Infinity":61,"s:133:4:133:Infinity":62,"s:134:4:134:Infinity":63,"s:135:4:140:Infinity":64,"s:136:19:136:Infinity":65,"s:137:6:137:Infinity":66,"s:139:6:139:Infinity":67,"s:143:33:158:Infinity":68,"f:143:33:143:40":16,"s:144:4:144:Infinity":69,"s:145:4:145:Infinity":70,"s:146:4:146:Infinity":71,"s:147:4:147:Infinity":72,"s:148:4:157:Infinity":73,"s:149:31:152:Infinity":74,"s:153:6:153:Infinity":75,"s:154:6:154:Infinity":76,"b:154:23:154:35:154:35:154:37":20,"s:156:6:156:Infinity":77,"s:160:8:164:Infinity":78,"f:160:8:160:33":17,"s:161:4:161:Infinity":79,"s:162:4:162:Infinity":80,"s:163:4:163:Infinity":81,"s:166:28:176:Infinity":82,"f:166:28:166:40":18,"b:167:4:167:Infinity:undefined:undefined:undefined:undefined":21,"s:167:4:167:Infinity":83,"s:167:33:167:Infinity":84,"s:168:4:175:Infinity":85,"s:169:6:169:Infinity":86,"s:170:6:170:Infinity":87,"f:170:6:170:16":19,"s:170:24:170:106":88,"f:170:29:170:33":20,"s:170:38:170:105":89,"b:170:63:170:104:170:104:170:105":22,"s:171:6:171:Infinity":90,"s:172:6:172:Infinity":91,"s:174:6:174:Infinity":92,"s:180:2:420:Infinity":93,"f:194:78:194:93":21,"s:194:93:194:Infinity":94,"f:200:22:200:26":22,"s:201:14:216:Infinity":95,"b:203:58:203:100:203:100:203:Infinity":23,"b:203:19:203:29:203:29:203:58":24,"f:203:76:203:80":23,"s:203:83:203:87":96,"f:210:18:210:33":24,"s:210:33:210:Infinity":97,"f:227:78:227:93":25,"s:227:93:227:Infinity":98,"f:233:20:233:24":26,"s:234:14:257:Infinity":99,"f:245:20:245:35":27,"s:245:35:245:Infinity":100,"f:251:20:251:35":28,"s:251:35:251:Infinity":101,"f:278:18:278:29":29,"s:278:35:278:Infinity":102,"f:278:35:278:51":30,"s:278:58:278:89":103,"f:287:18:287:29":31,"s:287:35:287:Infinity":104,"f:287:35:287:51":32,"s:287:58:287:90":105,"f:295:38:295:53":33,"s:295:53:295:79":106,"f:313:16:313:27":34,"s:313:33:313:Infinity":107,"f:313:33:313:47":35,"s:313:54:313:85":108,"f:324:18:324:29":36,"s:324:35:324:Infinity":109,"f:324:35:324:49":37,"s:324:56:324:90":110,"f:329:28:329:32":38,"s:329:37:329:73":111,"f:335:38:335:53":39,"s:335:53:335:80":112,"f:352:14:352:25":40,"s:352:31:352:Infinity":113,"f:357:38:357:53":41,"s:357:53:357:80":114,"b:371:14:379:15:379:14:379:Infinity":25,"b:393:14:400:15:400:14:402:13":26,"b:396:93:396:121:396:121:396:139":27,"b:405:16:414:17:414:16:416:Infinity":28,"b:404:15:404:32:404:32:404:Infinity":29,"f:406:33:406:37":42,"s:407:20:410:Infinity":115},"fnNames":{}}}
,"/home/mirukibs/Development/FleetFuel/Frontend/src/pages/Fleet.jsx": {"path":"/home/mirukibs/Development/FleetFuel/Frontend/src/pages/Fleet.jsx","statementMap":{"0":{"start":{"line":31,"column":6},"end":{"line":35,"column":null}},"1":{"start":{"line":32,"column":2},"end":{"line":32,"column":null}},"2":{"start":{"line":32,"column":18},"end":{"line":32,"column":null}},"3":{"start":{"line":33,"column":2},"end":{"line":33,"column":null}},"4":{"start":{"line":33,"column":18},"end":{"line":33,"column":null}},"5":{"start":{"line":34,"column":2},"end":{"line":34,"column":null}},"6":{"start":{"line":38,"column":19},"end":{"line":38,"column":null}},"7":{"start":{"line":39,"column":17},"end":{"line":39,"column":null}},"8":{"start":{"line":40,"column":25},"end":{"line":40,"column":null}},"9":{"start":{"line":41,"column":17},"end":{"line":41,"column":null}},"10":{"start":{"line":42,"column":17},"end":{"line":42,"column":null}},"11":{"start":{"line":43,"column":17},"end":{"line":43,"column":null}},"12":{"start":{"line":44,"column":21},"end":{"line":44,"column":null}},"13":{"start":{"line":45,"column":24},"end":{"line":45,"column":null}},"14":{"start":{"line":47,"column":8},"end":{"line":47,"column":null}},"15":{"start":{"line":47,"column":37},"end":{"line":47,"column":83}},"16":{"start":{"line":47,"column":73},"end":{"line":47,"column":79}},"17":{"start":{"line":50,"column":30},"end":{"line":50,"column":null}},"18":{"start":{"line":51,"column":28},"end":{"line":51,"column":null}},"19":{"start":{"line":52,"column":27},"end":{"line":52,"column":null}},"20":{"start":{"line":53,"column":28},"end":{"line":53,"column":null}},"21":{"start":{"line":54,"column":24},"end":{"line":54,"column":null}},"22":{"start":{"line":55,"column":21},"end":{"line":55,"column":null}},"23":{"start":{"line":58,"column":27},"end":{"line":58,"column":null}},"24":{"start":{"line":59,"column":25},"end":{"line":59,"column":null}},"25":{"start":{"line":60,"column":21},"end":{"line":67,"column":null}},"26":{"start":{"line":69,"column":21},"end":{"line":72,"column":null}},"27":{"start":{"line":74,"column":21},"end":{"line":76,"column":null}},"28":{"start":{"line":78,"column":21},"end":{"line":82,"column":null}},"29":{"start":{"line":84,"column":2},"end":{"line":106,"column":null}},"30":{"start":{"line":85,"column":17},"end":{"line":85,"column":null}},"31":{"start":{"line":87,"column":6},"end":{"line":102,"column":null}},"32":{"start":{"line":88,"column":64},"end":{"line":92,"column":null}},"33":{"start":{"line":93,"column":8},"end":{"line":97,"column":null}},"34":{"start":{"line":94,"column":10},"end":{"line":94,"column":null}},"35":{"start":{"line":95,"column":10},"end":{"line":95,"column":null}},"36":{"start":{"line":96,"column":10},"end":{"line":96,"column":null}},"37":{"start":{"line":96,"column":50},"end":{"line":96,"column":96}},"38":{"start":{"line":99,"column":8},"end":{"line":99,"column":null}},"39":{"start":{"line":99,"column":20},"end":{"line":99,"column":null}},"40":{"start":{"line":101,"column":8},"end":{"line":101,"column":null}},"41":{"start":{"line":101,"column":20},"end":{"line":101,"column":null}},"42":{"start":{"line":104,"column":4},"end":{"line":104,"column":null}},"43":{"start":{"line":105,"column":4},"end":{"line":105,"column":null}},"44":{"start":{"line":105,"column":19},"end":{"line":105,"column":35}},"45":{"start":{"line":108,"column":8},"end":{"line":120,"column":null}},"46":{"start":{"line":109,"column":14},"end":{"line":109,"column":null}},"47":{"start":{"line":110,"column":4},"end":{"line":119,"column":null}},"48":{"start":{"line":112,"column":8},"end":{"line":115,"column":null}},"49":{"start":{"line":116,"column":25},"end":{"line":116,"column":null}},"50":{"start":{"line":117,"column":24},"end":{"line":117,"column":null}},"51":{"start":{"line":118,"column":6},"end":{"line":118,"column":null}},"52":{"start":{"line":122,"column":8},"end":{"line":125,"column":null}},"53":{"start":{"line":123,"column":10},"end":{"line":123,"column":null}},"54":{"start":{"line":123,"column":37},"end":{"line":123,"column":62}},"55":{"start":{"line":128,"column":32},"end":{"line":170,"column":null}},"56":{"start":{"line":129,"column":4},"end":{"line":132,"column":null}},"57":{"start":{"line":130,"column":6},"end":{"line":130,"column":null}},"58":{"start":{"line":131,"column":6},"end":{"line":131,"column":null}},"59":{"start":{"line":133,"column":23},"end":{"line":133,"column":null}},"60":{"start":{"line":133,"column":45},"end":{"line":133,"column":94}},"61":{"start":{"line":134,"column":21},"end":{"line":139,"column":null}},"62":{"start":{"line":141,"column":4},"end":{"line":169,"column":null}},"63":{"start":{"line":142,"column":22},"end":{"line":150,"column":null}},"64":{"start":{"line":154,"column":12},"end":{"line":158,"column":null}},"65":{"start":{"line":160,"column":6},"end":{"line":163,"column":null}},"66":{"start":{"line":160,"column":28},"end":{"line":163,"column":7}},"67":{"start":{"line":164,"column":6},"end":{"line":164,"column":null}},"68":{"start":{"line":165,"column":6},"end":{"line":165,"column":null}},"69":{"start":{"line":166,"column":6},"end":{"line":166,"column":null}},"70":{"start":{"line":168,"column":6},"end":{"line":168,"column":null}},"71":{"start":{"line":172,"column":30},"end":{"line":222,"column":null}},"72":{"start":{"line":173,"column":4},"end":{"line":176,"column":null}},"73":{"start":{"line":174,"column":6},"end":{"line":174,"column":null}},"74":{"start":{"line":175,"column":6},"end":{"line":175,"column":null}},"75":{"start":{"line":177,"column":4},"end":{"line":177,"column":null}},"76":{"start":{"line":177,"column":23},"end":{"line":177,"column":null}},"77":{"start":{"line":179,"column":23},"end":{"line":179,"column":null}},"78":{"start":{"line":179,"column":45},"end":{"line":179,"column":75}},"79":{"start":{"line":180,"column":27},"end":{"line":180,"column":null}},"80":{"start":{"line":180,"column":54},"end":{"line":180,"column":80}},"81":{"start":{"line":181,"column":21},"end":{"line":186,"column":null}},"82":{"start":{"line":188,"column":4},"end":{"line":221,"column":null}},"83":{"start":{"line":189,"column":6},"end":{"line":193,"column":null}},"84":{"start":{"line":190,"column":8},"end":{"line":190,"column":null}},"85":{"start":{"line":192,"column":8},"end":{"line":192,"column":null}},"86":{"start":{"line":195,"column":6},"end":{"line":203,"column":null}},"87":{"start":{"line":196,"column":8},"end":{"line":202,"column":null}},"88":{"start":{"line":205,"column":6},"end":{"line":216,"column":null}},"89":{"start":{"line":206,"column":8},"end":{"line":215,"column":null}},"90":{"start":{"line":207,"column":10},"end":{"line":214,"column":null}},"91":{"start":{"line":217,"column":6},"end":{"line":217,"column":null}},"92":{"start":{"line":218,"column":6},"end":{"line":218,"column":null}},"93":{"start":{"line":220,"column":6},"end":{"line":220,"column":null}},"94":{"start":{"line":224,"column":29},"end":{"line":253,"column":null}},"95":{"start":{"line":225,"column":4},"end":{"line":225,"column":null}},"96":{"start":{"line":225,"column":23},"end":{"line":225,"column":null}},"97":{"start":{"line":226,"column":21},"end":{"line":226,"column":null}},"98":{"start":{"line":228,"column":4},"end":{"line":252,"column":null}},"99":{"start":{"line":229,"column":6},"end":{"line":232,"column":null}},"100":{"start":{"line":235,"column":31},"end":{"line":235,"column":null}},"101":{"start":{"line":236,"column":6},"end":{"line":240,"column":null}},"102":{"start":{"line":242,"column":6},"end":{"line":247,"column":null}},"103":{"start":{"line":242,"column":28},"end":{"line":247,"column":8}},"104":{"start":{"line":243,"column":8},"end":{"line":245,"column":null}},"105":{"start":{"line":244,"column":10},"end":{"line":244,"column":null}},"106":{"start":{"line":246,"column":8},"end":{"line":246,"column":null}},"107":{"start":{"line":248,"column":6},"end":{"line":248,"column":null}},"108":{"start":{"line":249,"column":6},"end":{"line":249,"column":null}},"109":{"start":{"line":251,"column":6},"end":{"line":251,"column":null}},"110":{"start":{"line":255,"column":30},"end":{"line":266,"column":null}},"111":{"start":{"line":256,"column":4},"end":{"line":256,"column":null}},"112":{"start":{"line":256,"column":23},"end":{"line":256,"column":null}},"113":{"start":{"line":258,"column":4},"end":{"line":265,"column":null}},"114":{"start":{"line":259,"column":6},"end":{"line":259,"column":null}},"115":{"start":{"line":260,"column":6},"end":{"line":260,"column":null}},"116":{"start":{"line":260,"column":28},"end":{"line":260,"column":125}},"117":{"start":{"line":260,"column":50},"end":{"line":260,"column":124}},"118":{"start":{"line":261,"column":6},"end":{"line":261,"column":null}},"119":{"start":{"line":262,"column":6},"end":{"line":262,"column":null}},"120":{"start":{"line":264,"column":6},"end":{"line":264,"column":null}},"121":{"start":{"line":268,"column":30},"end":{"line":283,"column":null}},"122":{"start":{"line":269,"column":4},"end":{"line":269,"column":null}},"123":{"start":{"line":269,"column":23},"end":{"line":269,"column":null}},"124":{"start":{"line":270,"column":4},"end":{"line":270,"column":null}},"125":{"start":{"line":271,"column":4},"end":{"line":271,"column":null}},"126":{"start":{"line":272,"column":4},"end":{"line":272,"column":null}},"127":{"start":{"line":273,"column":4},"end":{"line":282,"column":null}},"128":{"start":{"line":274,"column":34},"end":{"line":277,"column":null}},"129":{"start":{"line":278,"column":6},"end":{"line":278,"column":null}},"130":{"start":{"line":279,"column":6},"end":{"line":279,"column":null}},"131":{"start":{"line":281,"column":6},"end":{"line":281,"column":null}},"132":{"start":{"line":285,"column":23},"end":{"line":330,"column":null}},"133":{"start":{"line":286,"column":4},"end":{"line":286,"column":null}},"134":{"start":{"line":286,"column":23},"end":{"line":286,"column":null}},"135":{"start":{"line":287,"column":4},"end":{"line":290,"column":null}},"136":{"start":{"line":288,"column":6},"end":{"line":288,"column":null}},"137":{"start":{"line":289,"column":6},"end":{"line":289,"column":null}},"138":{"start":{"line":291,"column":16},"end":{"line":291,"column":null}},"139":{"start":{"line":292,"column":4},"end":{"line":295,"column":null}},"140":{"start":{"line":293,"column":6},"end":{"line":293,"column":null}},"141":{"start":{"line":294,"column":6},"end":{"line":294,"column":null}},"142":{"start":{"line":297,"column":4},"end":{"line":329,"column":null}},"143":{"start":{"line":299,"column":6},"end":{"line":305,"column":null}},"144":{"start":{"line":308,"column":6},"end":{"line":322,"column":null}},"145":{"start":{"line":311,"column":25},"end":{"line":311,"column":null}},"146":{"start":{"line":312,"column":8},"end":{"line":316,"column":null}},"147":{"start":{"line":319,"column":8},"end":{"line":321,"column":null}},"148":{"start":{"line":319,"column":28},"end":{"line":321,"column":9}},"149":{"start":{"line":320,"column":10},"end":{"line":320,"column":null}},"150":{"start":{"line":324,"column":6},"end":{"line":324,"column":null}},"151":{"start":{"line":325,"column":6},"end":{"line":325,"column":null}},"152":{"start":{"line":326,"column":6},"end":{"line":326,"column":null}},"153":{"start":{"line":328,"column":6},"end":{"line":328,"column":null}},"154":{"start":{"line":332,"column":2},"end":{"line":802,"column":null}},"155":{"start":{"line":338,"column":61},"end":{"line":338,"column":91}},"156":{"start":{"line":348,"column":62},"end":{"line":348,"column":72}},"157":{"start":{"line":349,"column":65},"end":{"line":349,"column":74}},"158":{"start":{"line":350,"column":59},"end":{"line":350,"column":104}},"159":{"st
[...]
},"end":{"line":520,"column":78}},"line":520},"40":{"name":"(anonymous_40)","decl":{"start":{"line":537,"column":16},"end":{"line":537,"column":27}},"loc":{"start":{"line":537,"column":33},"end":{"line":537,"column":null}},"line":537},"41":{"name":"(anonymous_41)","decl":{"start":{"line":546,"column":16},"end":{"line":546,"column":27}},"loc":{"start":{"line":546,"column":33},"end":{"line":546,"column":null}},"line":546},"42":{"name":"(anonymous_42)","decl":{"start":{"line":555,"column":16},"end":{"line":555,"column":27}},"loc":{"start":{"line":555,"column":33},"end":{"line":555,"column":null}},"line":555},"43":{"name":"(anonymous_43)","decl":{"start":{"line":565,"column":16},"end":{"line":565,"column":27}},"loc":{"start":{"line":565,"column":33},"end":{"line":565,"column":null}},"line":565},"44":{"name":"(anonymous_44)","decl":{"start":{"line":572,"column":38},"end":{"line":572,"column":53}},"loc":{"start":{"line":572,"column":53},"end":{"line":572,"column":81}},"line":572},"45":{"name":"(anonymous_45)","decl":{"start":{"line":591,"column":16},"end":{"line":591,"column":31}},"loc":{"start":{"line":591,"column":31},"end":{"line":591,"column":null}},"line":591},"46":{"name":"(anonymous_46)","decl":{"start":{"line":598,"column":16},"end":{"line":598,"column":31}},"loc":{"start":{"line":598,"column":31},"end":{"line":598,"column":null}},"line":598},"47":{"name":"(anonymous_47)","decl":{"start":{"line":615,"column":33},"end":{"line":615,"column":38}},"loc":{"start":{"line":616,"column":20},"end":{"line":623,"column":null}},"line":616},"48":{"name":"(anonymous_48)","decl":{"start":{"line":634,"column":20},"end":{"line":634,"column":35}},"loc":{"start":{"line":634,"column":35},"end":{"line":634,"column":64}},"line":634}},"branchMap":{"0":{"loc":{"start":{"line":68,"column":19},"end":{"line":68,"column":29}},"type":"binary-expr","locations":[{"start":{"line":68,"column":19},"end":{"line":68,"column":27}},{"start":{"line":68,"column":27},"end":{"line":68,"column":29}}],"line":68},"1":{"loc":{"start":{"line":70,"column":18},"end":{"line":70,"column":59}},"type":"binary-expr","locations":[{"start":{"line":70,"column":18},"end":{"line":70,"column":33}},{"start":{"line":70,"column":33},"end":{"line":70,"column":59}}],"line":70},"2":{"loc":{"start":{"line":81,"column":4},"end":{"line":84,"column":null}},"type":"if","locations":[{"start":{"line":81,"column":4},"end":{"line":84,"column":null}},{"start":{},"end":{}}],"line":81},"3":{"loc":{"start":{"line":81,"column":8},"end":{"line":81,"column":57}},"type":"binary-expr","locations":[{"start":{"line":81,"column":8},"end":{"line":81,"column":37}},{"start":{"line":81,"column":37},"end":{"line":81,"column":57}}],"line":81},"4":{"loc":{"start":{"line":92,"column":18},"end":{"line":92,"column":57}},"type":"binary-expr","locations":[{"start":{"line":92,"column":18},"end":{"line":92,"column":33}},{"start":{"line":92,"column":33},"end":{"line":92,"column":57}}],"line":92},"5":{"loc":{"start":{"line":107,"column":19},"end":{"line":107,"column":29}},"type":"binary-expr","locations":[{"start":{"line":107,"column":19},"end":{"line":107,"column":27}},{"start":{"line":107,"column":27},"end":{"line":107,"column":29}}],"line":107},"6":{"loc":{"start":{"line":110,"column":18},"end":{"line":110,"column":60}},"type":"binary-expr","locations":[{"start":{"line":110,"column":18},"end":{"line":110,"column":33}},{"start":{"line":110,"column":33},"end":{"line":110,"column":60}}],"line":110},"7":{"loc":{"start":{"line":118,"column":24},"end":{"line":118,"column":34}},"type":"binary-expr","locations":[{"start":{"line":118,"column":24},"end":{"line":118,"column":32}},{"start":{"line":118,"column":32},"end":{"line":118,"column":34}}],"line":118},"8":{"loc":{"start":{"line":120,"column":18},"end":{"line":120,"column":59}},"type":"binary-expr","locations":[{"start":{"line":120,"column":18},"end":{"line":120,"column":33}},{"start":{"line":120,"column":33},"end":{"line":120,"column":59}}],"line":120},"9":{"loc":{"start":{"line":127,"column":4},"end":{"line":129,"column":null}},"type":"if","locations":[{"start":{"line":127,"column":4},"end":{"line":129,"column":null}},{"start":{},"end":{}}],"line":127},"10":{"loc":{"start":{"line":133,"column":4},"end":{"line":136,"column":null}},"type":"if","locations":[{"start":{"line":133,"column":4},"end":{"line":136,"column":null}},{"start":{},"end":{}}],"line":133},"11":{"loc":{"start":{"line":133,"column":8},"end":{"line":133,"column":54}},"type":"binary-expr","locations":[{"start":{"line":133,"column":8},"end":{"line":133,"column":30}},{"start":{"line":133,"column":30},"end":{"line":133,"column":54}}],"line":133},"12":{"loc":{"start":{"line":141,"column":40},"end":{"line":141,"column":77}},"type":"binary-expr","locations":[{"start":{"line":141,"column":40},"end":{"line":141,"column":76}},{"start":{"line":141,"column":76},"end":{"line":141,"column":77}}],"line":141},"13":{"loc":{"start":{"line":142,"column":43},"end":{"line":142,"column":83}},"type":"binary-expr","locations":[{"start":{"line":142,"column":43},"end":{"line":142,"column":82}},{"start":{"line":142,"column":82},"end":{"line":142,"column":83}}],"line":142},"14":{"loc":{"start":{"line":150,"column":19},"end":{"line":150,"column":29}},"type":"binary-expr","locations":[{"start":{"line":150,"column":19},"end":{"line":150,"column":27}},{"start":{"line":150,"column":27},"end":{"line":150,"column":29}}],"line":150},"15":{"loc":{"start":{"line":153,"column":18},"end":{"line":153,"column":59}},"type":"binary-expr","locations":[{"start":{"line":153,"column":18},"end":{"line":153,"column":33}},{"start":{"line":153,"column":33},"end":{"line":153,"column":59}}],"line":153},"16":{"loc":{"start":{"line":162,"column":40},"end":{"line":162,"column":81}},"type":"binary-expr","locations":[{"start":{"line":162,"column":40},"end":{"line":162,"column":80}},{"start":{"line":162,"column":80},"end":{"line":162,"column":81}}],"line":162},"17":{"loc":{"start":{"line":163,"column":43},"end":{"line":163,"column":87}},"type":"binary-expr","locations":[{"start":{"line":163,"column":43},"end":{"line":163,"column":86}},{"start":{"line":163,"column":86},"end":{"line":163,"column":87}}],"line":163},"18":{"loc":{"start":{"line":169,"column":19},"end":{"line":169,"column":29}},"type":"binary-expr","locations":[{"start":{"line":169,"column":19},"end":{"line":169,"column":27}},{"start":{"line":169,"column":27},"end":{"line":169,"column":29}}],"line":169},"19":{"loc":{"start":{"line":172,"column":18},"end":{"line":172,"column":62}},"type":"binary-expr","locations":[{"start":{"line":172,"column":18},"end":{"line":172,"column":33}},{"start":{"line":172,"column":33},"end":{"line":172,"column":62}}],"line":172},"20":{"loc":{"start":{"line":183,"column":19},"end":{"line":183,"column":29}},"type":"binary-expr","locations":[{"start":{"line":183,"column":19},"end":{"line":183,"column":27}},{"start":{"line":183,"column":27},"end":{"line":183,"column":29}}],"line":183},"21":{"loc":{"start":{"line":186,"column":18},"end":{"line":186,"column":57}},"type":"binary-expr","locations":[{"start":{"line":186,"column":18},"end":{"line":186,"column":33}},{"start":{"line":186,"column":33},"end":{"line":186,"column":57}}],"line":186},"22":{"loc":{"start":{"line":195,"column":2},"end":{"line":197,"column":null}},"type":"if","locations":[{"start":{"line":195,"column":2},"end":{"line":197,"column":null}},{"start":{},"end":{}}],"line":195},"23":{"loc":{"start":{"line":195,"column":6},"end":{"line":195,"column":41}},"type":"binary-expr","locations":[{"start":{"line":195,"column":6},"end":{"line":195,"column":17}},{"start":{"line":195,"column":17},"end":{"line":195,"column":41}}],"line":195},"24":{"loc":{"start":{"line":220,"column":39},"end":{"line":220,"column":71}},"type":"cond-expr","locations":[{"start":{"line":220,"column":63},"end":{"line":220,"column":70}},{"start":{"line":220,"column":70},"end":{"line":220,"column":71}}],"line":220},"25":{"loc":{"start":{"line":223,"column":14},"end":{"line":223,"column":null}},"type":"cond-expr","locations":[{"start":{"line":223,"column":38},"end":{"line":223,"column":73}},{"start":{"line":223,"column":73},"end":{"line":223,"column":null}}],"line":223},"26":{"loc":{"start":{"line":234,"column":15},"end":{"line":234,"column":null}},"type":"binary-expr","locations":[{"start":{"line":234,"column":15},"end":{"line":234,"column":34}},{"start":{"line":234,"column":34},"end":{"line":234,"column":null}}],"line":234},"27":{"loc":{"start":{"line":240,"column":84},"end":{"line":240,"column":115}},"type":"binary-expr","locations":[{"start":{"line":240,"column":84},"end":{"line":240,"column":108}},{"start":{"line":240,"column":108},"end":{"line":240,"column":115}}],"line":240},"28":{"loc":{"start":{"line":244,"column":59},"end":{"line":244,"column":89}},"type":"binary-expr","locations":[{"start":{"line":244,"column":59},"end":{"line":244,"column":76}},{"start":{"line":244,"column":76},"end":{"line":244,"column":89}}],"line":244},"29":{"loc":{"start":{"line":248,"column":13},"end":{"line":263,"column":null}},"type":"binary-expr","locations":[{"start":{"line":248,"column":13},"end":{"line":248,"column":null}},{"start":{"line":249,"column":14},"end":{"line":263,"column":null}}],"line":248},"30":{"loc":{"start":{"line":267,"column":9},"end":{"line":272,"column":null}},"type":"binary-expr","locations":[{"start":{"line":267,"column":9},"end":{"line":267,"column":null}},{"start":{"line":268,"column":10},"end":{"line":272,"column":null}}],"line":267},"31":{"loc":{"start":{"line":343,"column":33},"end":{"line":343,"column":null}},"type":"binary-expr","locations":[{"start":{"line":343,"column":33},"end":{"line":343,"column":67}},{"start":{"line":343,"column":67},"end":{"line":343,"column":null}}],"line":343},"32":{"loc":{"start":{"line":345,"column":31},"end":{"line":345,"column":null}},"type":"binary-expr","locations":[{"start":{"line":345,"column":31},"end":{"line":345,"column":63}},{"start":{"line":345,"column":63},"end":{"line":345,"column":null}}],"line":345},"33":{"loc":{"start":{"line":353,"column":11},"end":{"line":418,"column":null}},"type":"binary-expr","locations":[{"start":{"line":353,"column":11},"end":{"line":353,"column":null}},{"start":{"line":354,"column":12},"end":{"line":418,"column":null}}],"line":353},"34":{"loc":{"start":{"line":360,"column":46},"end":{"line":360,"column":87}},"type":"binary-expr","locations":[{"start":{"line":360,"column":46},"end":{"line":360,"column":78}},{"start":{"line":360,"column":78},"end":{"line":360,"column":87}}],"line":360},"35":{"loc":{"start":{"line":380,"column":17},"end":{"line":417,"column":null}},"type":"cond-expr","locations":[{"start":{"line":381,"column":18},"end":{"line":413,"column":19}},{"start":{"line":413,"column":18},"end":{"line":417,"column":null}}],"line":380},"36":{"loc":{"start":{"line":590,"column":25},"end":{"line":590,"column":null}},"type":"cond-expr","locations":[{"start":{"line":590,"column":56},"end":{"line":590,"column":68}},{"start":{"line":590,"column":68},"end":{"line":590,"column":null}}],"line":590},"37":{"loc":{"start":{"line":597,"column":25},"end":{"line":597,"column":null}},"type":"cond-expr","locations":[{"start":{"line":597,"column":56},"end":{"line":597,"column":68}},{"start":{"line":597,"column":68},"end":{"line":597,"column":null}}],"line":597},"38":{"loc":{"start":{"line":612,"column":17},"end":{"line":628,"column":null}},"type":"cond-expr","locations":[{"start":{"line":613,"column":18},"end":{"line":614,"column":35}},{"start":{"line":614,"column":20},"end":{"line":628,"column":null}}],"line":612},"39":{"loc":{"start":{"line":614,"column":20},"end":{"line":628,"column":null}},"type":"cond-expr","locations":[{"start":{"line":615,"column":18},"end":{"line":624,"column":null}},{"start":{"line":626,"column":18},"end":{"line":628,"column":null}}],"line":614},"40":{"loc":{"start":{"line":618,"column":25},"end":{"line":619,"column":32}},"type":"binary-expr","locations":[{"start":{"line":618,"column":25},"end":{"line":618,"column":38}},{"start":{"line":618,"column":38},"end":{"line":619,"column":32}}],"line":618}},"s":{"0":19,"1":19,"2":19,"3":19,"4":19,"5":19,"6":19,"7":19,"8":19,"9":19,"10":19,"11":19,"12":19,"13":19,"14":19,"15":19,"16":19,"17":19,"18":5,"19":5,"20":5,"21":5,"22":0,"23":5,"24":19,"25":4,"26":19,"27":1,"28":0,"29":0,"30":1,"31":1,"32":1,"33":1,"34":1,"35":1,"36":0,"37":19,"38":1,"39":1,"40":1,"41":1,"42":1,"43":1,"44":1,"45":1,"46":0,"47":19,"48":0,"49":0,"50":0,"51":0,"52":0,"53":0,"54":19,"55":4,"56":0,"57":19,"58":0,"59":0,"60":0,"61":0,"62":0,"63":0,"64":0,"65":0,"66":0,"67":0,"68":0,"69":0,"70":0,"71":19,"72":0,"73":0,"74":0,"75":0,"76":0,"77":0,"78":0,"79":0,"80":0,"81":19,"82":0,"83":0,"84":0,"85":0,"86":0,"87":0,"88":0,"89":0,"90":19,"91":2,"92":2,"93":19,"94":4,"95":15,"96":0,"97":1,"98":15,"99":2,"100":2,"101":2,"102":1,"103":0,"104":0,"105":1,"106":0,"107":1,"108":1,"109":0,"110":5,"111":0,"112":0,"113":0,"114":0,"115":0,"116":0,"117":0,"118":0,"119":0,"120":0,"121":0,"122":0,"123":0,"124":1,"125":0,"126":0,"127":0,"128":0,"129":0,"130":0,"131":0,"132":0},"f":{"0":19,"1":5,"2":4,"3":1,"4":1,"5":1,"6":0,"7":4,"8":0,"9":0,"10":0,"11":0,"12":0,"13":0,"14":2,"15":0,"16":1,"17":15,"18":2,"19":2,"20":1,"21":0,"22":0,"23":1,"24":0,"25":1,"26":0,"27":5,"28":0,"29":0,"30":0,"31":0,"32":0,"33":0,"34":0,"35":0,"36":0,"37":0,"38":0,"39":0,"40":1,"41":0,"42":0,"43":0,"44":0,"45":0,"46":0,"47":0,"48":0},"b":{"0":[5,0],"1":[0,0],"2":[0,1],"3":[1,1],"4":[0,0],"5":[1,0],"6":[0,0],"7":[0,0],"8":[0,0],"9":[0,4],"10":[0,0],"11":[0,0],"12":[0,0],"13":[0,0],"14":[0,0],"15":[0,0],"16":[0,0],"17":[0,0],"18":[0,0],"19":[0,0],"20":[0,0],"21":[0,0],"22":[4,15],"23":[19,4],"24":[0,2],"25":[7,8],"26":[15,0],"27":[15,0],"28":[15,0],"29":[15,7],"30":[15,0],"31":[1,0],"32":[1,0],"33":[19,5],"34":[5,0],"35":[5,0],"36":[15,0],"37":[0,15],"38":[0,15],"39":[0,15],"40":[0,0]},"meta":{"lastBranch":41,"lastFunction":49,"lastStatement":133,"seen":{"f:17:24:17:36":0,"s:18:20:18:Infinity":0,"s:19:18:19:Infinity":1,"s:20:19:20:Infinity":2,"s:22:26:22:Infinity":3,"s:23:26:23:Infinity":4,"s:24:23:24:Infinity":5,"s:25:27:25:Infinity":6,"s:27:22:32:Infinity":7,"s:34:19:39:Infinity":8,"s:41:27:41:Infinity":9,"s:42:26:47:Infinity":10,"s:49:24:49:Infinity":11,"s:50:23:55:Infinity":12,"s:57:28:57:Infinity":13,"s:58:26:58:Infinity":14,"s:59:25:59:Infinity":15,"s:60:20:60:Infinity":16,"s:64:24:74:Infinity":17,"f:64:24:64:36":1,"s:65:4:73:Infinity":18,"s:66:6:66:Infinity":19,"s:67:19:67:Infinity":20,"s:68:6:68:Infinity":21,"b:68:19:68:27:68:27:68:29":0,"s:70:6:70:Infinity":22,"b:70:18:70:33:70:33:70:59":1,"s:72:6:72:Infinity":23,"s:76:2:78:Infinity":24,"f:76:2:76:18":2,"s:77:4:77:Infinity":25,"s:80:28:94:Infinity":26,"f:80:28:80:40":3,"b:81:4:84:Infinity:undefined:undefined:undefined:undefined":2,"s:81:4:84:Infinity":27,"b:81:8:81:37:81:37:81:57":3,"s:82:6:82:Infinity":28,"s:83:6:83:Infinity":29,"s:85:4:93:Infinity":30,"s:86:6:86:Infinity":31,"s:87:6:87:Infinity":32,"s:88:6:88:Infinity":33,"s:89:6:89:Infinity":34,"s:90:6:90:Infinity":35,"s:92:6:92:Infinity":36,"b:92:18:92:33:92:33:92:57":4,"s:96:29:112:Infinity":37,"f:96:29:96:41":4,"s:97:4:111:Infinity":38,"s:98:6:103:Infinity":39,"s:104:6:104:Infinity":40,"s:105:6:105:Infinity":41,"s:106:19:106:Infinity":42,"s:107:6:107:Infinity":43,"b:107:19:107:27:107:27:107:29":5,"s:108:6:108:Infinity":44,"f:108:31:108:36":5,"s:108:41:108:69":45,"s:110:6:110:Infinity":46,"b:110:18:110:33:110:33:110:60":6,"s:114:30:124:Infinity":47,"f:114:30:114:42":6,"s:115:4:123:Infinity":48,"s:116:6:116:Infinity":49,"s:117:19:117:Infinity":50,"s:118:6:118:Infinity":51,"b:118:24:118:32:118:32:118:34":7,"s:120:6:120:Infinity":52,"b:120:18:120:33:120:33:120:59":8,"s:122:6:122:Infinity":53,"s:126:2:130:Infinity":54,"f:126:2:126:18":7,"b:127:4:129:Infinity:undefined:undefined:undefined:undefined":9,"s:127:4:129:Infinity":55,"s:128:6:128:Infinity":56,"s:132:25:155:Infinity":57,"f:132:25:132:37":8,"b:133:4:136:Infinity:undefined:undefined:undefined:undefined":10,"s:133:4:136:Infinity":58,"b:133:8:133:30:133:30:133:54":11,"s:134:6:134:Infinity":59,"s:135:6:135:Infinity":60,"s:137:4:154:Infinity":61,"s:138:6:143:Infinity":62,"b:141:40:141:76:141:76:141:77":12,"b:142:43:142:82:142:82:142:83":13,"s:144:6:144:Infinity":63,"s:145:6:145:Infinity":64,"s:146:6:146:Infinity":65,"s:149:19:149:Infinity":66,"s:150:6:150:Infinity":67,"b:150:19:150:27:150:27:150:29":14,"s:151:6:151:Infinity":68,"f:151:31:151:36":9,"s:151:41:151:69":69,"s:153:6:153:Infinity":70,"b:153:18:153:33:153:33:153:59":15,"s:157:26:174:Infinity":71,"f:157:26:157:38":10,"s:158:4:173:Infinity":72,"s:159:6:164:Infinity":73,"b:162:40:162:80:162:80:162:81":16,"b:163:43:163:86:163:86:163:87":17,"s:165:6:165:Infinity":74,"s:166:6:166:Infinity":75,"s:168:19:168:Infinity":76,"s:169:6:169:Infinity":77,"b:169:19:169:27:169:27:169:29":18,"s:170:6:170:Infinity":78,"f:170:31:170:36":11,"s:170:41:170:69":79,"s:172:6:172:Infinity":80,"b:172:18:172:33:172:33:172:62":19,"s:176:28:188:Infinity":81,"f:176:28:176:35":12,"s:177:4:187:Infinity":82,"s:178:6:178:Infinity":83,"s:179:6:179:Infinity":84,"s:182:19:182:Infinity":85,"s:183:6:183:Infinity":86,"b:183:19:183:27:183:27:183:29":20,"s:184:6:184:Infinity":87,"f:184:31:184:36":13,"s:184:41:184:69":88,"s:186:6:186:Infinity":89,"b:186:18:186:33:186:33:186:57":21,"s:190:8:193:Infinity":90,"f:190:8:190:29":14,"s:191:4:191:Infinity":91,"s:192:4:192:Infinity":92,"b:195:2:197:Infinity:undefined:undefined:undefined:undefined":22,"s:195:2:197:Infinity":93,"b:195:6:195:17:195:17:195:41":23,"s:196:4:196:Infinity":94,"s:199:2:638:Infinity":95,"f:206:66:206:81":15,"s:206:81:206:Infinity":96,"f:209:48:209:63":16,"s:209:63:209:Infinity":97,"f:217:19:217:24":17,"s:218:10:265:Infinity":98,"f:220:12:220:27":18,"s:220:27:220:Infinity":99,"b:220:63:220:70:220:70:220:71":24,"b:223:38:223:73:223:73:223:Infinity":25,"b:234:15:234:34:234:34:234:Infinity":26,"b:240:84:240:108:240:108:240:115":27,"b:244:59:244:76:244:76:244:89":28,"b:248:13:248:Infinity:249:14:263:Infinity":29,"f:255:20:255:30":19,"s:256:22:256:Infinity":100,"s:257:22:257:Infinity":101,"b:267:9:267:Infinity:268:10:272:Infinity":30,"f:288:16:288:27":20,"s:288:33:288:Infinity":102,"f:297:16:297:27":21,"s:297:33:297:Infinity":103,"f:306:16:306:27":22,"s:306:33:306:Infinity":104,"f:316:16:316:27":23,"s:316:33:316:Infinity":105,"f:323:38:323:53":24,"s:323:53:323:80":106,"f:340:50:340:65":25,"s:341:16:346:Infinity":107,"b:343:33:343:67:343:67:343:Infinity":31,"b:345:31:345:63:345:63:345:Infinity":32,"s:347:16:347:Infinity":108,"b:353:11:353:Infinity:354:12:418:Infinity":33,"b:360:46:360:78:360:78:360:87":34,"f:375:54:375:69":26,"s:375:69:375:92":109,"b:381:18:413:19:413:18:417:Infinity":35,"f:382:49:382:53":27,"s:383:22:409:Infinity":110,"f:398:64:398:79":28,"s:399:30:399:Infinity":111,"s:400:30:400:Infinity":112,"f:404:68:404:83":29,"s:404:83:404:118":113,"f:421:20:421:35":30,"s:421:35:421:62":114,"f:437:16:437:27":31,"s:437:33:437:Infinity":115,"f:450:16:450:27":32,"s:450:33:450:Infinity":116,"f:460:16:460:27":33,"s:460:33:460:Infinity":117,"f:470:16:470:27":34,"s:470:33:470:Infinity":118,"f:477:38:477:53":35,"s:477:53:477:77":119,"f:496:16:496:27":36,"s:496:33:496:Infinity":120,"f:505:16:505:27":37,"s:505:33:505:Infinity":121,"f:514:16:514:27":38,"s:514:33:514:Infinity":122,"f:520:38:520:53":39,"s:520:53:520:78":123,"f:537:16:537:27":40,"s:537:33:537:Infinity":124,"f:546:16:546:27":41,"s:546:33:546:Infinity":125,"f:555:16:555:27":42,"s:555:33:555:Infinity":126,"f:565:16:565:27":43,"s:565:33:565:Infinity":127,"f:572:38:572:53":44,"s:572:53:572:81":128,"b:590:56:590:68:590:68:590:Infinity":36,"f:591:16:591:31":45,"s:591:31:591:Infinity":129,"b:597:56:597:68:597:68:597:Infinity":37,"f:598:16:598:31":46,"s:598:31:598:Infinity":130,"b:613:18:614:35:614:20:628:Infinity":38,"b:615:18:624:Infinity:626:18:628:Infinity":39,"f:615:33:615:38":47,"s:616:20:623:Infinity":131,"b:618:25:618:38:618:38:619:32":40,"f:634:20:634:35":48,"s:634:35:634:64":132},"fnNames":{}}}
}
